12 Aug 2016, 16:55:36.700 [   INFO] [   FXGL.SystemLogger] [           main] System Logger is initialized
12 Aug 2016, 16:55:36.708 [  FINER] [   FXGL.SystemLogger] [           main] Logging System Info
12 Aug 2016, 16:55:36.708 [  FINER] [   FXGL.SystemLogger] [           main] CPU cores: 4
12 Aug 2016, 16:55:36.710 [  FINER] [   FXGL.SystemLogger] [           main] Free Memory: 13MB
12 Aug 2016, 16:55:36.711 [  FINER] [   FXGL.SystemLogger] [           main] Max Memory: 248MB
12 Aug 2016, 16:55:36.711 [  FINER] [   FXGL.SystemLogger] [           main] Total Memory: 16MB
12 Aug 2016, 16:55:36.712 [  FINER] [   FXGL.SystemLogger] [           main] System Properties:
12 Aug 2016, 16:55:36.714 [  FINER] [   FXGL.SystemLogger] [           main] sun.cpu.isalist=pentium_pro+mmx pentium_pro pentium+mmx pentium i486 i386 i86
12 Aug 2016, 16:55:36.715 [  FINER] [   FXGL.SystemLogger] [           main] sun.desktop=windows
12 Aug 2016, 16:55:36.715 [  FINER] [   FXGL.SystemLogger] [           main] sun.io.unicode.encoding=UnicodeLittle
12 Aug 2016, 16:55:36.716 [  FINER] [   FXGL.SystemLogger] [           main] sun.cpu.endian=little
12 Aug 2016, 16:55:36.716 [  FINER] [   FXGL.SystemLogger] [           main] java.vendor.url.bug=http://bugreport.sun.com/bugreport/
12 Aug 2016, 16:55:36.717 [  FINER] [   FXGL.SystemLogger] [           main] file.separator=\
12 Aug 2016, 16:55:36.717 [  FINER] [   FXGL.SystemLogger] [           main] java.vendor=Oracle Corporation
12 Aug 2016, 16:55:36.718 [  FINER] [   FXGL.SystemLogger] [           main] sun.boot.class.path=C:\Program Files (x86)\Java\jdk1.8.0_60\jre\lib\resources.jar;C:\Program Files (x86)\Java\jdk1.8.0_60\jre\lib\rt.jar;C:\Program Files (x86)\Java\jdk1.8.0_60\jre\lib\sunrsasign.jar;C:\Program Files (x86)\Java\jdk1.8.0_60\jre\lib\jsse.jar;C:\Program Files (x86)\Java\jdk1.8.0_60\jre\lib\jce.jar;C:\Program Files (x86)\Java\jdk1.8.0_60\jre\lib\charsets.jar;C:\Program Files (x86)\Java\jdk1.8.0_60\jre\lib\jfr.jar;C:\Program Files (x86)\Java\jdk1.8.0_60\jre\classes
12 Aug 2016, 16:55:36.718 [  FINER] [   FXGL.SystemLogger] [           main] java.ext.dirs=C:\Program Files (x86)\Java\jdk1.8.0_60\jre\lib\ext;C:\WINDOWS\Sun\Java\lib\ext
12 Aug 2016, 16:55:36.719 [  FINER] [   FXGL.SystemLogger] [           main] java.version=1.8.0_60
12 Aug 2016, 16:55:36.719 [  FINER] [   FXGL.SystemLogger] [           main] java.vm.info=mixed mode
12 Aug 2016, 16:55:36.720 [  FINER] [   FXGL.SystemLogger] [           main] awt.toolkit=sun.awt.windows.WToolkit
12 Aug 2016, 16:55:36.720 [  FINER] [   FXGL.SystemLogger] [           main] user.language=en
12 Aug 2016, 16:55:36.721 [  FINER] [   FXGL.SystemLogger] [           main] java.specification.vendor=Oracle Corporation
12 Aug 2016, 16:55:36.721 [  FINER] [   FXGL.SystemLogger] [           main] sun.java.command=com.intellij.rt.execution.application.AppMain Breakout
12 Aug 2016, 16:55:36.722 [  FINER] [   FXGL.SystemLogger] [           main] java.home=C:\Program Files (x86)\Java\jdk1.8.0_60\jre
12 Aug 2016, 16:55:36.722 [  FINER] [   FXGL.SystemLogger] [           main] sun.arch.data.model=32
12 Aug 2016, 16:55:36.723 [  FINER] [   FXGL.SystemLogger] [           main] java.vm.specification.version=1.8
12 Aug 2016, 16:55:36.723 [  FINER] [   FXGL.SystemLogger] [           main] java.class.path=C:\Program Files (x86)\Java\jdk1.8.0_60\jre\lib\charsets.jar;C:\Program Files (x86)\Java\jdk1.8.0_60\jre\lib\deploy.jar;C:\Program Files (x86)\Java\jdk1.8.0_60\jre\lib\ext\access-bridge-32.jar;C:\Program Files (x86)\Java\jdk1.8.0_60\jre\lib\ext\cldrdata.jar;C:\Program Files (x86)\Java\jdk1.8.0_60\jre\lib\ext\dnsns.jar;C:\Program Files (x86)\Java\jdk1.8.0_60\jre\lib\ext\jaccess.jar;C:\Program Files (x86)\Java\jdk1.8.0_60\jre\lib\ext\jfxrt.jar;C:\Program Files (x86)\Java\jdk1.8.0_60\jre\lib\ext\localedata.jar;C:\Program Files (x86)\Java\jdk1.8.0_60\jre\lib\ext\nashorn.jar;C:\Program Files (x86)\Java\jdk1.8.0_60\jre\lib\ext\sunec.jar;C:\Program Files (x86)\Java\jdk1.8.0_60\jre\lib\ext\sunjce_provider.jar;C:\Program Files (x86)\Java\jdk1.8.0_60\jre\lib\ext\sunmscapi.jar;C:\Program Files (x86)\Java\jdk1.8.0_60\jre\lib\ext\sunpkcs11.jar;C:\Program Files (x86)\Java\jdk1.8.0_60\jre\lib\ext\zipfs.jar;C:\Program Files (x86)\Java\jdk1.8.0_60\jre\lib\javaws.jar;C:\Program Files (x86)\Java\jdk1.8.0_60\jre\lib\jce.jar;C:\Program Files (x86)\Java\jdk1.8.0_60\jre\lib\jfr.jar;C:\Program Files (x86)\Java\jdk1.8.0_60\jre\lib\jfxswt.jar;C:\Program Files (x86)\Java\jdk1.8.0_60\jre\lib\jsse.jar;C:\Program Files (x86)\Java\jdk1.8.0_60\jre\lib\management-agent.jar;C:\Program Files (x86)\Java\jdk1.8.0_60\jre\lib\plugin.jar;C:\Program Files (x86)\Java\jdk1.8.0_60\jre\lib\resources.jar;C:\Program Files (x86)\Java\jdk1.8.0_60\jre\lib\rt.jar;H:\My Documents\Game Design\Projects\Breakout\out\production\Breakout;H:\My Documents\Game Design\Projects\Breakout\lib\FXGL-0.2.5-uber.jar;C:\Program Files (x86)\JetBrains\IntelliJ IDEA Community Edition 15.0.3\lib\idea_rt.jar
12 Aug 2016, 16:55:36.724 [  FINER] [   FXGL.SystemLogger] [           main] user.name=1250493
12 Aug 2016, 16:55:36.724 [  FINER] [   FXGL.SystemLogger] [           main] file.encoding=UTF-8
12 Aug 2016, 16:55:36.725 [  FINER] [   FXGL.SystemLogger] [           main] idea.launcher.bin.path=C:\Program Files (x86)\JetBrains\IntelliJ IDEA Community Edition 15.0.3\bin
12 Aug 2016, 16:55:36.725 [  FINER] [   FXGL.SystemLogger] [           main] java.specification.version=1.8
12 Aug 2016, 16:55:36.725 [  FINER] [   FXGL.SystemLogger] [           main] java.awt.printerjob=sun.awt.windows.WPrinterJob
12 Aug 2016, 16:55:36.726 [  FINER] [   FXGL.SystemLogger] [           main] user.timezone=America/New_York
12 Aug 2016, 16:55:36.727 [  FINER] [   FXGL.SystemLogger] [           main] user.home=C:\Users\1250493
12 Aug 2016, 16:55:36.727 [  FINER] [   FXGL.SystemLogger] [           main] os.version=6.1
12 Aug 2016, 16:55:36.727 [  FINER] [   FXGL.SystemLogger] [           main] sun.management.compiler=HotSpot Client Compiler
12 Aug 2016, 16:55:36.728 [  FINER] [   FXGL.SystemLogger] [           main] java.specification.name=Java Platform API Specification
12 Aug 2016, 16:55:36.728 [  FINER] [   FXGL.SystemLogger] [           main] java.class.version=52.0
12 Aug 2016, 16:55:36.729 [  FINER] [   FXGL.SystemLogger] [           main] java.library.path=C:\Program Files (x86)\Java\jdk1.8.0_60\bin;C:\WINDOWS\Sun\Java\bin;C:\WINDOWS\system32;C:\WINDOWS;C:\WINDOWS\System32;C:\Program Files (x86)\Java\jdk1.8.0_60\bin;C:\Program Files (x86)\Common Files\Netop\;C:\Program Files (x86)\Netop\Vision\XL\;;C:\Program Files (x86)\Java\jdk1.8.0_60\bin;C:\Program Files (x86)\Common Files\Netop\;C:\Program Files (x86)\Netop\Vision\XL\;;C:\Program Files (x86)\Java\jdk1.8.0_60\bin;C:\Program Files (x86)\Common Files\Netop\;C:\Program Files (x86)\Netop\Vision\XL\;;.
12 Aug 2016, 16:55:36.729 [  FINER] [   FXGL.SystemLogger] [           main] sun.jnu.encoding=Cp1252
12 Aug 2016, 16:55:36.730 [  FINER] [   FXGL.SystemLogger] [           main] os.name=Windows 7
12 Aug 2016, 16:55:36.730 [  FINER] [   FXGL.SystemLogger] [           main] user.variant=
12 Aug 2016, 16:55:36.731 [  FINER] [   FXGL.SystemLogger] [           main] java.vm.specification.vendor=Oracle Corporation
12 Aug 2016, 16:55:36.731 [  FINER] [   FXGL.SystemLogger] [           main] java.io.tmpdir=C:\Users\1250493\AppData\Local\Temp\
12 Aug 2016, 16:55:36.732 [  FINER] [   FXGL.SystemLogger] [           main] line.separator=

12 Aug 2016, 16:55:36.732 [  FINER] [   FXGL.SystemLogger] [           main] java.endorsed.dirs=C:\Program Files (x86)\Java\jdk1.8.0_60\jre\lib\endorsed
12 Aug 2016, 16:55:36.733 [  FINER] [   FXGL.SystemLogger] [           main] os.arch=x86
12 Aug 2016, 16:55:36.733 [  FINER] [   FXGL.SystemLogger] [           main] java.awt.graphicsenv=sun.awt.Win32GraphicsEnvironment
12 Aug 2016, 16:55:36.734 [  FINER] [   FXGL.SystemLogger] [           main] java.runtime.version=1.8.0_60-b27
12 Aug 2016, 16:55:36.734 [  FINER] [   FXGL.SystemLogger] [           main] java.vm.specification.name=Java Virtual Machine Specification
12 Aug 2016, 16:55:36.734 [  FINER] [   FXGL.SystemLogger] [           main] user.dir=H:\My Documents\Game Design\Projects\Breakout
12 Aug 2016, 16:55:36.735 [  FINER] [   FXGL.SystemLogger] [           main] user.country=US
12 Aug 2016, 16:55:36.736 [  FINER] [   FXGL.SystemLogger] [           main] user.script=
12 Aug 2016, 16:55:36.736 [  FINER] [   FXGL.SystemLogger] [           main] sun.java.launcher=SUN_STANDARD
12 Aug 2016, 16:55:36.736 [  FINER] [   FXGL.SystemLogger] [           main] sun.os.patch.level=Service Pack 1
12 Aug 2016, 16:55:36.737 [  FINER] [   FXGL.SystemLogger] [           main] idea.launcher.port=7536
12 Aug 2016, 16:55:36.737 [  FINER] [   FXGL.SystemLogger] [           main] java.vm.name=Java HotSpot(TM) Client VM
12 Aug 2016, 16:55:36.738 [  FINER] [   FXGL.SystemLogger] [           main] file.encoding.pkg=sun.io
12 Aug 2016, 16:55:36.738 [  FINER] [   FXGL.SystemLogger] [           main] path.separator=;
12 Aug 2016, 16:55:36.739 [  FINER] [   FXGL.SystemLogger] [           main] java.vm.vendor=Oracle Corporation
12 Aug 2016, 16:55:36.739 [  FINER] [   FXGL.SystemLogger] [           main] java.vendor.url=http://java.oracle.com/
12 Aug 2016, 16:55:36.740 [  FINER] [   FXGL.SystemLogger] [           main] sun.boot.library.path=C:\Program Files (x86)\Java\jdk1.8.0_60\jre\bin
12 Aug 2016, 16:55:36.740 [  FINER] [   FXGL.SystemLogger] [           main] java.vm.version=25.60-b23
12 Aug 2016, 16:55:36.741 [  FINER] [   FXGL.SystemLogger] [           main] java.runtime.name=Java(TM) SE Runtime Environment
12 Aug 2016, 16:55:36.747 [   INFO] [   FXGL.SystemLogger] [           main] FXGL-0.2.5
12 Aug 2016, 16:55:36.748 [   INFO] [   FXGL.SystemLogger] [           main] JavaFX-1.8.0_92-b14
12 Aug 2016, 16:55:36.748 [   INFO] [   FXGL.SystemLogger] [           main] JBox2D-2.3.0-fxgl
12 Aug 2016, 16:55:36.749 [   INFO] [   FXGL.SystemLogger] [           main] Kotlin-1.0.3
12 Aug 2016, 16:55:36.750 [   INFO] [   FXGL.SystemLogger] [           main] Source code and latest versions at: https://github.com/AlmasB/FXGL
12 Aug 2016, 16:55:36.750 [   INFO] [   FXGL.SystemLogger] [           main]              Join the FXGL chat at: https://gitter.im/AlmasB/FXGL
12 Aug 2016, 16:55:36.848 [  FINER] [   FXGL.SystemLogger] [JavaFX Application Thread] Starting JavaFX
12 Aug 2016, 16:55:36.856 [  FINER] [   FXGL.SystemLogger] [JavaFX-Launcher] Initializing FXGL
12 Aug 2016, 16:55:36.872 [  FINER] [   FXGL.SystemLogger] [JavaFX Application Thread] Starting FXGL
12 Aug 2016, 16:55:36.873 [  FINER] [   FXGL.SystemLogger] [JavaFX Application Thread] Initializing system properties
12 Aug 2016, 16:55:36.939 [  FINER] [   FXGL.SystemLogger] [JavaFX Application Thread] sound.notification = system/notification.wav
12 Aug 2016, 16:55:36.939 [  FINER] [   FXGL.SystemLogger] [JavaFX Application Thread] asset.cache.size = 35
12 Aug 2016, 16:55:36.940 [  FINER] [   FXGL.SystemLogger] [JavaFX Application Thread] fs.profiledir = profiles/
12 Aug 2016, 16:55:36.940 [  FINER] [   FXGL.SystemLogger] [JavaFX Application Thread] url.pom = https://raw.githubusercontent.com/AlmasB/FXGL/master/pom.xml
12 Aug 2016, 16:55:36.941 [  FINER] [   FXGL.SystemLogger] [JavaFX Application Thread] fs.datafile.ext = .dat
12 Aug 2016, 16:55:36.941 [  FINER] [   FXGL.SystemLogger] [JavaFX Application Thread] sound.menu.back = menu/back.wav
12 Aug 2016, 16:55:36.942 [  FINER] [   FXGL.SystemLogger] [JavaFX Application Thread] sound.menu.select = menu/select.wav
12 Aug 2016, 16:55:36.942 [  FINER] [   FXGL.SystemLogger] [JavaFX Application Thread] url.github = https://github.com/AlmasB/FXGL
12 Aug 2016, 16:55:36.943 [  FINER] [   FXGL.SystemLogger] [JavaFX Application Thread] physics.ppm = 50
12 Aug 2016, 16:55:36.943 [  FINER] [   FXGL.SystemLogger] [JavaFX Application Thread] ui.css = fxgl.css
12 Aug 2016, 16:55:36.944 [  FINER] [   FXGL.SystemLogger] [JavaFX Application Thread] version.check.days = 7
12 Aug 2016, 16:55:36.944 [  FINER] [   FXGL.SystemLogger] [JavaFX Application Thread] fs.savefile.ext = .sav
12 Aug 2016, 16:55:36.945 [  FINER] [   FXGL.SystemLogger] [JavaFX Application Thread] ui.font = Copperplate_Gothic_Light_Regular.ttf
12 Aug 2016, 16:55:36.946 [  FINER] [   FXGL.SystemLogger] [JavaFX Application Thread] fs.savedir = saves/
12 Aug 2016, 16:55:36.946 [  FINER] [   FXGL.SystemLogger] [JavaFX Application Thread] fs.profilename = user.profile
12 Aug 2016, 16:55:36.947 [  FINER] [   FXGL.SystemLogger] [JavaFX Application Thread] ui.icon.name = fxgl_icon.png
12 Aug 2016, 16:55:36.947 [  FINER] [   FXGL.SystemLogger] [JavaFX Application Thread] sound.menu.press = menu/press.wav
12 Aug 2016, 16:55:36.948 [  FINER] [   FXGL.SystemLogger] [JavaFX Application Thread] Initializing user properties
12 Aug 2016, 16:55:36.949 [   INFO] [   FXGL.SystemLogger] [JavaFX Application Thread] User properties not found. Using system
12 Aug 2016, 16:55:36.949 [  FINER] [   FXGL.SystemLogger] [JavaFX Application Thread] Initializing app settings
12 Aug 2016, 16:55:38.373 [  FINER] [   FXGL.SystemLogger] [JavaFX Application Thread] FXGL configuration complete
12 Aug 2016, 16:55:38.374 [   INFO] [   FXGL.SystemLogger] [JavaFX Application Thread] FXGL configuration took: 1.500553211 sec
12 Aug 2016, 16:55:38.792 [  FINER] [   FXGL.SystemLogger] [JavaFX Application Thread] Pausing main loop
12 Aug 2016, 16:55:38.796 [  FINER] [   FXGL.SystemLogger] [JavaFX Application Thread] Resetting FXGL application
12 Aug 2016, 16:55:40.403 [  FINER] [   FXGL.SystemLogger] [JavaFX Application Thread] Resuming main loop
12 Aug 2016, 16:56:52.264 [  FINER] [   FXGL.SystemLogger] [JavaFX Application Thread] Pausing main loop
12 Aug 2016, 16:56:53.575 [  FINER] [   FXGL.SystemLogger] [JavaFX Application Thread] Resuming main loop
12 Aug 2016, 16:56:53.579 [  FINER] [   FXGL.SystemLogger] [JavaFX Application Thread] Exiting Normally
12 Aug 2016, 16:56:53.581 [   INFO] [   FXGL.SystemLogger] [JavaFX Application Thread] Processed Frames: 4302
12 Aug 2016, 16:56:53.581 [   INFO] [   FXGL.SystemLogger] [JavaFX Application Thread] Average FPS: 61.2556950255695
12 Aug 2016, 16:56:53.582 [   INFO] [   FXGL.SystemLogger] [JavaFX Application Thread] Average Performance: 9317.425383542539
12 Aug 2016, 16:56:53.582 [   INFO] [   FXGL.SystemLogger] [JavaFX Application Thread] Average Memory Usage: 13.160150527954102 MB
12 Aug 2016, 16:56:53.583 [   INFO] [   FXGL.SystemLogger] [JavaFX Application Thread] Min Memory Usage: 10.888664245605469 MB
12 Aug 2016, 16:56:53.584 [   INFO] [   FXGL.SystemLogger] [JavaFX Application Thread] Max Memory Usage: 15.400314331054688 MB
12 Aug 2016, 16:56:53.584 [   INFO] [   FXGL.SystemLogger] [JavaFX Application Thread] Estimated GC runs: 11
12 Aug 2016, 16:56:53.608 [  FINER] [   FXGL.SystemLogger] [JavaFX Application Thread] Exiting FXGL
12 Aug 2016, 16:56:53.609 [  FINER] [   FXGL.SystemLogger] [JavaFX Application Thread] Logger is closing
