15 Aug 2016, 11:04:14.059 [   INFO] [   FXGL.SystemLogger] [           main] System Logger is initialized
15 Aug 2016, 11:04:14.066 [  FINER] [   FXGL.SystemLogger] [           main] Logging System Info
15 Aug 2016, 11:04:14.067 [  FINER] [   FXGL.SystemLogger] [           main] CPU cores: 4
15 Aug 2016, 11:04:14.068 [  FINER] [   FXGL.SystemLogger] [           main] Free Memory: 13MB
15 Aug 2016, 11:04:14.069 [  FINER] [   FXGL.SystemLogger] [           main] Max Memory: 248MB
15 Aug 2016, 11:04:14.070 [  FINER] [   FXGL.SystemLogger] [           main] Total Memory: 16MB
15 Aug 2016, 11:04:14.070 [  FINER] [   FXGL.SystemLogger] [           main] System Properties:
15 Aug 2016, 11:04:14.072 [  FINER] [   FXGL.SystemLogger] [           main] sun.cpu.isalist=pentium_pro+mmx pentium_pro pentium+mmx pentium i486 i386 i86
15 Aug 2016, 11:04:14.073 [  FINER] [   FXGL.SystemLogger] [           main] sun.desktop=windows
15 Aug 2016, 11:04:14.073 [  FINER] [   FXGL.SystemLogger] [           main] sun.io.unicode.encoding=UnicodeLittle
15 Aug 2016, 11:04:14.074 [  FINER] [   FXGL.SystemLogger] [           main] sun.cpu.endian=little
15 Aug 2016, 11:04:14.074 [  FINER] [   FXGL.SystemLogger] [           main] java.vendor.url.bug=http://bugreport.sun.com/bugreport/
15 Aug 2016, 11:04:14.075 [  FINER] [   FXGL.SystemLogger] [           main] file.separator=\
15 Aug 2016, 11:04:14.075 [  FINER] [   FXGL.SystemLogger] [           main] java.vendor=Oracle Corporation
15 Aug 2016, 11:04:14.076 [  FINER] [   FXGL.SystemLogger] [           main] sun.boot.class.path=C:\Program Files (x86)\Java\jdk1.8.0_60\jre\lib\resources.jar;C:\Program Files (x86)\Java\jdk1.8.0_60\jre\lib\rt.jar;C:\Program Files (x86)\Java\jdk1.8.0_60\jre\lib\sunrsasign.jar;C:\Program Files (x86)\Java\jdk1.8.0_60\jre\lib\jsse.jar;C:\Program Files (x86)\Java\jdk1.8.0_60\jre\lib\jce.jar;C:\Program Files (x86)\Java\jdk1.8.0_60\jre\lib\charsets.jar;C:\Program Files (x86)\Java\jdk1.8.0_60\jre\lib\jfr.jar;C:\Program Files (x86)\Java\jdk1.8.0_60\jre\classes
15 Aug 2016, 11:04:14.076 [  FINER] [   FXGL.SystemLogger] [           main] java.ext.dirs=C:\Program Files (x86)\Java\jdk1.8.0_60\jre\lib\ext;C:\WINDOWS\Sun\Java\lib\ext
15 Aug 2016, 11:04:14.077 [  FINER] [   FXGL.SystemLogger] [           main] java.version=1.8.0_60
15 Aug 2016, 11:04:14.077 [  FINER] [   FXGL.SystemLogger] [           main] java.vm.info=mixed mode, sharing
15 Aug 2016, 11:04:14.078 [  FINER] [   FXGL.SystemLogger] [           main] awt.toolkit=sun.awt.windows.WToolkit
15 Aug 2016, 11:04:14.078 [  FINER] [   FXGL.SystemLogger] [           main] user.language=en
15 Aug 2016, 11:04:14.079 [  FINER] [   FXGL.SystemLogger] [           main] java.specification.vendor=Oracle Corporation
15 Aug 2016, 11:04:14.079 [  FINER] [   FXGL.SystemLogger] [           main] sun.java.command=com.intellij.rt.execution.application.AppMain Breakout
15 Aug 2016, 11:04:14.080 [  FINER] [   FXGL.SystemLogger] [           main] java.home=C:\Program Files (x86)\Java\jdk1.8.0_60\jre
15 Aug 2016, 11:04:14.080 [  FINER] [   FXGL.SystemLogger] [           main] sun.arch.data.model=32
15 Aug 2016, 11:04:14.081 [  FINER] [   FXGL.SystemLogger] [           main] java.vm.specification.version=1.8
15 Aug 2016, 11:04:14.081 [  FINER] [   FXGL.SystemLogger] [           main] java.class.path=C:\Program Files (x86)\Java\jdk1.8.0_60\jre\lib\charsets.jar;C:\Program Files (x86)\Java\jdk1.8.0_60\jre\lib\deploy.jar;C:\Program Files (x86)\Java\jdk1.8.0_60\jre\lib\ext\access-bridge-32.jar;C:\Program Files (x86)\Java\jdk1.8.0_60\jre\lib\ext\cldrdata.jar;C:\Program Files (x86)\Java\jdk1.8.0_60\jre\lib\ext\dnsns.jar;C:\Program Files (x86)\Java\jdk1.8.0_60\jre\lib\ext\jaccess.jar;C:\Program Files (x86)\Java\jdk1.8.0_60\jre\lib\ext\jfxrt.jar;C:\Program Files (x86)\Java\jdk1.8.0_60\jre\lib\ext\localedata.jar;C:\Program Files (x86)\Java\jdk1.8.0_60\jre\lib\ext\nashorn.jar;C:\Program Files (x86)\Java\jdk1.8.0_60\jre\lib\ext\sunec.jar;C:\Program Files (x86)\Java\jdk1.8.0_60\jre\lib\ext\sunjce_provider.jar;C:\Program Files (x86)\Java\jdk1.8.0_60\jre\lib\ext\sunmscapi.jar;C:\Program Files (x86)\Java\jdk1.8.0_60\jre\lib\ext\sunpkcs11.jar;C:\Program Files (x86)\Java\jdk1.8.0_60\jre\lib\ext\zipfs.jar;C:\Program Files (x86)\Java\jdk1.8.0_60\jre\lib\javaws.jar;C:\Program Files (x86)\Java\jdk1.8.0_60\jre\lib\jce.jar;C:\Program Files (x86)\Java\jdk1.8.0_60\jre\lib\jfr.jar;C:\Program Files (x86)\Java\jdk1.8.0_60\jre\lib\jfxswt.jar;C:\Program Files (x86)\Java\jdk1.8.0_60\jre\lib\jsse.jar;C:\Program Files (x86)\Java\jdk1.8.0_60\jre\lib\management-agent.jar;C:\Program Files (x86)\Java\jdk1.8.0_60\jre\lib\plugin.jar;C:\Program Files (x86)\Java\jdk1.8.0_60\jre\lib\resources.jar;C:\Program Files (x86)\Java\jdk1.8.0_60\jre\lib\rt.jar;H:\My Documents\Game Design\Projects\Breakout\out\production\Breakout;H:\My Documents\Game Design\Projects\Breakout\lib\FXGL-0.2.5-uber.jar;C:\Program Files (x86)\JetBrains\IntelliJ IDEA Community Edition 15.0.3\lib\idea_rt.jar
15 Aug 2016, 11:04:14.082 [  FINER] [   FXGL.SystemLogger] [           main] user.name=1250493
15 Aug 2016, 11:04:14.083 [  FINER] [   FXGL.SystemLogger] [           main] file.encoding=UTF-8
15 Aug 2016, 11:04:14.083 [  FINER] [   FXGL.SystemLogger] [           main] idea.launcher.bin.path=C:\Program Files (x86)\JetBrains\IntelliJ IDEA Community Edition 15.0.3\bin
15 Aug 2016, 11:04:14.084 [  FINER] [   FXGL.SystemLogger] [           main] java.specification.version=1.8
15 Aug 2016, 11:04:14.084 [  FINER] [   FXGL.SystemLogger] [           main] java.awt.printerjob=sun.awt.windows.WPrinterJob
15 Aug 2016, 11:04:14.085 [  FINER] [   FXGL.SystemLogger] [           main] user.timezone=America/New_York
15 Aug 2016, 11:04:14.085 [  FINER] [   FXGL.SystemLogger] [           main] user.home=C:\Users\1250493
15 Aug 2016, 11:04:14.086 [  FINER] [   FXGL.SystemLogger] [           main] os.version=6.1
15 Aug 2016, 11:04:14.086 [  FINER] [   FXGL.SystemLogger] [           main] sun.management.compiler=HotSpot Client Compiler
15 Aug 2016, 11:04:14.086 [  FINER] [   FXGL.SystemLogger] [           main] java.specification.name=Java Platform API Specification
15 Aug 2016, 11:04:14.087 [  FINER] [   FXGL.SystemLogger] [           main] java.class.version=52.0
15 Aug 2016, 11:04:14.087 [  FINER] [   FXGL.SystemLogger] [           main] java.library.path=C:\Program Files (x86)\Java\jdk1.8.0_60\bin;C:\WINDOWS\Sun\Java\bin;C:\WINDOWS\system32;C:\WINDOWS;C:\WINDOWS\System32;C:\Program Files (x86)\Java\jdk1.8.0_60\bin;C:\Program Files (x86)\Common Files\Netop\;C:\Program Files (x86)\Netop\Vision\XL\;;C:\Program Files (x86)\Java\jdk1.8.0_60\bin;C:\Program Files (x86)\Common Files\Netop\;C:\Program Files (x86)\Netop\Vision\XL\;;C:\Program Files (x86)\Java\jdk1.8.0_60\bin;C:\Program Files (x86)\Common Files\Netop\;C:\Program Files (x86)\Netop\Vision\XL\;;.
15 Aug 2016, 11:04:14.088 [  FINER] [   FXGL.SystemLogger] [           main] sun.jnu.encoding=Cp1252
15 Aug 2016, 11:04:14.088 [  FINER] [   FXGL.SystemLogger] [           main] os.name=Windows 7
15 Aug 2016, 11:04:14.089 [  FINER] [   FXGL.SystemLogger] [           main] user.variant=
15 Aug 2016, 11:04:14.089 [  FINER] [   FXGL.SystemLogger] [           main] java.vm.specification.vendor=Oracle Corporation
15 Aug 2016, 11:04:14.090 [  FINER] [   FXGL.SystemLogger] [           main] java.io.tmpdir=C:\Users\1250493\AppData\Local\Temp\
15 Aug 2016, 11:04:14.090 [  FINER] [   FXGL.SystemLogger] [           main] line.separator=

15 Aug 2016, 11:04:14.091 [  FINER] [   FXGL.SystemLogger] [           main] java.endorsed.dirs=C:\Program Files (x86)\Java\jdk1.8.0_60\jre\lib\endorsed
15 Aug 2016, 11:04:14.091 [  FINER] [   FXGL.SystemLogger] [           main] os.arch=x86
15 Aug 2016, 11:04:14.092 [  FINER] [   FXGL.SystemLogger] [           main] java.awt.graphicsenv=sun.awt.Win32GraphicsEnvironment
15 Aug 2016, 11:04:14.092 [  FINER] [   FXGL.SystemLogger] [           main] java.runtime.version=1.8.0_60-b27
15 Aug 2016, 11:04:14.093 [  FINER] [   FXGL.SystemLogger] [           main] java.vm.specification.name=Java Virtual Machine Specification
15 Aug 2016, 11:04:14.093 [  FINER] [   FXGL.SystemLogger] [           main] user.dir=H:\My Documents\Game Design\Projects\Breakout
15 Aug 2016, 11:04:14.094 [  FINER] [   FXGL.SystemLogger] [           main] user.country=US
15 Aug 2016, 11:04:14.094 [  FINER] [   FXGL.SystemLogger] [           main] user.script=
15 Aug 2016, 11:04:14.095 [  FINER] [   FXGL.SystemLogger] [           main] sun.java.launcher=SUN_STANDARD
15 Aug 2016, 11:04:14.095 [  FINER] [   FXGL.SystemLogger] [           main] sun.os.patch.level=Service Pack 1
15 Aug 2016, 11:04:14.096 [  FINER] [   FXGL.SystemLogger] [           main] idea.launcher.port=7534
15 Aug 2016, 11:04:14.096 [  FINER] [   FXGL.SystemLogger] [           main] java.vm.name=Java HotSpot(TM) Client VM
15 Aug 2016, 11:04:14.097 [  FINER] [   FXGL.SystemLogger] [           main] file.encoding.pkg=sun.io
15 Aug 2016, 11:04:14.097 [  FINER] [   FXGL.SystemLogger] [           main] path.separator=;
15 Aug 2016, 11:04:14.098 [  FINER] [   FXGL.SystemLogger] [           main] java.vm.vendor=Oracle Corporation
15 Aug 2016, 11:04:14.098 [  FINER] [   FXGL.SystemLogger] [           main] java.vendor.url=http://java.oracle.com/
15 Aug 2016, 11:04:14.098 [  FINER] [   FXGL.SystemLogger] [           main] sun.boot.library.path=C:\Program Files (x86)\Java\jdk1.8.0_60\jre\bin
15 Aug 2016, 11:04:14.099 [  FINER] [   FXGL.SystemLogger] [           main] java.vm.version=25.60-b23
15 Aug 2016, 11:04:14.099 [  FINER] [   FXGL.SystemLogger] [           main] java.runtime.name=Java(TM) SE Runtime Environment
15 Aug 2016, 11:04:14.105 [   INFO] [   FXGL.SystemLogger] [           main] FXGL-0.2.5
15 Aug 2016, 11:04:14.106 [   INFO] [   FXGL.SystemLogger] [           main] JavaFX-1.8.0_92-b14
15 Aug 2016, 11:04:14.107 [   INFO] [   FXGL.SystemLogger] [           main] JBox2D-2.3.0-fxgl
15 Aug 2016, 11:04:14.107 [   INFO] [   FXGL.SystemLogger] [           main] Kotlin-1.0.3
15 Aug 2016, 11:04:14.108 [   INFO] [   FXGL.SystemLogger] [           main] Source code and latest versions at: https://github.com/AlmasB/FXGL
15 Aug 2016, 11:04:14.108 [   INFO] [   FXGL.SystemLogger] [           main]              Join the FXGL chat at: https://gitter.im/AlmasB/FXGL
15 Aug 2016, 11:04:14.204 [  FINER] [   FXGL.SystemLogger] [JavaFX Application Thread] Starting JavaFX
15 Aug 2016, 11:04:14.211 [  FINER] [   FXGL.SystemLogger] [JavaFX-Launcher] Initializing FXGL
15 Aug 2016, 11:04:14.227 [  FINER] [   FXGL.SystemLogger] [JavaFX Application Thread] Starting FXGL
15 Aug 2016, 11:04:14.228 [  FINER] [   FXGL.SystemLogger] [JavaFX Application Thread] Initializing system properties
15 Aug 2016, 11:04:14.310 [  FINER] [   FXGL.SystemLogger] [JavaFX Application Thread] sound.notification = system/notification.wav
15 Aug 2016, 11:04:14.310 [  FINER] [   FXGL.SystemLogger] [JavaFX Application Thread] asset.cache.size = 35
15 Aug 2016, 11:04:14.311 [  FINER] [   FXGL.SystemLogger] [JavaFX Application Thread] fs.profiledir = profiles/
15 Aug 2016, 11:04:14.311 [  FINER] [   FXGL.SystemLogger] [JavaFX Application Thread] url.pom = https://raw.githubusercontent.com/AlmasB/FXGL/master/pom.xml
15 Aug 2016, 11:04:14.312 [  FINER] [   FXGL.SystemLogger] [JavaFX Application Thread] fs.datafile.ext = .dat
15 Aug 2016, 11:04:14.312 [  FINER] [   FXGL.SystemLogger] [JavaFX Application Thread] sound.menu.back = menu/back.wav
15 Aug 2016, 11:04:14.313 [  FINER] [   FXGL.SystemLogger] [JavaFX Application Thread] sound.menu.select = menu/select.wav
15 Aug 2016, 11:04:14.313 [  FINER] [   FXGL.SystemLogger] [JavaFX Application Thread] url.github = https://github.com/AlmasB/FXGL
15 Aug 2016, 11:04:14.314 [  FINER] [   FXGL.SystemLogger] [JavaFX Application Thread] physics.ppm = 50
15 Aug 2016, 11:04:14.315 [  FINER] [   FXGL.SystemLogger] [JavaFX Application Thread] ui.css = fxgl.css
15 Aug 2016, 11:04:14.315 [  FINER] [   FXGL.SystemLogger] [JavaFX Application Thread] version.check.days = 7
15 Aug 2016, 11:04:14.316 [  FINER] [   FXGL.SystemLogger] [JavaFX Application Thread] fs.savefile.ext = .sav
15 Aug 2016, 11:04:14.316 [  FINER] [   FXGL.SystemLogger] [JavaFX Application Thread] ui.font = Copperplate_Gothic_Light_Regular.ttf
15 Aug 2016, 11:04:14.317 [  FINER] [   FXGL.SystemLogger] [JavaFX Application Thread] fs.savedir = saves/
15 Aug 2016, 11:04:14.317 [  FINER] [   FXGL.SystemLogger] [JavaFX Application Thread] fs.profilename = user.profile
15 Aug 2016, 11:04:14.318 [  FINER] [   FXGL.SystemLogger] [JavaFX Application Thread] ui.icon.name = fxgl_icon.png
15 Aug 2016, 11:04:14.322 [  FINER] [   FXGL.SystemLogger] [JavaFX Application Thread] sound.menu.press = menu/press.wav
15 Aug 2016, 11:04:14.322 [  FINER] [   FXGL.SystemLogger] [JavaFX Application Thread] Initializing user properties
15 Aug 2016, 11:04:14.323 [   INFO] [   FXGL.SystemLogger] [JavaFX Application Thread] User properties not found. Using system
15 Aug 2016, 11:04:14.324 [  FINER] [   FXGL.SystemLogger] [JavaFX Application Thread] Initializing app settings
15 Aug 2016, 11:04:15.523 [  FINER] [   FXGL.SystemLogger] [JavaFX Application Thread] FXGL configuration complete
15 Aug 2016, 11:04:15.523 [   INFO] [   FXGL.SystemLogger] [JavaFX Application Thread] FXGL configuration took: 1.295775193 sec
15 Aug 2016, 11:04:15.911 [  FINER] [   FXGL.SystemLogger] [JavaFX Application Thread] Pausing main loop
15 Aug 2016, 11:04:15.916 [  FINER] [   FXGL.SystemLogger] [JavaFX Application Thread] Resetting FXGL application
15 Aug 2016, 11:04:17.515 [  FINER] [   FXGL.SystemLogger] [JavaFX Application Thread] Resuming main loop
15 Aug 2016, 11:04:23.111 [  FINER] [   FXGL.SystemLogger] [JavaFX Application Thread] Pausing main loop
15 Aug 2016, 11:04:24.386 [  FINER] [   FXGL.SystemLogger] [JavaFX Application Thread] Resuming main loop
15 Aug 2016, 11:04:24.390 [  FINER] [   FXGL.SystemLogger] [JavaFX Application Thread] Exiting Normally
15 Aug 2016, 11:04:24.391 [   INFO] [   FXGL.SystemLogger] [JavaFX Application Thread] Processed Frames: 321
15 Aug 2016, 11:04:24.392 [   INFO] [   FXGL.SystemLogger] [JavaFX Application Thread] Average FPS: 58.31152647975078
15 Aug 2016, 11:04:24.393 [   INFO] [   FXGL.SystemLogger] [JavaFX Application Thread] Average Performance: 2448.6168224299067
15 Aug 2016, 11:04:24.394 [   INFO] [   FXGL.SystemLogger] [JavaFX Application Thread] Average Memory Usage: 14.087627410888672 MB
15 Aug 2016, 11:04:24.395 [   INFO] [   FXGL.SystemLogger] [JavaFX Application Thread] Min Memory Usage: 11.856277465820312 MB
15 Aug 2016, 11:04:24.396 [   INFO] [   FXGL.SystemLogger] [JavaFX Application Thread] Max Memory Usage: 16.457740783691406 MB
15 Aug 2016, 11:04:24.397 [   INFO] [   FXGL.SystemLogger] [JavaFX Application Thread] Estimated GC runs: 1
15 Aug 2016, 11:04:24.421 [  FINER] [   FXGL.SystemLogger] [JavaFX Application Thread] Exiting FXGL
15 Aug 2016, 11:04:24.422 [  FINER] [   FXGL.SystemLogger] [JavaFX Application Thread] Logger is closing
