04 Oct 2016, 22:33:38.028 [   INFO] [   FXGL.SystemLogger] [           main] System Logger is initialized
04 Oct 2016, 22:33:38.034 [  FINER] [   FXGL.SystemLogger] [           main] Logging System Info
04 Oct 2016, 22:33:38.035 [  FINER] [   FXGL.SystemLogger] [           main] CPU cores: 4
04 Oct 2016, 22:33:38.038 [  FINER] [   FXGL.SystemLogger] [           main] Free Memory: 85MB
04 Oct 2016, 22:33:38.040 [  FINER] [   FXGL.SystemLogger] [           main] Max Memory: 1348MB
04 Oct 2016, 22:33:38.041 [  FINER] [   FXGL.SystemLogger] [           main] Total Memory: 92MB
04 Oct 2016, 22:33:38.042 [  FINER] [   FXGL.SystemLogger] [           main] System Properties:
04 Oct 2016, 22:33:38.044 [  FINER] [   FXGL.SystemLogger] [           main] sun.cpu.isalist=amd64
04 Oct 2016, 22:33:38.045 [  FINER] [   FXGL.SystemLogger] [           main] sun.desktop=windows
04 Oct 2016, 22:33:38.045 [  FINER] [   FXGL.SystemLogger] [           main] sun.io.unicode.encoding=UnicodeLittle
04 Oct 2016, 22:33:38.046 [  FINER] [   FXGL.SystemLogger] [           main] sun.cpu.endian=little
04 Oct 2016, 22:33:38.046 [  FINER] [   FXGL.SystemLogger] [           main] java.vendor.url.bug=http://bugreport.sun.com/bugreport/
04 Oct 2016, 22:33:38.046 [  FINER] [   FXGL.SystemLogger] [           main] file.separator=\
04 Oct 2016, 22:33:38.047 [  FINER] [   FXGL.SystemLogger] [           main] java.vendor=Oracle Corporation
04 Oct 2016, 22:33:38.047 [  FINER] [   FXGL.SystemLogger] [           main] sun.boot.class.path=C:\Program Files\Java\jdk1.8.0_51\jre\lib\resources.jar;C:\Program Files\Java\jdk1.8.0_51\jre\lib\rt.jar;C:\Program Files\Java\jdk1.8.0_51\jre\lib\sunrsasign.jar;C:\Program Files\Java\jdk1.8.0_51\jre\lib\jsse.jar;C:\Program Files\Java\jdk1.8.0_51\jre\lib\jce.jar;C:\Program Files\Java\jdk1.8.0_51\jre\lib\charsets.jar;C:\Program Files\Java\jdk1.8.0_51\jre\lib\jfr.jar;C:\Program Files\Java\jdk1.8.0_51\jre\classes
04 Oct 2016, 22:33:38.047 [  FINER] [   FXGL.SystemLogger] [           main] java.ext.dirs=C:\Program Files\Java\jdk1.8.0_51\jre\lib\ext;C:\WINDOWS\Sun\Java\lib\ext
04 Oct 2016, 22:33:38.048 [  FINER] [   FXGL.SystemLogger] [           main] java.version=1.8.0_51
04 Oct 2016, 22:33:38.048 [  FINER] [   FXGL.SystemLogger] [           main] java.vm.info=mixed mode
04 Oct 2016, 22:33:38.049 [  FINER] [   FXGL.SystemLogger] [           main] awt.toolkit=sun.awt.windows.WToolkit
04 Oct 2016, 22:33:38.050 [  FINER] [   FXGL.SystemLogger] [           main] user.language=en
04 Oct 2016, 22:33:38.050 [  FINER] [   FXGL.SystemLogger] [           main] java.specification.vendor=Oracle Corporation
04 Oct 2016, 22:33:38.051 [  FINER] [   FXGL.SystemLogger] [           main] sun.java.command=com.intellij.rt.execution.application.AppMain Breakout
04 Oct 2016, 22:33:38.051 [  FINER] [   FXGL.SystemLogger] [           main] java.home=C:\Program Files\Java\jdk1.8.0_51\jre
04 Oct 2016, 22:33:38.051 [  FINER] [   FXGL.SystemLogger] [           main] sun.arch.data.model=64
04 Oct 2016, 22:33:38.052 [  FINER] [   FXGL.SystemLogger] [           main] java.vm.specification.version=1.8
04 Oct 2016, 22:33:38.052 [  FINER] [   FXGL.SystemLogger] [           main] java.class.path=C:\Program Files\Java\jdk1.8.0_51\jre\lib\charsets.jar;C:\Program Files\Java\jdk1.8.0_51\jre\lib\deploy.jar;C:\Program Files\Java\jdk1.8.0_51\jre\lib\ext\access-bridge-64.jar;C:\Program Files\Java\jdk1.8.0_51\jre\lib\ext\cldrdata.jar;C:\Program Files\Java\jdk1.8.0_51\jre\lib\ext\dnsns.jar;C:\Program Files\Java\jdk1.8.0_51\jre\lib\ext\jaccess.jar;C:\Program Files\Java\jdk1.8.0_51\jre\lib\ext\jfxrt.jar;C:\Program Files\Java\jdk1.8.0_51\jre\lib\ext\localedata.jar;C:\Program Files\Java\jdk1.8.0_51\jre\lib\ext\nashorn.jar;C:\Program Files\Java\jdk1.8.0_51\jre\lib\ext\sunec.jar;C:\Program Files\Java\jdk1.8.0_51\jre\lib\ext\sunjce_provider.jar;C:\Program Files\Java\jdk1.8.0_51\jre\lib\ext\sunmscapi.jar;C:\Program Files\Java\jdk1.8.0_51\jre\lib\ext\sunpkcs11.jar;C:\Program Files\Java\jdk1.8.0_51\jre\lib\ext\zipfs.jar;C:\Program Files\Java\jdk1.8.0_51\jre\lib\javaws.jar;C:\Program Files\Java\jdk1.8.0_51\jre\lib\jce.jar;C:\Program Files\Java\jdk1.8.0_51\jre\lib\jfr.jar;C:\Program Files\Java\jdk1.8.0_51\jre\lib\jfxswt.jar;C:\Program Files\Java\jdk1.8.0_51\jre\lib\jsse.jar;C:\Program Files\Java\jdk1.8.0_51\jre\lib\management-agent.jar;C:\Program Files\Java\jdk1.8.0_51\jre\lib\plugin.jar;C:\Program Files\Java\jdk1.8.0_51\jre\lib\resources.jar;C:\Program Files\Java\jdk1.8.0_51\jre\lib\rt.jar;C:\Users\Nilay\Documents\Computer Science\Projects\Brekout\out\production\Brekout;C:\Users\Nilay\Documents\Computer Science\Projects\Brekout\lib\FXGL-0.2.5-uber.jar;C:\Program Files (x86)\JetBrains\IntelliJ IDEA Community Edition 2016.1.2\lib\idea_rt.jar
04 Oct 2016, 22:33:38.052 [  FINER] [   FXGL.SystemLogger] [           main] user.name=Nilay
04 Oct 2016, 22:33:38.053 [  FINER] [   FXGL.SystemLogger] [           main] file.encoding=UTF-8
04 Oct 2016, 22:33:38.058 [  FINER] [   FXGL.SystemLogger] [           main] idea.launcher.bin.path=C:\Program Files (x86)\JetBrains\IntelliJ IDEA Community Edition 2016.1.2\bin
04 Oct 2016, 22:33:38.058 [  FINER] [   FXGL.SystemLogger] [           main] java.specification.version=1.8
04 Oct 2016, 22:33:38.058 [  FINER] [   FXGL.SystemLogger] [           main] java.awt.printerjob=sun.awt.windows.WPrinterJob
04 Oct 2016, 22:33:38.059 [  FINER] [   FXGL.SystemLogger] [           main] user.timezone=America/New_York
04 Oct 2016, 22:33:38.059 [  FINER] [   FXGL.SystemLogger] [           main] user.home=C:\Users\Nilay
04 Oct 2016, 22:33:38.059 [  FINER] [   FXGL.SystemLogger] [           main] os.version=6.3
04 Oct 2016, 22:33:38.059 [  FINER] [   FXGL.SystemLogger] [           main] sun.management.compiler=HotSpot 64-Bit Tiered Compilers
04 Oct 2016, 22:33:38.060 [  FINER] [   FXGL.SystemLogger] [           main] java.specification.name=Java Platform API Specification
04 Oct 2016, 22:33:38.060 [  FINER] [   FXGL.SystemLogger] [           main] java.class.version=52.0
04 Oct 2016, 22:33:38.061 [  FINER] [   FXGL.SystemLogger] [           main] java.library.path=C:\Program Files\Java\jdk1.8.0_51\bin;C:\WINDOWS\Sun\Java\bin;C:\WINDOWS\system32;C:\WINDOWS;C:\VulkanSDK\1.0.13.0\Bin;C:\ProgramData\Oracle\Java\javapath;C:\Program Files (x86)\Intel\iCLS Client\;C:\Program Files\Intel\iCLS Client\;C:\Windows\system32;C:\Windows;C:\Windows\System32\Wbem;C:\Windows\System32\WindowsPowerShell\v1.0\;C:\Program Files\Intel\Intel(R) Management Engine Components\DAL;C:\Program Files (x86)\Intel\Intel(R) Management Engine Components\DAL;C:\Program Files\Intel\Intel(R) Management Engine Components\IPT;C:\Program Files (x86)\Intel\Intel(R) Management Engine Components\IPT;C:\WINDOWS\system32;C:\WINDOWS;C:\WINDOWS\System32\Wbem;C:\WINDOWS\System32\WindowsPowerShell\v1.0\;C:\Program Files (x86)\NVIDIA Corporation\PhysX\Common;C:\Program Files (x86)\Skype\Phone\;C:\WINDOWS\system32;C:\WINDOWS;C:\WINDOWS\System32\Wbem;C:\WINDOWS\System32\WindowsPowerShell\v1.0\;C:\Program Files (x86)\QuickTime\QTSystem\;C:\Program Files (x86)\GtkSharp\2.12\bin;C:\Program Files\Microsoft\Web Platform Installer\;C:\Users\Nilay\AppData\Local\Microsoft\WindowsApps;;.
04 Oct 2016, 22:33:38.062 [  FINER] [   FXGL.SystemLogger] [           main] sun.jnu.encoding=Cp1252
04 Oct 2016, 22:33:38.062 [  FINER] [   FXGL.SystemLogger] [           main] os.name=Windows 8.1
04 Oct 2016, 22:33:38.062 [  FINER] [   FXGL.SystemLogger] [           main] user.variant=
04 Oct 2016, 22:33:38.063 [  FINER] [   FXGL.SystemLogger] [           main] java.vm.specification.vendor=Oracle Corporation
04 Oct 2016, 22:33:38.063 [  FINER] [   FXGL.SystemLogger] [           main] java.io.tmpdir=C:\Users\Nilay\AppData\Local\Temp\
04 Oct 2016, 22:33:38.063 [  FINER] [   FXGL.SystemLogger] [           main] line.separator=

04 Oct 2016, 22:33:38.063 [  FINER] [   FXGL.SystemLogger] [           main] java.endorsed.dirs=C:\Program Files\Java\jdk1.8.0_51\jre\lib\endorsed
04 Oct 2016, 22:33:38.064 [  FINER] [   FXGL.SystemLogger] [           main] os.arch=amd64
04 Oct 2016, 22:33:38.064 [  FINER] [   FXGL.SystemLogger] [           main] java.awt.graphicsenv=sun.awt.Win32GraphicsEnvironment
04 Oct 2016, 22:33:38.064 [  FINER] [   FXGL.SystemLogger] [           main] java.runtime.version=1.8.0_51-b16
04 Oct 2016, 22:33:38.064 [  FINER] [   FXGL.SystemLogger] [           main] java.vm.specification.name=Java Virtual Machine Specification
04 Oct 2016, 22:33:38.065 [  FINER] [   FXGL.SystemLogger] [           main] user.dir=C:\Users\Nilay\Documents\Computer Science\Projects\Brekout
04 Oct 2016, 22:33:38.065 [  FINER] [   FXGL.SystemLogger] [           main] user.country=US
04 Oct 2016, 22:33:38.065 [  FINER] [   FXGL.SystemLogger] [           main] user.script=
04 Oct 2016, 22:33:38.065 [  FINER] [   FXGL.SystemLogger] [           main] sun.java.launcher=SUN_STANDARD
04 Oct 2016, 22:33:38.065 [  FINER] [   FXGL.SystemLogger] [           main] sun.os.patch.level=
04 Oct 2016, 22:33:38.066 [  FINER] [   FXGL.SystemLogger] [           main] idea.launcher.port=7538
04 Oct 2016, 22:33:38.066 [  FINER] [   FXGL.SystemLogger] [           main] java.vm.name=Java HotSpot(TM) 64-Bit Server VM
04 Oct 2016, 22:33:38.066 [  FINER] [   FXGL.SystemLogger] [           main] file.encoding.pkg=sun.io
04 Oct 2016, 22:33:38.066 [  FINER] [   FXGL.SystemLogger] [           main] path.separator=;
04 Oct 2016, 22:33:38.067 [  FINER] [   FXGL.SystemLogger] [           main] java.vm.vendor=Oracle Corporation
04 Oct 2016, 22:33:38.067 [  FINER] [   FXGL.SystemLogger] [           main] java.vendor.url=http://java.oracle.com/
04 Oct 2016, 22:33:38.067 [  FINER] [   FXGL.SystemLogger] [           main] sun.boot.library.path=C:\Program Files\Java\jdk1.8.0_51\jre\bin
04 Oct 2016, 22:33:38.067 [  FINER] [   FXGL.SystemLogger] [           main] java.vm.version=25.51-b03
04 Oct 2016, 22:33:38.068 [  FINER] [   FXGL.SystemLogger] [           main] java.runtime.name=Java(TM) SE Runtime Environment
04 Oct 2016, 22:33:38.105 [   INFO] [   FXGL.SystemLogger] [           main] FXGL-0.2.5
04 Oct 2016, 22:33:38.106 [   INFO] [   FXGL.SystemLogger] [           main] JavaFX-1.8.0_92-b14
04 Oct 2016, 22:33:38.106 [   INFO] [   FXGL.SystemLogger] [           main] JBox2D-2.3.0-fxgl
04 Oct 2016, 22:33:38.107 [   INFO] [   FXGL.SystemLogger] [           main] Kotlin-1.0.3
04 Oct 2016, 22:33:38.108 [   INFO] [   FXGL.SystemLogger] [           main] Source code and latest versions at: https://github.com/AlmasB/FXGL
04 Oct 2016, 22:33:38.110 [   INFO] [   FXGL.SystemLogger] [           main]              Join the FXGL chat at: https://gitter.im/AlmasB/FXGL
04 Oct 2016, 22:33:38.391 [  FINER] [   FXGL.SystemLogger] [JavaFX Application Thread] Starting JavaFX
04 Oct 2016, 22:33:38.403 [  FINER] [   FXGL.SystemLogger] [JavaFX-Launcher] Initializing FXGL
04 Oct 2016, 22:33:38.433 [  FINER] [   FXGL.SystemLogger] [JavaFX Application Thread] Starting FXGL
04 Oct 2016, 22:33:38.434 [  FINER] [   FXGL.SystemLogger] [JavaFX Application Thread] Initializing system properties
04 Oct 2016, 22:33:38.503 [  FINER] [   FXGL.SystemLogger] [JavaFX Application Thread] sound.notification = system/notification.wav
04 Oct 2016, 22:33:38.504 [  FINER] [   FXGL.SystemLogger] [JavaFX Application Thread] asset.cache.size = 35
04 Oct 2016, 22:33:38.505 [  FINER] [   FXGL.SystemLogger] [JavaFX Application Thread] fs.profiledir = profiles/
04 Oct 2016, 22:33:38.510 [  FINER] [   FXGL.SystemLogger] [JavaFX Application Thread] url.pom = https://raw.githubusercontent.com/AlmasB/FXGL/master/pom.xml
04 Oct 2016, 22:33:38.510 [  FINER] [   FXGL.SystemLogger] [JavaFX Application Thread] fs.datafile.ext = .dat
04 Oct 2016, 22:33:38.510 [  FINER] [   FXGL.SystemLogger] [JavaFX Application Thread] sound.menu.back = menu/back.wav
04 Oct 2016, 22:33:38.511 [  FINER] [   FXGL.SystemLogger] [JavaFX Application Thread] sound.menu.select = menu/select.wav
04 Oct 2016, 22:33:38.511 [  FINER] [   FXGL.SystemLogger] [JavaFX Application Thread] url.github = https://github.com/AlmasB/FXGL
04 Oct 2016, 22:33:38.511 [  FINER] [   FXGL.SystemLogger] [JavaFX Application Thread] physics.ppm = 50
04 Oct 2016, 22:33:38.511 [  FINER] [   FXGL.SystemLogger] [JavaFX Application Thread] ui.css = fxgl.css
04 Oct 2016, 22:33:38.512 [  FINER] [   FXGL.SystemLogger] [JavaFX Application Thread] version.check.days = 7
04 Oct 2016, 22:33:38.512 [  FINER] [   FXGL.SystemLogger] [JavaFX Application Thread] fs.savefile.ext = .sav
04 Oct 2016, 22:33:38.512 [  FINER] [   FXGL.SystemLogger] [JavaFX Application Thread] ui.font = Copperplate_Gothic_Light_Regular.ttf
04 Oct 2016, 22:33:38.513 [  FINER] [   FXGL.SystemLogger] [JavaFX Application Thread] fs.savedir = saves/
04 Oct 2016, 22:33:38.514 [  FINER] [   FXGL.SystemLogger] [JavaFX Application Thread] fs.profilename = user.profile
04 Oct 2016, 22:33:38.515 [  FINER] [   FXGL.SystemLogger] [JavaFX Application Thread] ui.icon.name = fxgl_icon.png
04 Oct 2016, 22:33:38.515 [  FINER] [   FXGL.SystemLogger] [JavaFX Application Thread] sound.menu.press = menu/press.wav
04 Oct 2016, 22:33:38.515 [  FINER] [   FXGL.SystemLogger] [JavaFX Application Thread] Initializing user properties
04 Oct 2016, 22:33:38.516 [   INFO] [   FXGL.SystemLogger] [JavaFX Application Thread] User properties not found. Using system
04 Oct 2016, 22:33:38.516 [  FINER] [   FXGL.SystemLogger] [JavaFX Application Thread] Initializing app settings
04 Oct 2016, 22:33:40.151 [  FINER] [   FXGL.SystemLogger] [JavaFX Application Thread] FXGL configuration complete
04 Oct 2016, 22:33:40.152 [   INFO] [   FXGL.SystemLogger] [JavaFX Application Thread] FXGL configuration took: 1.71829507 sec
04 Oct 2016, 22:33:40.667 [  FINER] [   FXGL.SystemLogger] [JavaFX Application Thread] Pausing main loop
04 Oct 2016, 22:33:40.669 [  FINER] [   FXGL.SystemLogger] [JavaFX Application Thread] Resetting FXGL application
04 Oct 2016, 22:33:41.815 [  FINER] [   FXGL.SystemLogger] [JavaFX Application Thread] Resuming main loop
04 Oct 2016, 22:33:53.858 [  FINER] [   FXGL.SystemLogger] [JavaFX Application Thread] Pausing main loop
04 Oct 2016, 22:33:53.858 [  FINER] [   FXGL.SystemLogger] [JavaFX Application Thread] Pausing main loop
04 Oct 2016, 22:33:53.859 [  FINER] [   FXGL.SystemLogger] [JavaFX Application Thread] Pausing main loop
04 Oct 2016, 22:33:53.859 [  FINER] [   FXGL.SystemLogger] [JavaFX Application Thread] Pausing main loop
04 Oct 2016, 22:33:53.859 [  FINER] [   FXGL.SystemLogger] [JavaFX Application Thread] Pausing main loop
04 Oct 2016, 22:33:53.859 [  FINER] [   FXGL.SystemLogger] [JavaFX Application Thread] Pausing main loop
04 Oct 2016, 22:33:53.859 [  FINER] [   FXGL.SystemLogger] [JavaFX Application Thread] Pausing main loop
04 Oct 2016, 22:33:53.860 [  FINER] [   FXGL.SystemLogger] [JavaFX Application Thread] Pausing main loop
04 Oct 2016, 22:33:53.860 [  FINER] [   FXGL.SystemLogger] [JavaFX Application Thread] Pausing main loop
04 Oct 2016, 22:33:53.860 [  FINER] [   FXGL.SystemLogger] [JavaFX Application Thread] Pausing main loop
04 Oct 2016, 22:33:53.860 [  FINER] [   FXGL.SystemLogger] [JavaFX Application Thread] Pausing main loop
04 Oct 2016, 22:33:53.860 [  FINER] [   FXGL.SystemLogger] [JavaFX Application Thread] Pausing main loop
04 Oct 2016, 22:33:53.861 [  FINER] [   FXGL.SystemLogger] [JavaFX Application Thread] Pausing main loop
04 Oct 2016, 22:33:53.861 [  FINER] [   FXGL.SystemLogger] [JavaFX Application Thread] Pausing main loop
04 Oct 2016, 22:33:53.861 [  FINER] [   FXGL.SystemLogger] [JavaFX Application Thread] Pausing main loop
04 Oct 2016, 22:33:53.862 [  FINER] [   FXGL.SystemLogger] [JavaFX Application Thread] Pausing main loop
04 Oct 2016, 22:33:53.863 [  FINER] [   FXGL.SystemLogger] [JavaFX Application Thread] Pausing main loop
04 Oct 2016, 22:33:53.863 [  FINER] [   FXGL.SystemLogger] [JavaFX Application Thread] Pausing main loop
04 Oct 2016, 22:33:53.863 [  FINER] [   FXGL.SystemLogger] [JavaFX Application Thread] Pausing main loop
04 Oct 2016, 22:33:53.863 [  FINER] [   FXGL.SystemLogger] [JavaFX Application Thread] Pausing main loop
04 Oct 2016, 22:33:53.864 [  FINER] [   FXGL.SystemLogger] [JavaFX Application Thread] Pausing main loop
04 Oct 2016, 22:33:53.864 [  FINER] [   FXGL.SystemLogger] [JavaFX Application Thread] Pausing main loop
04 Oct 2016, 22:33:53.864 [  FINER] [   FXGL.SystemLogger] [JavaFX Application Thread] Pausing main loop
04 Oct 2016, 22:33:53.864 [  FINER] [   FXGL.SystemLogger] [JavaFX Application Thread] Pausing main loop
04 Oct 2016, 22:33:53.865 [  FINER] [   FXGL.SystemLogger] [JavaFX Application Thread] Pausing main loop
04 Oct 2016, 22:33:53.865 [  FINER] [   FXGL.SystemLogger] [JavaFX Application Thread] Pausing main loop
04 Oct 2016, 22:33:53.865 [  FINER] [   FXGL.SystemLogger] [JavaFX Application Thread] Pausing main loop
04 Oct 2016, 22:33:53.865 [  FINER] [   FXGL.SystemLogger] [JavaFX Application Thread] Pausing main loop
04 Oct 2016, 22:33:53.865 [  FINER] [   FXGL.SystemLogger] [JavaFX Application Thread] Pausing main loop
04 Oct 2016, 22:33:53.866 [  FINER] [   FXGL.SystemLogger] [JavaFX Application Thread] Pausing main loop
04 Oct 2016, 22:33:53.866 [  FINER] [   FXGL.SystemLogger] [JavaFX Application Thread] Pausing main loop
04 Oct 2016, 22:33:53.866 [  FINER] [   FXGL.SystemLogger] [JavaFX Application Thread] Pausing main loop
04 Oct 2016, 22:33:53.866 [  FINER] [   FXGL.SystemLogger] [JavaFX Application Thread] Pausing main loop
04 Oct 2016, 22:33:53.866 [  FINER] [   FXGL.SystemLogger] [JavaFX Application Thread] Pausing main loop
04 Oct 2016, 22:33:53.867 [  FINER] [   FXGL.SystemLogger] [JavaFX Application Thread] Pausing main loop
04 Oct 2016, 22:33:53.867 [  FINER] [   FXGL.SystemLogger] [JavaFX Application Thread] Pausing main loop
04 Oct 2016, 22:33:53.867 [  FINER] [   FXGL.SystemLogger] [JavaFX Application Thread] Pausing main loop
04 Oct 2016, 22:33:53.868 [  FINER] [   FXGL.SystemLogger] [JavaFX Application Thread] Pausing main loop
04 Oct 2016, 22:33:53.868 [  FINER] [   FXGL.SystemLogger] [JavaFX Application Thread] Pausing main loop
04 Oct 2016, 22:33:53.868 [  FINER] [   FXGL.SystemLogger] [JavaFX Application Thread] Pausing main loop
04 Oct 2016, 22:33:53.869 [  FINER] [   FXGL.SystemLogger] [JavaFX Application Thread] Pausing main loop
04 Oct 2016, 22:33:53.869 [  FINER] [   FXGL.SystemLogger] [JavaFX Application Thread] Pausing main loop
04 Oct 2016, 22:33:53.870 [  FINER] [   FXGL.SystemLogger] [JavaFX Application Thread] Pausing main loop
04 Oct 2016, 22:33:53.870 [  FINER] [   FXGL.SystemLogger] [JavaFX Application Thread] Pausing main loop
04 Oct 2016, 22:33:53.870 [  FINER] [   FXGL.SystemLogger] [JavaFX Application Thread] Pausing main loop
04 Oct 2016, 22:33:53.870 [  FINER] [   FXGL.SystemLogger] [JavaFX Application Thread] Pausing main loop
04 Oct 2016, 22:33:53.870 [  FINER] [   FXGL.SystemLogger] [JavaFX Application Thread] Pausing main loop
04 Oct 2016, 22:33:53.871 [  FINER] [   FXGL.SystemLogger] [JavaFX Application Thread] Pausing main loop
04 Oct 2016, 22:33:53.876 [  FINER] [   FXGL.SystemLogger] [JavaFX Application Thread] Pausing main loop
04 Oct 2016, 22:33:53.877 [  FINER] [   FXGL.SystemLogger] [JavaFX Application Thread] Pausing main loop
04 Oct 2016, 22:33:53.878 [  FINER] [   FXGL.SystemLogger] [JavaFX Application Thread] Pausing main loop
04 Oct 2016, 22:33:53.879 [  FINER] [   FXGL.SystemLogger] [JavaFX Application Thread] Pausing main loop
04 Oct 2016, 22:33:53.879 [  FINER] [   FXGL.SystemLogger] [JavaFX Application Thread] Pausing main loop
04 Oct 2016, 22:33:53.880 [  FINER] [   FXGL.SystemLogger] [JavaFX Application Thread] Pausing main loop
04 Oct 2016, 22:33:53.880 [  FINER] [   FXGL.SystemLogger] [JavaFX Application Thread] Pausing main loop
04 Oct 2016, 22:33:53.880 [  FINER] [   FXGL.SystemLogger] [JavaFX Application Thread] Pausing main loop
04 Oct 2016, 22:33:53.881 [  FINER] [   FXGL.SystemLogger] [JavaFX Application Thread] Pausing main loop
04 Oct 2016, 22:33:53.881 [  FINER] [   FXGL.SystemLogger] [JavaFX Application Thread] Pausing main loop
04 Oct 2016, 22:33:53.882 [  FINER] [   FXGL.SystemLogger] [JavaFX Application Thread] Pausing main loop
04 Oct 2016, 22:33:53.882 [  FINER] [   FXGL.SystemLogger] [JavaFX Application Thread] Pausing main loop
04 Oct 2016, 22:33:53.882 [  FINER] [   FXGL.SystemLogger] [JavaFX Application Thread] Pausing main loop
04 Oct 2016, 22:33:53.883 [  FINER] [   FXGL.SystemLogger] [JavaFX Application Thread] Pausing main loop
04 Oct 2016, 22:33:53.883 [  FINER] [   FXGL.SystemLogger] [JavaFX Application Thread] Pausing main loop
04 Oct 2016, 22:33:53.883 [  FINER] [   FXGL.SystemLogger] [JavaFX Application Thread] Pausing main loop
04 Oct 2016, 22:33:53.883 [  FINER] [   FXGL.SystemLogger] [JavaFX Application Thread] Pausing main loop
04 Oct 2016, 22:33:53.884 [  FINER] [   FXGL.SystemLogger] [JavaFX Application Thread] Pausing main loop
04 Oct 2016, 22:33:53.884 [  FINER] [   FXGL.SystemLogger] [JavaFX Application Thread] Pausing main loop
04 Oct 2016, 22:33:53.884 [  FINER] [   FXGL.SystemLogger] [JavaFX Application Thread] Pausing main loop
04 Oct 2016, 22:33:53.885 [  FINER] [   FXGL.SystemLogger] [JavaFX Application Thread] Pausing main loop
04 Oct 2016, 22:33:53.885 [  FINER] [   FXGL.SystemLogger] [JavaFX Application Thread] Pausing main loop
04 Oct 2016, 22:33:53.885 [  FINER] [   FXGL.SystemLogger] [JavaFX Application Thread] Pausing main loop
04 Oct 2016, 22:33:53.886 [  FINER] [   FXGL.SystemLogger] [JavaFX Application Thread] Pausing main loop
04 Oct 2016, 22:33:53.887 [  FINER] [   FXGL.SystemLogger] [JavaFX Application Thread] Pausing main loop
04 Oct 2016, 22:33:53.887 [  FINER] [   FXGL.SystemLogger] [JavaFX Application Thread] Pausing main loop
04 Oct 2016, 22:33:53.888 [  FINER] [   FXGL.SystemLogger] [JavaFX Application Thread] Pausing main loop
04 Oct 2016, 22:33:53.888 [  FINER] [   FXGL.SystemLogger] [JavaFX Application Thread] Pausing main loop
04 Oct 2016, 22:33:53.889 [  FINER] [   FXGL.SystemLogger] [JavaFX Application Thread] Pausing main loop
04 Oct 2016, 22:33:53.889 [  FINER] [   FXGL.SystemLogger] [JavaFX Application Thread] Pausing main loop
04 Oct 2016, 22:33:53.890 [  FINER] [   FXGL.SystemLogger] [JavaFX Application Thread] Pausing main loop
04 Oct 2016, 22:33:53.890 [  FINER] [   FXGL.SystemLogger] [JavaFX Application Thread] Pausing main loop
04 Oct 2016, 22:33:53.891 [  FINER] [   FXGL.SystemLogger] [JavaFX Application Thread] Pausing main loop
04 Oct 2016, 22:33:53.892 [  FINER] [   FXGL.SystemLogger] [JavaFX Application Thread] Pausing main loop
04 Oct 2016, 22:33:53.893 [  FINER] [   FXGL.SystemLogger] [JavaFX Application Thread] Pausing main loop
04 Oct 2016, 22:33:53.894 [  FINER] [   FXGL.SystemLogger] [JavaFX Application Thread] Pausing main loop
04 Oct 2016, 22:33:53.894 [  FINER] [   FXGL.SystemLogger] [JavaFX Application Thread] Pausing main loop
04 Oct 2016, 22:33:53.895 [  FINER] [   FXGL.SystemLogger] [JavaFX Application Thread] Pausing main loop
04 Oct 2016, 22:33:53.895 [  FINER] [   FXGL.SystemLogger] [JavaFX Application Thread] Pausing main loop
04 Oct 2016, 22:33:53.896 [  FINER] [   FXGL.SystemLogger] [JavaFX Application Thread] Pausing main loop
04 Oct 2016, 22:33:53.896 [  FINER] [   FXGL.SystemLogger] [JavaFX Application Thread] Pausing main loop
04 Oct 2016, 22:33:53.896 [  FINER] [   FXGL.SystemLogger] [JavaFX Application Thread] Pausing main loop
04 Oct 2016, 22:33:53.897 [  FINER] [   FXGL.SystemLogger] [JavaFX Application Thread] Pausing main loop
04 Oct 2016, 22:33:53.897 [  FINER] [   FXGL.SystemLogger] [JavaFX Application Thread] Pausing main loop
04 Oct 2016, 22:33:53.898 [  FINER] [   FXGL.SystemLogger] [JavaFX Application Thread] Pausing main loop
04 Oct 2016, 22:33:53.898 [  FINER] [   FXGL.SystemLogger] [JavaFX Application Thread] Pausing main loop
04 Oct 2016, 22:33:53.898 [  FINER] [   FXGL.SystemLogger] [JavaFX Application Thread] Pausing main loop
04 Oct 2016, 22:33:53.899 [  FINER] [   FXGL.SystemLogger] [JavaFX Application Thread] Pausing main loop
04 Oct 2016, 22:33:53.900 [  FINER] [   FXGL.SystemLogger] [JavaFX Application Thread] Pausing main loop
04 Oct 2016, 22:33:53.900 [  FINER] [   FXGL.SystemLogger] [JavaFX Application Thread] Pausing main loop
04 Oct 2016, 22:33:53.900 [  FINER] [   FXGL.SystemLogger] [JavaFX Application Thread] Pausing main loop
04 Oct 2016, 22:33:53.901 [  FINER] [   FXGL.SystemLogger] [JavaFX Application Thread] Pausing main loop
04 Oct 2016, 22:33:53.901 [  FINER] [   FXGL.SystemLogger] [JavaFX Application Thread] Pausing main loop
04 Oct 2016, 22:33:53.902 [  FINER] [   FXGL.SystemLogger] [JavaFX Application Thread] Pausing main loop
04 Oct 2016, 22:33:53.902 [  FINER] [   FXGL.SystemLogger] [JavaFX Application Thread] Pausing main loop
04 Oct 2016, 22:33:53.902 [  FINER] [   FXGL.SystemLogger] [JavaFX Application Thread] Pausing main loop
04 Oct 2016, 22:33:53.903 [  FINER] [   FXGL.SystemLogger] [JavaFX Application Thread] Pausing main loop
04 Oct 2016, 22:33:53.903 [  FINER] [   FXGL.SystemLogger] [JavaFX Application Thread] Pausing main loop
04 Oct 2016, 22:33:53.904 [  FINER] [   FXGL.SystemLogger] [JavaFX Application Thread] Pausing main loop
04 Oct 2016, 22:33:53.904 [  FINER] [   FXGL.SystemLogger] [JavaFX Application Thread] Pausing main loop
04 Oct 2016, 22:33:53.904 [  FINER] [   FXGL.SystemLogger] [JavaFX Application Thread] Pausing main loop
04 Oct 2016, 22:33:53.905 [  FINER] [   FXGL.SystemLogger] [JavaFX Application Thread] Pausing main loop
04 Oct 2016, 22:33:53.906 [  FINER] [   FXGL.SystemLogger] [JavaFX Application Thread] Pausing main loop
04 Oct 2016, 22:33:53.906 [  FINER] [   FXGL.SystemLogger] [JavaFX Application Thread] Pausing main loop
04 Oct 2016, 22:33:53.906 [  FINER] [   FXGL.SystemLogger] [JavaFX Application Thread] Pausing main loop
04 Oct 2016, 22:33:53.907 [  FINER] [   FXGL.SystemLogger] [JavaFX Application Thread] Pausing main loop
04 Oct 2016, 22:33:53.907 [  FINER] [   FXGL.SystemLogger] [JavaFX Application Thread] Pausing main loop
04 Oct 2016, 22:33:53.908 [  FINER] [   FXGL.SystemLogger] [JavaFX Application Thread] Pausing main loop
04 Oct 2016, 22:33:53.908 [  FINER] [   FXGL.SystemLogger] [JavaFX Application Thread] Pausing main loop
04 Oct 2016, 22:33:53.908 [  FINER] [   FXGL.SystemLogger] [JavaFX Application Thread] Pausing main loop
04 Oct 2016, 22:33:53.908 [  FINER] [   FXGL.SystemLogger] [JavaFX Application Thread] Pausing main loop
04 Oct 2016, 22:33:53.908 [  FINER] [   FXGL.SystemLogger] [JavaFX Application Thread] Pausing main loop
04 Oct 2016, 22:33:53.909 [  FINER] [   FXGL.SystemLogger] [JavaFX Application Thread] Pausing main loop
04 Oct 2016, 22:33:53.909 [  FINER] [   FXGL.SystemLogger] [JavaFX Application Thread] Pausing main loop
04 Oct 2016, 22:33:53.909 [  FINER] [   FXGL.SystemLogger] [JavaFX Application Thread] Pausing main loop
04 Oct 2016, 22:33:53.910 [  FINER] [   FXGL.SystemLogger] [JavaFX Application Thread] Pausing main loop
04 Oct 2016, 22:33:53.910 [  FINER] [   FXGL.SystemLogger] [JavaFX Application Thread] Pausing main loop
04 Oct 2016, 22:33:53.911 [  FINER] [   FXGL.SystemLogger] [JavaFX Application Thread] Pausing main loop
04 Oct 2016, 22:33:53.911 [  FINER] [   FXGL.SystemLogger] [JavaFX Application Thread] Pausing main loop
04 Oct 2016, 22:33:53.912 [  FINER] [   FXGL.SystemLogger] [JavaFX Application Thread] Pausing main loop
04 Oct 2016, 22:33:53.912 [  FINER] [   FXGL.SystemLogger] [JavaFX Application Thread] Pausing main loop
04 Oct 2016, 22:33:53.913 [  FINER] [   FXGL.SystemLogger] [JavaFX Application Thread] Pausing main loop
04 Oct 2016, 22:33:53.913 [  FINER] [   FXGL.SystemLogger] [JavaFX Application Thread] Pausing main loop
04 Oct 2016, 22:33:53.913 [  FINER] [   FXGL.SystemLogger] [JavaFX Application Thread] Pausing main loop
04 Oct 2016, 22:33:53.914 [  FINER] [   FXGL.SystemLogger] [JavaFX Application Thread] Pausing main loop
04 Oct 2016, 22:33:53.914 [  FINER] [   FXGL.SystemLogger] [JavaFX Application Thread] Pausing main loop
04 Oct 2016, 22:33:53.915 [  FINER] [   FXGL.SystemLogger] [JavaFX Application Thread] Pausing main loop
04 Oct 2016, 22:33:53.915 [  FINER] [   FXGL.SystemLogger] [JavaFX Application Thread] Pausing main loop
04 Oct 2016, 22:33:53.915 [  FINER] [   FXGL.SystemLogger] [JavaFX Application Thread] Pausing main loop
04 Oct 2016, 22:33:53.916 [  FINER] [   FXGL.SystemLogger] [JavaFX Application Thread] Pausing main loop
04 Oct 2016, 22:33:53.916 [  FINER] [   FXGL.SystemLogger] [JavaFX Application Thread] Pausing main loop
04 Oct 2016, 22:33:53.917 [  FINER] [   FXGL.SystemLogger] [JavaFX Application Thread] Pausing main loop
04 Oct 2016, 22:33:53.917 [  FINER] [   FXGL.SystemLogger] [JavaFX Application Thread] Pausing main loop
04 Oct 2016, 22:33:53.917 [  FINER] [   FXGL.SystemLogger] [JavaFX Application Thread] Pausing main loop
04 Oct 2016, 22:33:53.918 [  FINER] [   FXGL.SystemLogger] [JavaFX Application Thread] Pausing main loop
04 Oct 2016, 22:33:53.918 [  FINER] [   FXGL.SystemLogger] [JavaFX Application Thread] Pausing main loop
04 Oct 2016, 22:33:53.918 [  FINER] [   FXGL.SystemLogger] [JavaFX Application Thread] Pausing main loop
04 Oct 2016, 22:33:53.918 [  FINER] [   FXGL.SystemLogger] [JavaFX Application Thread] Pausing main loop
04 Oct 2016, 22:33:53.919 [  FINER] [   FXGL.SystemLogger] [JavaFX Application Thread] Pausing main loop
04 Oct 2016, 22:33:53.919 [  FINER] [   FXGL.SystemLogger] [JavaFX Application Thread] Pausing main loop
04 Oct 2016, 22:33:53.919 [  FINER] [   FXGL.SystemLogger] [JavaFX Application Thread] Pausing main loop
04 Oct 2016, 22:33:53.919 [  FINER] [   FXGL.SystemLogger] [JavaFX Application Thread] Pausing main loop
04 Oct 2016, 22:33:53.920 [  FINER] [   FXGL.SystemLogger] [JavaFX Application Thread] Pausing main loop
04 Oct 2016, 22:33:53.920 [  FINER] [   FXGL.SystemLogger] [JavaFX Application Thread] Pausing main loop
04 Oct 2016, 22:33:53.920 [  FINER] [   FXGL.SystemLogger] [JavaFX Application Thread] Pausing main loop
04 Oct 2016, 22:33:53.920 [  FINER] [   FXGL.SystemLogger] [JavaFX Application Thread] Pausing main loop
04 Oct 2016, 22:33:53.921 [  FINER] [   FXGL.SystemLogger] [JavaFX Application Thread] Pausing main loop
04 Oct 2016, 22:33:53.921 [  FINER] [   FXGL.SystemLogger] [JavaFX Application Thread] Pausing main loop
04 Oct 2016, 22:33:53.921 [  FINER] [   FXGL.SystemLogger] [JavaFX Application Thread] Pausing main loop
04 Oct 2016, 22:33:53.921 [  FINER] [   FXGL.SystemLogger] [JavaFX Application Thread] Pausing main loop
04 Oct 2016, 22:33:53.921 [  FINER] [   FXGL.SystemLogger] [JavaFX Application Thread] Pausing main loop
04 Oct 2016, 22:33:53.922 [  FINER] [   FXGL.SystemLogger] [JavaFX Application Thread] Pausing main loop
04 Oct 2016, 22:33:53.922 [  FINER] [   FXGL.SystemLogger] [JavaFX Application Thread] Pausing main loop
04 Oct 2016, 22:33:53.922 [  FINER] [   FXGL.SystemLogger] [JavaFX Application Thread] Pausing main loop
04 Oct 2016, 22:33:53.922 [  FINER] [   FXGL.SystemLogger] [JavaFX Application Thread] Pausing main loop
04 Oct 2016, 22:33:53.923 [  FINER] [   FXGL.SystemLogger] [JavaFX Application Thread] Pausing main loop
04 Oct 2016, 22:33:53.923 [  FINER] [   FXGL.SystemLogger] [JavaFX Application Thread] Pausing main loop
04 Oct 2016, 22:33:53.923 [  FINER] [   FXGL.SystemLogger] [JavaFX Application Thread] Pausing main loop
04 Oct 2016, 22:33:53.923 [  FINER] [   FXGL.SystemLogger] [JavaFX Application Thread] Pausing main loop
04 Oct 2016, 22:33:53.923 [  FINER] [   FXGL.SystemLogger] [JavaFX Application Thread] Pausing main loop
04 Oct 2016, 22:33:53.924 [  FINER] [   FXGL.SystemLogger] [JavaFX Application Thread] Pausing main loop
04 Oct 2016, 22:33:53.924 [  FINER] [   FXGL.SystemLogger] [JavaFX Application Thread] Pausing main loop
04 Oct 2016, 22:33:53.924 [  FINER] [   FXGL.SystemLogger] [JavaFX Application Thread] Pausing main loop
04 Oct 2016, 22:33:53.924 [  FINER] [   FXGL.SystemLogger] [JavaFX Application Thread] Pausing main loop
04 Oct 2016, 22:33:53.924 [  FINER] [   FXGL.SystemLogger] [JavaFX Application Thread] Pausing main loop
04 Oct 2016, 22:33:53.925 [  FINER] [   FXGL.SystemLogger] [JavaFX Application Thread] Pausing main loop
04 Oct 2016, 22:33:53.925 [  FINER] [   FXGL.SystemLogger] [JavaFX Application Thread] Pausing main loop
04 Oct 2016, 22:33:53.925 [  FINER] [   FXGL.SystemLogger] [JavaFX Application Thread] Pausing main loop
04 Oct 2016, 22:33:53.925 [  FINER] [   FXGL.SystemLogger] [JavaFX Application Thread] Pausing main loop
04 Oct 2016, 22:33:53.926 [  FINER] [   FXGL.SystemLogger] [JavaFX Application Thread] Pausing main loop
04 Oct 2016, 22:33:53.926 [  FINER] [   FXGL.SystemLogger] [JavaFX Application Thread] Pausing main loop
04 Oct 2016, 22:33:53.926 [  FINER] [   FXGL.SystemLogger] [JavaFX Application Thread] Pausing main loop
04 Oct 2016, 22:33:53.927 [  FINER] [   FXGL.SystemLogger] [JavaFX Application Thread] Pausing main loop
04 Oct 2016, 22:33:53.927 [  FINER] [   FXGL.SystemLogger] [JavaFX Application Thread] Pausing main loop
04 Oct 2016, 22:33:53.928 [  FINER] [   FXGL.SystemLogger] [JavaFX Application Thread] Pausing main loop
04 Oct 2016, 22:33:53.928 [  FINER] [   FXGL.SystemLogger] [JavaFX Application Thread] Pausing main loop
04 Oct 2016, 22:33:53.929 [  FINER] [   FXGL.SystemLogger] [JavaFX Application Thread] Pausing main loop
04 Oct 2016, 22:33:53.929 [  FINER] [   FXGL.SystemLogger] [JavaFX Application Thread] Pausing main loop
04 Oct 2016, 22:33:53.930 [  FINER] [   FXGL.SystemLogger] [JavaFX Application Thread] Pausing main loop
04 Oct 2016, 22:33:53.930 [  FINER] [   FXGL.SystemLogger] [JavaFX Application Thread] Pausing main loop
04 Oct 2016, 22:33:53.930 [  FINER] [   FXGL.SystemLogger] [JavaFX Application Thread] Pausing main loop
04 Oct 2016, 22:33:53.931 [  FINER] [   FXGL.SystemLogger] [JavaFX Application Thread] Pausing main loop
04 Oct 2016, 22:33:53.931 [  FINER] [   FXGL.SystemLogger] [JavaFX Application Thread] Pausing main loop
04 Oct 2016, 22:33:53.931 [  FINER] [   FXGL.SystemLogger] [JavaFX Application Thread] Pausing main loop
04 Oct 2016, 22:33:53.932 [  FINER] [   FXGL.SystemLogger] [JavaFX Application Thread] Pausing main loop
04 Oct 2016, 22:33:53.932 [  FINER] [   FXGL.SystemLogger] [JavaFX Application Thread] Pausing main loop
04 Oct 2016, 22:33:53.933 [  FINER] [   FXGL.SystemLogger] [JavaFX Application Thread] Pausing main loop
04 Oct 2016, 22:33:53.933 [  FINER] [   FXGL.SystemLogger] [JavaFX Application Thread] Pausing main loop
04 Oct 2016, 22:33:53.933 [  FINER] [   FXGL.SystemLogger] [JavaFX Application Thread] Pausing main loop
04 Oct 2016, 22:33:53.933 [  FINER] [   FXGL.SystemLogger] [JavaFX Application Thread] Pausing main loop
04 Oct 2016, 22:33:53.934 [  FINER] [   FXGL.SystemLogger] [JavaFX Application Thread] Pausing main loop
04 Oct 2016, 22:33:53.934 [  FINER] [   FXGL.SystemLogger] [JavaFX Application Thread] Pausing main loop
04 Oct 2016, 22:33:53.934 [  FINER] [   FXGL.SystemLogger] [JavaFX Application Thread] Pausing main loop
04 Oct 2016, 22:33:53.934 [  FINER] [   FXGL.SystemLogger] [JavaFX Application Thread] Pausing main loop
04 Oct 2016, 22:33:53.935 [  FINER] [   FXGL.SystemLogger] [JavaFX Application Thread] Pausing main loop
04 Oct 2016, 22:33:53.935 [  FINER] [   FXGL.SystemLogger] [JavaFX Application Thread] Pausing main loop
04 Oct 2016, 22:33:53.935 [  FINER] [   FXGL.SystemLogger] [JavaFX Application Thread] Pausing main loop
04 Oct 2016, 22:33:53.935 [  FINER] [   FXGL.SystemLogger] [JavaFX Application Thread] Pausing main loop
04 Oct 2016, 22:33:53.936 [  FINER] [   FXGL.SystemLogger] [JavaFX Application Thread] Pausing main loop
04 Oct 2016, 22:33:53.936 [  FINER] [   FXGL.SystemLogger] [JavaFX Application Thread] Pausing main loop
04 Oct 2016, 22:33:53.937 [  FINER] [   FXGL.SystemLogger] [JavaFX Application Thread] Pausing main loop
04 Oct 2016, 22:33:53.937 [  FINER] [   FXGL.SystemLogger] [JavaFX Application Thread] Pausing main loop
04 Oct 2016, 22:33:53.938 [  FINER] [   FXGL.SystemLogger] [JavaFX Application Thread] Pausing main loop
04 Oct 2016, 22:33:53.939 [  FINER] [   FXGL.SystemLogger] [JavaFX Application Thread] Pausing main loop
04 Oct 2016, 22:33:53.939 [  FINER] [   FXGL.SystemLogger] [JavaFX Application Thread] Pausing main loop
04 Oct 2016, 22:33:53.940 [  FINER] [   FXGL.SystemLogger] [JavaFX Application Thread] Pausing main loop
04 Oct 2016, 22:33:53.940 [  FINER] [   FXGL.SystemLogger] [JavaFX Application Thread] Pausing main loop
04 Oct 2016, 22:33:53.941 [  FINER] [   FXGL.SystemLogger] [JavaFX Application Thread] Pausing main loop
04 Oct 2016, 22:33:53.942 [  FINER] [   FXGL.SystemLogger] [JavaFX Application Thread] Pausing main loop
04 Oct 2016, 22:33:53.942 [  FINER] [   FXGL.SystemLogger] [JavaFX Application Thread] Pausing main loop
04 Oct 2016, 22:33:53.943 [  FINER] [   FXGL.SystemLogger] [JavaFX Application Thread] Pausing main loop
04 Oct 2016, 22:33:53.944 [  FINER] [   FXGL.SystemLogger] [JavaFX Application Thread] Pausing main loop
04 Oct 2016, 22:33:53.944 [  FINER] [   FXGL.SystemLogger] [JavaFX Application Thread] Pausing main loop
04 Oct 2016, 22:33:53.945 [  FINER] [   FXGL.SystemLogger] [JavaFX Application Thread] Pausing main loop
04 Oct 2016, 22:33:53.945 [  FINER] [   FXGL.SystemLogger] [JavaFX Application Thread] Pausing main loop
04 Oct 2016, 22:33:53.945 [  FINER] [   FXGL.SystemLogger] [JavaFX Application Thread] Pausing main loop
04 Oct 2016, 22:33:53.946 [  FINER] [   FXGL.SystemLogger] [JavaFX Application Thread] Pausing main loop
04 Oct 2016, 22:33:53.946 [  FINER] [   FXGL.SystemLogger] [JavaFX Application Thread] Pausing main loop
04 Oct 2016, 22:33:53.947 [  FINER] [   FXGL.SystemLogger] [JavaFX Application Thread] Pausing main loop
04 Oct 2016, 22:33:53.947 [  FINER] [   FXGL.SystemLogger] [JavaFX Application Thread] Pausing main loop
04 Oct 2016, 22:33:53.947 [  FINER] [   FXGL.SystemLogger] [JavaFX Application Thread] Pausing main loop
04 Oct 2016, 22:33:53.948 [  FINER] [   FXGL.SystemLogger] [JavaFX Application Thread] Pausing main loop
04 Oct 2016, 22:33:53.948 [  FINER] [   FXGL.SystemLogger] [JavaFX Application Thread] Pausing main loop
04 Oct 2016, 22:33:53.948 [  FINER] [   FXGL.SystemLogger] [JavaFX Application Thread] Pausing main loop
04 Oct 2016, 22:33:53.948 [  FINER] [   FXGL.SystemLogger] [JavaFX Application Thread] Pausing main loop
04 Oct 2016, 22:33:53.949 [  FINER] [   FXGL.SystemLogger] [JavaFX Application Thread] Pausing main loop
04 Oct 2016, 22:33:53.949 [  FINER] [   FXGL.SystemLogger] [JavaFX Application Thread] Pausing main loop
04 Oct 2016, 22:33:53.949 [  FINER] [   FXGL.SystemLogger] [JavaFX Application Thread] Pausing main loop
04 Oct 2016, 22:33:53.950 [  FINER] [   FXGL.SystemLogger] [JavaFX Application Thread] Pausing main loop
04 Oct 2016, 22:33:53.950 [  FINER] [   FXGL.SystemLogger] [JavaFX Application Thread] Pausing main loop
04 Oct 2016, 22:33:53.950 [  FINER] [   FXGL.SystemLogger] [JavaFX Application Thread] Pausing main loop
04 Oct 2016, 22:33:53.951 [  FINER] [   FXGL.SystemLogger] [JavaFX Application Thread] Pausing main loop
04 Oct 2016, 22:33:53.951 [  FINER] [   FXGL.SystemLogger] [JavaFX Application Thread] Pausing main loop
04 Oct 2016, 22:33:53.951 [  FINER] [   FXGL.SystemLogger] [JavaFX Application Thread] Pausing main loop
04 Oct 2016, 22:33:53.952 [  FINER] [   FXGL.SystemLogger] [JavaFX Application Thread] Pausing main loop
04 Oct 2016, 22:33:53.952 [  FINER] [   FXGL.SystemLogger] [JavaFX Application Thread] Pausing main loop
04 Oct 2016, 22:33:53.952 [  FINER] [   FXGL.SystemLogger] [JavaFX Application Thread] Pausing main loop
04 Oct 2016, 22:33:53.952 [  FINER] [   FXGL.SystemLogger] [JavaFX Application Thread] Pausing main loop
04 Oct 2016, 22:33:53.953 [  FINER] [   FXGL.SystemLogger] [JavaFX Application Thread] Pausing main loop
04 Oct 2016, 22:33:53.953 [  FINER] [   FXGL.SystemLogger] [JavaFX Application Thread] Pausing main loop
04 Oct 2016, 22:33:53.954 [  FINER] [   FXGL.SystemLogger] [JavaFX Application Thread] Pausing main loop
04 Oct 2016, 22:33:53.955 [  FINER] [   FXGL.SystemLogger] [JavaFX Application Thread] Pausing main loop
04 Oct 2016, 22:33:53.955 [  FINER] [   FXGL.SystemLogger] [JavaFX Application Thread] Pausing main loop
04 Oct 2016, 22:33:53.955 [  FINER] [   FXGL.SystemLogger] [JavaFX Application Thread] Pausing main loop
04 Oct 2016, 22:33:53.956 [  FINER] [   FXGL.SystemLogger] [JavaFX Application Thread] Pausing main loop
04 Oct 2016, 22:33:53.956 [  FINER] [   FXGL.SystemLogger] [JavaFX Application Thread] Pausing main loop
04 Oct 2016, 22:33:53.957 [  FINER] [   FXGL.SystemLogger] [JavaFX Application Thread] Pausing main loop
04 Oct 2016, 22:33:53.957 [  FINER] [   FXGL.SystemLogger] [JavaFX Application Thread] Pausing main loop
04 Oct 2016, 22:33:53.957 [  FINER] [   FXGL.SystemLogger] [JavaFX Application Thread] Pausing main loop
04 Oct 2016, 22:33:53.958 [  FINER] [   FXGL.SystemLogger] [JavaFX Application Thread] Pausing main loop
04 Oct 2016, 22:33:53.958 [  FINER] [   FXGL.SystemLogger] [JavaFX Application Thread] Pausing main loop
04 Oct 2016, 22:33:53.958 [  FINER] [   FXGL.SystemLogger] [JavaFX Application Thread] Pausing main loop
04 Oct 2016, 22:33:53.959 [  FINER] [   FXGL.SystemLogger] [JavaFX Application Thread] Pausing main loop
04 Oct 2016, 22:33:53.959 [  FINER] [   FXGL.SystemLogger] [JavaFX Application Thread] Pausing main loop
04 Oct 2016, 22:33:53.959 [  FINER] [   FXGL.SystemLogger] [JavaFX Application Thread] Pausing main loop
04 Oct 2016, 22:33:53.960 [  FINER] [   FXGL.SystemLogger] [JavaFX Application Thread] Pausing main loop
04 Oct 2016, 22:33:53.960 [  FINER] [   FXGL.SystemLogger] [JavaFX Application Thread] Pausing main loop
04 Oct 2016, 22:33:53.960 [  FINER] [   FXGL.SystemLogger] [JavaFX Application Thread] Pausing main loop
04 Oct 2016, 22:33:53.960 [  FINER] [   FXGL.SystemLogger] [JavaFX Application Thread] Pausing main loop
04 Oct 2016, 22:33:53.960 [  FINER] [   FXGL.SystemLogger] [JavaFX Application Thread] Pausing main loop
04 Oct 2016, 22:33:53.960 [  FINER] [   FXGL.SystemLogger] [JavaFX Application Thread] Pausing main loop
04 Oct 2016, 22:33:53.961 [  FINER] [   FXGL.SystemLogger] [JavaFX Application Thread] Pausing main loop
04 Oct 2016, 22:33:53.961 [  FINER] [   FXGL.SystemLogger] [JavaFX Application Thread] Pausing main loop
04 Oct 2016, 22:33:53.961 [  FINER] [   FXGL.SystemLogger] [JavaFX Application Thread] Pausing main loop
04 Oct 2016, 22:33:53.962 [  FINER] [   FXGL.SystemLogger] [JavaFX Application Thread] Pausing main loop
04 Oct 2016, 22:33:53.963 [  FINER] [   FXGL.SystemLogger] [JavaFX Application Thread] Pausing main loop
04 Oct 2016, 22:33:53.963 [  FINER] [   FXGL.SystemLogger] [JavaFX Application Thread] Pausing main loop
04 Oct 2016, 22:33:53.964 [  FINER] [   FXGL.SystemLogger] [JavaFX Application Thread] Pausing main loop
04 Oct 2016, 22:33:53.964 [  FINER] [   FXGL.SystemLogger] [JavaFX Application Thread] Pausing main loop
04 Oct 2016, 22:33:53.965 [  FINER] [   FXGL.SystemLogger] [JavaFX Application Thread] Pausing main loop
04 Oct 2016, 22:33:53.965 [  FINER] [   FXGL.SystemLogger] [JavaFX Application Thread] Pausing main loop
04 Oct 2016, 22:33:53.966 [  FINER] [   FXGL.SystemLogger] [JavaFX Application Thread] Pausing main loop
04 Oct 2016, 22:33:53.966 [  FINER] [   FXGL.SystemLogger] [JavaFX Application Thread] Pausing main loop
04 Oct 2016, 22:33:53.966 [  FINER] [   FXGL.SystemLogger] [JavaFX Application Thread] Pausing main loop
04 Oct 2016, 22:33:53.967 [  FINER] [   FXGL.SystemLogger] [JavaFX Application Thread] Pausing main loop
04 Oct 2016, 22:33:53.967 [  FINER] [   FXGL.SystemLogger] [JavaFX Application Thread] Pausing main loop
04 Oct 2016, 22:33:53.968 [  FINER] [   FXGL.SystemLogger] [JavaFX Application Thread] Pausing main loop
04 Oct 2016, 22:33:53.968 [  FINER] [   FXGL.SystemLogger] [JavaFX Application Thread] Pausing main loop
04 Oct 2016, 22:33:53.968 [  FINER] [   FXGL.SystemLogger] [JavaFX Application Thread] Pausing main loop
04 Oct 2016, 22:33:53.969 [  FINER] [   FXGL.SystemLogger] [JavaFX Application Thread] Pausing main loop
04 Oct 2016, 22:33:53.969 [  FINER] [   FXGL.SystemLogger] [JavaFX Application Thread] Pausing main loop
04 Oct 2016, 22:33:53.970 [  FINER] [   FXGL.SystemLogger] [JavaFX Application Thread] Pausing main loop
04 Oct 2016, 22:33:53.971 [  FINER] [   FXGL.SystemLogger] [JavaFX Application Thread] Pausing main loop
04 Oct 2016, 22:33:53.971 [  FINER] [   FXGL.SystemLogger] [JavaFX Application Thread] Pausing main loop
04 Oct 2016, 22:33:53.972 [  FINER] [   FXGL.SystemLogger] [JavaFX Application Thread] Pausing main loop
04 Oct 2016, 22:33:53.972 [  FINER] [   FXGL.SystemLogger] [JavaFX Application Thread] Pausing main loop
04 Oct 2016, 22:33:53.973 [  FINER] [   FXGL.SystemLogger] [JavaFX Application Thread] Pausing main loop
04 Oct 2016, 22:33:53.973 [  FINER] [   FXGL.SystemLogger] [JavaFX Application Thread] Pausing main loop
04 Oct 2016, 22:33:53.974 [  FINER] [   FXGL.SystemLogger] [JavaFX Application Thread] Pausing main loop
04 Oct 2016, 22:33:53.974 [  FINER] [   FXGL.SystemLogger] [JavaFX Application Thread] Pausing main loop
04 Oct 2016, 22:33:53.975 [  FINER] [   FXGL.SystemLogger] [JavaFX Application Thread] Pausing main loop
04 Oct 2016, 22:33:53.975 [  FINER] [   FXGL.SystemLogger] [JavaFX Application Thread] Pausing main loop
04 Oct 2016, 22:33:53.976 [  FINER] [   FXGL.SystemLogger] [JavaFX Application Thread] Pausing main loop
04 Oct 2016, 22:33:53.977 [  FINER] [   FXGL.SystemLogger] [JavaFX Application Thread] Pausing main loop
04 Oct 2016, 22:33:53.978 [  FINER] [   FXGL.SystemLogger] [JavaFX Application Thread] Pausing main loop
04 Oct 2016, 22:33:53.978 [  FINER] [   FXGL.SystemLogger] [JavaFX Application Thread] Pausing main loop
04 Oct 2016, 22:33:53.979 [  FINER] [   FXGL.SystemLogger] [JavaFX Application Thread] Pausing main loop
04 Oct 2016, 22:33:53.979 [  FINER] [   FXGL.SystemLogger] [JavaFX Application Thread] Pausing main loop
04 Oct 2016, 22:33:53.980 [  FINER] [   FXGL.SystemLogger] [JavaFX Application Thread] Pausing main loop
04 Oct 2016, 22:33:53.980 [  FINER] [   FXGL.SystemLogger] [JavaFX Application Thread] Pausing main loop
04 Oct 2016, 22:33:53.980 [  FINER] [   FXGL.SystemLogger] [JavaFX Application Thread] Pausing main loop
04 Oct 2016, 22:33:53.981 [  FINER] [   FXGL.SystemLogger] [JavaFX Application Thread] Pausing main loop
04 Oct 2016, 22:33:53.981 [  FINER] [   FXGL.SystemLogger] [JavaFX Application Thread] Pausing main loop
04 Oct 2016, 22:33:53.981 [  FINER] [   FXGL.SystemLogger] [JavaFX Application Thread] Pausing main loop
04 Oct 2016, 22:33:53.982 [  FINER] [   FXGL.SystemLogger] [JavaFX Application Thread] Pausing main loop
04 Oct 2016, 22:33:53.982 [  FINER] [   FXGL.SystemLogger] [JavaFX Application Thread] Pausing main loop
04 Oct 2016, 22:33:53.982 [  FINER] [   FXGL.SystemLogger] [JavaFX Application Thread] Pausing main loop
04 Oct 2016, 22:33:53.982 [  FINER] [   FXGL.SystemLogger] [JavaFX Application Thread] Pausing main loop
04 Oct 2016, 22:33:53.983 [  FINER] [   FXGL.SystemLogger] [JavaFX Application Thread] Pausing main loop
04 Oct 2016, 22:33:53.983 [  FINER] [   FXGL.SystemLogger] [JavaFX Application Thread] Pausing main loop
04 Oct 2016, 22:33:53.983 [  FINER] [   FXGL.SystemLogger] [JavaFX Application Thread] Pausing main loop
04 Oct 2016, 22:33:53.983 [  FINER] [   FXGL.SystemLogger] [JavaFX Application Thread] Pausing main loop
04 Oct 2016, 22:33:53.984 [  FINER] [   FXGL.SystemLogger] [JavaFX Application Thread] Pausing main loop
04 Oct 2016, 22:33:53.984 [  FINER] [   FXGL.SystemLogger] [JavaFX Application Thread] Pausing main loop
04 Oct 2016, 22:33:53.984 [  FINER] [   FXGL.SystemLogger] [JavaFX Application Thread] Pausing main loop
04 Oct 2016, 22:33:53.984 [  FINER] [   FXGL.SystemLogger] [JavaFX Application Thread] Pausing main loop
04 Oct 2016, 22:33:53.984 [  FINER] [   FXGL.SystemLogger] [JavaFX Application Thread] Pausing main loop
04 Oct 2016, 22:33:53.985 [  FINER] [   FXGL.SystemLogger] [JavaFX Application Thread] Pausing main loop
04 Oct 2016, 22:33:53.985 [  FINER] [   FXGL.SystemLogger] [JavaFX Application Thread] Pausing main loop
04 Oct 2016, 22:33:53.986 [  FINER] [   FXGL.SystemLogger] [JavaFX Application Thread] Pausing main loop
04 Oct 2016, 22:33:53.986 [  FINER] [   FXGL.SystemLogger] [JavaFX Application Thread] Pausing main loop
04 Oct 2016, 22:33:53.986 [  FINER] [   FXGL.SystemLogger] [JavaFX Application Thread] Pausing main loop
04 Oct 2016, 22:33:53.987 [  FINER] [   FXGL.SystemLogger] [JavaFX Application Thread] Pausing main loop
04 Oct 2016, 22:33:53.987 [  FINER] [   FXGL.SystemLogger] [JavaFX Application Thread] Pausing main loop
04 Oct 2016, 22:33:53.987 [  FINER] [   FXGL.SystemLogger] [JavaFX Application Thread] Pausing main loop
04 Oct 2016, 22:33:53.987 [  FINER] [   FXGL.SystemLogger] [JavaFX Application Thread] Pausing main loop
04 Oct 2016, 22:33:53.987 [  FINER] [   FXGL.SystemLogger] [JavaFX Application Thread] Pausing main loop
04 Oct 2016, 22:33:53.987 [  FINER] [   FXGL.SystemLogger] [JavaFX Application Thread] Pausing main loop
04 Oct 2016, 22:33:53.988 [  FINER] [   FXGL.SystemLogger] [JavaFX Application Thread] Pausing main loop
04 Oct 2016, 22:33:53.988 [  FINER] [   FXGL.SystemLogger] [JavaFX Application Thread] Pausing main loop
04 Oct 2016, 22:33:53.988 [  FINER] [   FXGL.SystemLogger] [JavaFX Application Thread] Pausing main loop
04 Oct 2016, 22:33:53.988 [  FINER] [   FXGL.SystemLogger] [JavaFX Application Thread] Pausing main loop
04 Oct 2016, 22:33:53.988 [  FINER] [   FXGL.SystemLogger] [JavaFX Application Thread] Pausing main loop
04 Oct 2016, 22:33:53.988 [  FINER] [   FXGL.SystemLogger] [JavaFX Application Thread] Pausing main loop
04 Oct 2016, 22:33:53.989 [  FINER] [   FXGL.SystemLogger] [JavaFX Application Thread] Pausing main loop
04 Oct 2016, 22:33:53.989 [  FINER] [   FXGL.SystemLogger] [JavaFX Application Thread] Pausing main loop
04 Oct 2016, 22:33:53.989 [  FINER] [   FXGL.SystemLogger] [JavaFX Application Thread] Pausing main loop
04 Oct 2016, 22:33:53.989 [  FINER] [   FXGL.SystemLogger] [JavaFX Application Thread] Pausing main loop
04 Oct 2016, 22:33:53.989 [  FINER] [   FXGL.SystemLogger] [JavaFX Application Thread] Pausing main loop
04 Oct 2016, 22:33:53.989 [  FINER] [   FXGL.SystemLogger] [JavaFX Application Thread] Pausing main loop
04 Oct 2016, 22:33:53.990 [  FINER] [   FXGL.SystemLogger] [JavaFX Application Thread] Pausing main loop
04 Oct 2016, 22:33:53.990 [  FINER] [   FXGL.SystemLogger] [JavaFX Application Thread] Pausing main loop
04 Oct 2016, 22:33:53.990 [  FINER] [   FXGL.SystemLogger] [JavaFX Application Thread] Pausing main loop
04 Oct 2016, 22:33:53.990 [  FINER] [   FXGL.SystemLogger] [JavaFX Application Thread] Pausing main loop
04 Oct 2016, 22:33:53.990 [  FINER] [   FXGL.SystemLogger] [JavaFX Application Thread] Pausing main loop
04 Oct 2016, 22:33:53.991 [  FINER] [   FXGL.SystemLogger] [JavaFX Application Thread] Pausing main loop
04 Oct 2016, 22:33:53.991 [  FINER] [   FXGL.SystemLogger] [JavaFX Application Thread] Pausing main loop
04 Oct 2016, 22:33:53.991 [  FINER] [   FXGL.SystemLogger] [JavaFX Application Thread] Pausing main loop
04 Oct 2016, 22:33:53.991 [  FINER] [   FXGL.SystemLogger] [JavaFX Application Thread] Pausing main loop
04 Oct 2016, 22:33:53.992 [  FINER] [   FXGL.SystemLogger] [JavaFX Application Thread] Pausing main loop
04 Oct 2016, 22:33:53.992 [  FINER] [   FXGL.SystemLogger] [JavaFX Application Thread] Pausing main loop
04 Oct 2016, 22:33:53.992 [  FINER] [   FXGL.SystemLogger] [JavaFX Application Thread] Pausing main loop
04 Oct 2016, 22:33:53.992 [  FINER] [   FXGL.SystemLogger] [JavaFX Application Thread] Pausing main loop
04 Oct 2016, 22:33:53.993 [  FINER] [   FXGL.SystemLogger] [JavaFX Application Thread] Pausing main loop
04 Oct 2016, 22:33:53.993 [  FINER] [   FXGL.SystemLogger] [JavaFX Application Thread] Pausing main loop
04 Oct 2016, 22:33:53.993 [  FINER] [   FXGL.SystemLogger] [JavaFX Application Thread] Pausing main loop
04 Oct 2016, 22:33:53.993 [  FINER] [   FXGL.SystemLogger] [JavaFX Application Thread] Pausing main loop
04 Oct 2016, 22:33:53.994 [  FINER] [   FXGL.SystemLogger] [JavaFX Application Thread] Pausing main loop
04 Oct 2016, 22:33:53.994 [  FINER] [   FXGL.SystemLogger] [JavaFX Application Thread] Pausing main loop
04 Oct 2016, 22:33:53.994 [  FINER] [   FXGL.SystemLogger] [JavaFX Application Thread] Pausing main loop
04 Oct 2016, 22:33:53.994 [  FINER] [   FXGL.SystemLogger] [JavaFX Application Thread] Pausing main loop
04 Oct 2016, 22:33:53.995 [  FINER] [   FXGL.SystemLogger] [JavaFX Application Thread] Pausing main loop
04 Oct 2016, 22:33:53.995 [  FINER] [   FXGL.SystemLogger] [JavaFX Application Thread] Pausing main loop
04 Oct 2016, 22:33:53.995 [  FINER] [   FXGL.SystemLogger] [JavaFX Application Thread] Pausing main loop
04 Oct 2016, 22:33:53.995 [  FINER] [   FXGL.SystemLogger] [JavaFX Application Thread] Pausing main loop
04 Oct 2016, 22:34:07.730 [  FINER] [   FXGL.SystemLogger] [JavaFX Application Thread] Pausing main loop
04 Oct 2016, 22:34:07.731 [  FINER] [   FXGL.SystemLogger] [JavaFX Application Thread] Pausing main loop
04 Oct 2016, 22:34:07.731 [  FINER] [   FXGL.SystemLogger] [JavaFX Application Thread] Pausing main loop
04 Oct 2016, 22:34:07.731 [  FINER] [   FXGL.SystemLogger] [JavaFX Application Thread] Pausing main loop
04 Oct 2016, 22:34:07.731 [  FINER] [   FXGL.SystemLogger] [JavaFX Application Thread] Pausing main loop
04 Oct 2016, 22:34:07.731 [  FINER] [   FXGL.SystemLogger] [JavaFX Application Thread] Pausing main loop
04 Oct 2016, 22:34:07.731 [  FINER] [   FXGL.SystemLogger] [JavaFX Application Thread] Pausing main loop
04 Oct 2016, 22:34:07.731 [  FINER] [   FXGL.SystemLogger] [JavaFX Application Thread] Pausing main loop
04 Oct 2016, 22:34:07.732 [  FINER] [   FXGL.SystemLogger] [JavaFX Application Thread] Pausing main loop
04 Oct 2016, 22:34:07.732 [  FINER] [   FXGL.SystemLogger] [JavaFX Application Thread] Pausing main loop
04 Oct 2016, 22:34:07.732 [  FINER] [   FXGL.SystemLogger] [JavaFX Application Thread] Pausing main loop
04 Oct 2016, 22:34:07.732 [  FINER] [   FXGL.SystemLogger] [JavaFX Application Thread] Pausing main loop
04 Oct 2016, 22:34:07.733 [  FINER] [   FXGL.SystemLogger] [JavaFX Application Thread] Pausing main loop
04 Oct 2016, 22:34:07.733 [  FINER] [   FXGL.SystemLogger] [JavaFX Application Thread] Pausing main loop
04 Oct 2016, 22:34:07.733 [  FINER] [   FXGL.SystemLogger] [JavaFX Application Thread] Pausing main loop
04 Oct 2016, 22:34:07.733 [  FINER] [   FXGL.SystemLogger] [JavaFX Application Thread] Pausing main loop
04 Oct 2016, 22:34:07.733 [  FINER] [   FXGL.SystemLogger] [JavaFX Application Thread] Pausing main loop
04 Oct 2016, 22:34:07.733 [  FINER] [   FXGL.SystemLogger] [JavaFX Application Thread] Pausing main loop
04 Oct 2016, 22:34:07.734 [  FINER] [   FXGL.SystemLogger] [JavaFX Application Thread] Pausing main loop
04 Oct 2016, 22:34:07.734 [  FINER] [   FXGL.SystemLogger] [JavaFX Application Thread] Pausing main loop
04 Oct 2016, 22:34:07.734 [  FINER] [   FXGL.SystemLogger] [JavaFX Application Thread] Pausing main loop
04 Oct 2016, 22:34:07.734 [  FINER] [   FXGL.SystemLogger] [JavaFX Application Thread] Pausing main loop
04 Oct 2016, 22:34:07.734 [  FINER] [   FXGL.SystemLogger] [JavaFX Application Thread] Pausing main loop
04 Oct 2016, 22:34:07.735 [  FINER] [   FXGL.SystemLogger] [JavaFX Application Thread] Pausing main loop
04 Oct 2016, 22:34:07.735 [  FINER] [   FXGL.SystemLogger] [JavaFX Application Thread] Pausing main loop
04 Oct 2016, 22:34:07.735 [  FINER] [   FXGL.SystemLogger] [JavaFX Application Thread] Pausing main loop
04 Oct 2016, 22:34:07.735 [  FINER] [   FXGL.SystemLogger] [JavaFX Application Thread] Pausing main loop
04 Oct 2016, 22:34:07.735 [  FINER] [   FXGL.SystemLogger] [JavaFX Application Thread] Pausing main loop
04 Oct 2016, 22:34:07.736 [  FINER] [   FXGL.SystemLogger] [JavaFX Application Thread] Pausing main loop
04 Oct 2016, 22:34:07.736 [  FINER] [   FXGL.SystemLogger] [JavaFX Application Thread] Pausing main loop
04 Oct 2016, 22:34:07.736 [  FINER] [   FXGL.SystemLogger] [JavaFX Application Thread] Pausing main loop
04 Oct 2016, 22:34:07.736 [  FINER] [   FXGL.SystemLogger] [JavaFX Application Thread] Pausing main loop
04 Oct 2016, 22:34:07.736 [  FINER] [   FXGL.SystemLogger] [JavaFX Application Thread] Pausing main loop
04 Oct 2016, 22:34:07.737 [  FINER] [   FXGL.SystemLogger] [JavaFX Application Thread] Pausing main loop
04 Oct 2016, 22:34:07.737 [  FINER] [   FXGL.SystemLogger] [JavaFX Application Thread] Pausing main loop
04 Oct 2016, 22:34:07.737 [  FINER] [   FXGL.SystemLogger] [JavaFX Application Thread] Pausing main loop
04 Oct 2016, 22:34:07.737 [  FINER] [   FXGL.SystemLogger] [JavaFX Application Thread] Pausing main loop
04 Oct 2016, 22:34:07.737 [  FINER] [   FXGL.SystemLogger] [JavaFX Application Thread] Pausing main loop
04 Oct 2016, 22:34:07.737 [  FINER] [   FXGL.SystemLogger] [JavaFX Application Thread] Pausing main loop
04 Oct 2016, 22:34:07.737 [  FINER] [   FXGL.SystemLogger] [JavaFX Application Thread] Pausing main loop
04 Oct 2016, 22:34:07.738 [  FINER] [   FXGL.SystemLogger] [JavaFX Application Thread] Pausing main loop
04 Oct 2016, 22:34:07.738 [  FINER] [   FXGL.SystemLogger] [JavaFX Application Thread] Pausing main loop
04 Oct 2016, 22:34:07.738 [  FINER] [   FXGL.SystemLogger] [JavaFX Application Thread] Pausing main loop
04 Oct 2016, 22:34:07.742 [  FINER] [   FXGL.SystemLogger] [JavaFX Application Thread] Pausing main loop
04 Oct 2016, 22:34:07.743 [  FINER] [   FXGL.SystemLogger] [JavaFX Application Thread] Pausing main loop
04 Oct 2016, 22:34:07.743 [  FINER] [   FXGL.SystemLogger] [JavaFX Application Thread] Pausing main loop
04 Oct 2016, 22:34:07.743 [  FINER] [   FXGL.SystemLogger] [JavaFX Application Thread] Pausing main loop
04 Oct 2016, 22:34:07.744 [  FINER] [   FXGL.SystemLogger] [JavaFX Application Thread] Pausing main loop
04 Oct 2016, 22:34:07.744 [  FINER] [   FXGL.SystemLogger] [JavaFX Application Thread] Pausing main loop
04 Oct 2016, 22:34:07.744 [  FINER] [   FXGL.SystemLogger] [JavaFX Application Thread] Pausing main loop
04 Oct 2016, 22:34:07.745 [  FINER] [   FXGL.SystemLogger] [JavaFX Application Thread] Pausing main loop
04 Oct 2016, 22:34:07.745 [  FINER] [   FXGL.SystemLogger] [JavaFX Application Thread] Pausing main loop
04 Oct 2016, 22:34:07.745 [  FINER] [   FXGL.SystemLogger] [JavaFX Application Thread] Pausing main loop
04 Oct 2016, 22:34:07.745 [  FINER] [   FXGL.SystemLogger] [JavaFX Application Thread] Pausing main loop
04 Oct 2016, 22:34:07.746 [  FINER] [   FXGL.SystemLogger] [JavaFX Application Thread] Pausing main loop
04 Oct 2016, 22:34:07.746 [  FINER] [   FXGL.SystemLogger] [JavaFX Application Thread] Pausing main loop
04 Oct 2016, 22:34:07.746 [  FINER] [   FXGL.SystemLogger] [JavaFX Application Thread] Pausing main loop
04 Oct 2016, 22:34:07.747 [  FINER] [   FXGL.SystemLogger] [JavaFX Application Thread] Pausing main loop
04 Oct 2016, 22:34:07.747 [  FINER] [   FXGL.SystemLogger] [JavaFX Application Thread] Pausing main loop
04 Oct 2016, 22:34:07.747 [  FINER] [   FXGL.SystemLogger] [JavaFX Application Thread] Pausing main loop
04 Oct 2016, 22:34:07.748 [  FINER] [   FXGL.SystemLogger] [JavaFX Application Thread] Pausing main loop
04 Oct 2016, 22:34:07.748 [  FINER] [   FXGL.SystemLogger] [JavaFX Application Thread] Pausing main loop
04 Oct 2016, 22:34:07.748 [  FINER] [   FXGL.SystemLogger] [JavaFX Application Thread] Pausing main loop
04 Oct 2016, 22:34:07.748 [  FINER] [   FXGL.SystemLogger] [JavaFX Application Thread] Pausing main loop
04 Oct 2016, 22:34:07.748 [  FINER] [   FXGL.SystemLogger] [JavaFX Application Thread] Pausing main loop
04 Oct 2016, 22:34:07.749 [  FINER] [   FXGL.SystemLogger] [JavaFX Application Thread] Pausing main loop
04 Oct 2016, 22:34:07.749 [  FINER] [   FXGL.SystemLogger] [JavaFX Application Thread] Pausing main loop
04 Oct 2016, 22:34:07.749 [  FINER] [   FXGL.SystemLogger] [JavaFX Application Thread] Pausing main loop
04 Oct 2016, 22:34:07.749 [  FINER] [   FXGL.SystemLogger] [JavaFX Application Thread] Pausing main loop
04 Oct 2016, 22:34:07.749 [  FINER] [   FXGL.SystemLogger] [JavaFX Application Thread] Pausing main loop
04 Oct 2016, 22:34:07.750 [  FINER] [   FXGL.SystemLogger] [JavaFX Application Thread] Pausing main loop
04 Oct 2016, 22:34:07.750 [  FINER] [   FXGL.SystemLogger] [JavaFX Application Thread] Pausing main loop
04 Oct 2016, 22:34:07.750 [  FINER] [   FXGL.SystemLogger] [JavaFX Application Thread] Pausing main loop
04 Oct 2016, 22:34:07.750 [  FINER] [   FXGL.SystemLogger] [JavaFX Application Thread] Pausing main loop
04 Oct 2016, 22:34:07.750 [  FINER] [   FXGL.SystemLogger] [JavaFX Application Thread] Pausing main loop
04 Oct 2016, 22:34:07.750 [  FINER] [   FXGL.SystemLogger] [JavaFX Application Thread] Pausing main loop
04 Oct 2016, 22:34:07.751 [  FINER] [   FXGL.SystemLogger] [JavaFX Application Thread] Pausing main loop
04 Oct 2016, 22:34:07.751 [  FINER] [   FXGL.SystemLogger] [JavaFX Application Thread] Pausing main loop
04 Oct 2016, 22:34:07.751 [  FINER] [   FXGL.SystemLogger] [JavaFX Application Thread] Pausing main loop
04 Oct 2016, 22:34:07.751 [  FINER] [   FXGL.SystemLogger] [JavaFX Application Thread] Pausing main loop
04 Oct 2016, 22:34:07.752 [  FINER] [   FXGL.SystemLogger] [JavaFX Application Thread] Pausing main loop
04 Oct 2016, 22:34:07.752 [  FINER] [   FXGL.SystemLogger] [JavaFX Application Thread] Pausing main loop
04 Oct 2016, 22:34:07.752 [  FINER] [   FXGL.SystemLogger] [JavaFX Application Thread] Pausing main loop
04 Oct 2016, 22:34:07.752 [  FINER] [   FXGL.SystemLogger] [JavaFX Application Thread] Pausing main loop
04 Oct 2016, 22:34:07.753 [  FINER] [   FXGL.SystemLogger] [JavaFX Application Thread] Pausing main loop
04 Oct 2016, 22:34:07.754 [  FINER] [   FXGL.SystemLogger] [JavaFX Application Thread] Pausing main loop
04 Oct 2016, 22:34:07.754 [  FINER] [   FXGL.SystemLogger] [JavaFX Application Thread] Pausing main loop
04 Oct 2016, 22:34:07.754 [  FINER] [   FXGL.SystemLogger] [JavaFX Application Thread] Pausing main loop
04 Oct 2016, 22:34:07.755 [  FINER] [   FXGL.SystemLogger] [JavaFX Application Thread] Pausing main loop
04 Oct 2016, 22:34:07.755 [  FINER] [   FXGL.SystemLogger] [JavaFX Application Thread] Pausing main loop
04 Oct 2016, 22:34:07.756 [  FINER] [   FXGL.SystemLogger] [JavaFX Application Thread] Pausing main loop
04 Oct 2016, 22:34:07.756 [  FINER] [   FXGL.SystemLogger] [JavaFX Application Thread] Pausing main loop
04 Oct 2016, 22:34:07.756 [  FINER] [   FXGL.SystemLogger] [JavaFX Application Thread] Pausing main loop
04 Oct 2016, 22:34:07.756 [  FINER] [   FXGL.SystemLogger] [JavaFX Application Thread] Pausing main loop
04 Oct 2016, 22:34:07.756 [  FINER] [   FXGL.SystemLogger] [JavaFX Application Thread] Pausing main loop
04 Oct 2016, 22:34:07.757 [  FINER] [   FXGL.SystemLogger] [JavaFX Application Thread] Pausing main loop
04 Oct 2016, 22:34:07.757 [  FINER] [   FXGL.SystemLogger] [JavaFX Application Thread] Pausing main loop
04 Oct 2016, 22:34:07.757 [  FINER] [   FXGL.SystemLogger] [JavaFX Application Thread] Pausing main loop
04 Oct 2016, 22:34:07.758 [  FINER] [   FXGL.SystemLogger] [JavaFX Application Thread] Pausing main loop
04 Oct 2016, 22:34:07.758 [  FINER] [   FXGL.SystemLogger] [JavaFX Application Thread] Pausing main loop
04 Oct 2016, 22:34:07.759 [  FINER] [   FXGL.SystemLogger] [JavaFX Application Thread] Pausing main loop
04 Oct 2016, 22:34:07.759 [  FINER] [   FXGL.SystemLogger] [JavaFX Application Thread] Pausing main loop
04 Oct 2016, 22:34:07.759 [  FINER] [   FXGL.SystemLogger] [JavaFX Application Thread] Pausing main loop
04 Oct 2016, 22:34:07.760 [  FINER] [   FXGL.SystemLogger] [JavaFX Application Thread] Pausing main loop
04 Oct 2016, 22:34:07.761 [  FINER] [   FXGL.SystemLogger] [JavaFX Application Thread] Pausing main loop
04 Oct 2016, 22:34:07.761 [  FINER] [   FXGL.SystemLogger] [JavaFX Application Thread] Pausing main loop
04 Oct 2016, 22:34:07.762 [  FINER] [   FXGL.SystemLogger] [JavaFX Application Thread] Pausing main loop
04 Oct 2016, 22:34:07.762 [  FINER] [   FXGL.SystemLogger] [JavaFX Application Thread] Pausing main loop
04 Oct 2016, 22:34:07.762 [  FINER] [   FXGL.SystemLogger] [JavaFX Application Thread] Pausing main loop
04 Oct 2016, 22:34:07.762 [  FINER] [   FXGL.SystemLogger] [JavaFX Application Thread] Pausing main loop
04 Oct 2016, 22:34:07.763 [  FINER] [   FXGL.SystemLogger] [JavaFX Application Thread] Pausing main loop
04 Oct 2016, 22:34:07.763 [  FINER] [   FXGL.SystemLogger] [JavaFX Application Thread] Pausing main loop
04 Oct 2016, 22:34:07.763 [  FINER] [   FXGL.SystemLogger] [JavaFX Application Thread] Pausing main loop
04 Oct 2016, 22:34:07.763 [  FINER] [   FXGL.SystemLogger] [JavaFX Application Thread] Pausing main loop
04 Oct 2016, 22:34:07.764 [  FINER] [   FXGL.SystemLogger] [JavaFX Application Thread] Pausing main loop
04 Oct 2016, 22:34:07.764 [  FINER] [   FXGL.SystemLogger] [JavaFX Application Thread] Pausing main loop
04 Oct 2016, 22:34:07.764 [  FINER] [   FXGL.SystemLogger] [JavaFX Application Thread] Pausing main loop
04 Oct 2016, 22:34:07.764 [  FINER] [   FXGL.SystemLogger] [JavaFX Application Thread] Pausing main loop
04 Oct 2016, 22:34:07.765 [  FINER] [   FXGL.SystemLogger] [JavaFX Application Thread] Pausing main loop
04 Oct 2016, 22:34:07.765 [  FINER] [   FXGL.SystemLogger] [JavaFX Application Thread] Pausing main loop
04 Oct 2016, 22:34:07.765 [  FINER] [   FXGL.SystemLogger] [JavaFX Application Thread] Pausing main loop
04 Oct 2016, 22:34:07.765 [  FINER] [   FXGL.SystemLogger] [JavaFX Application Thread] Pausing main loop
04 Oct 2016, 22:34:07.765 [  FINER] [   FXGL.SystemLogger] [JavaFX Application Thread] Pausing main loop
04 Oct 2016, 22:34:07.766 [  FINER] [   FXGL.SystemLogger] [JavaFX Application Thread] Pausing main loop
04 Oct 2016, 22:34:07.766 [  FINER] [   FXGL.SystemLogger] [JavaFX Application Thread] Pausing main loop
04 Oct 2016, 22:34:07.766 [  FINER] [   FXGL.SystemLogger] [JavaFX Application Thread] Pausing main loop
04 Oct 2016, 22:34:07.766 [  FINER] [   FXGL.SystemLogger] [JavaFX Application Thread] Pausing main loop
04 Oct 2016, 22:34:07.766 [  FINER] [   FXGL.SystemLogger] [JavaFX Application Thread] Pausing main loop
04 Oct 2016, 22:34:07.767 [  FINER] [   FXGL.SystemLogger] [JavaFX Application Thread] Pausing main loop
04 Oct 2016, 22:34:07.767 [  FINER] [   FXGL.SystemLogger] [JavaFX Application Thread] Pausing main loop
04 Oct 2016, 22:34:07.767 [  FINER] [   FXGL.SystemLogger] [JavaFX Application Thread] Pausing main loop
04 Oct 2016, 22:34:07.767 [  FINER] [   FXGL.SystemLogger] [JavaFX Application Thread] Pausing main loop
04 Oct 2016, 22:34:07.767 [  FINER] [   FXGL.SystemLogger] [JavaFX Application Thread] Pausing main loop
04 Oct 2016, 22:34:07.768 [  FINER] [   FXGL.SystemLogger] [JavaFX Application Thread] Pausing main loop
04 Oct 2016, 22:34:07.768 [  FINER] [   FXGL.SystemLogger] [JavaFX Application Thread] Pausing main loop
04 Oct 2016, 22:34:07.768 [  FINER] [   FXGL.SystemLogger] [JavaFX Application Thread] Pausing main loop
04 Oct 2016, 22:34:07.768 [  FINER] [   FXGL.SystemLogger] [JavaFX Application Thread] Pausing main loop
04 Oct 2016, 22:34:07.768 [  FINER] [   FXGL.SystemLogger] [JavaFX Application Thread] Pausing main loop
04 Oct 2016, 22:34:07.769 [  FINER] [   FXGL.SystemLogger] [JavaFX Application Thread] Pausing main loop
04 Oct 2016, 22:34:07.769 [  FINER] [   FXGL.SystemLogger] [JavaFX Application Thread] Pausing main loop
04 Oct 2016, 22:34:07.769 [  FINER] [   FXGL.SystemLogger] [JavaFX Application Thread] Pausing main loop
04 Oct 2016, 22:34:07.769 [  FINER] [   FXGL.SystemLogger] [JavaFX Application Thread] Pausing main loop
04 Oct 2016, 22:34:07.770 [  FINER] [   FXGL.SystemLogger] [JavaFX Application Thread] Pausing main loop
04 Oct 2016, 22:34:07.770 [  FINER] [   FXGL.SystemLogger] [JavaFX Application Thread] Pausing main loop
04 Oct 2016, 22:34:07.770 [  FINER] [   FXGL.SystemLogger] [JavaFX Application Thread] Pausing main loop
04 Oct 2016, 22:34:07.770 [  FINER] [   FXGL.SystemLogger] [JavaFX Application Thread] Pausing main loop
04 Oct 2016, 22:34:07.771 [  FINER] [   FXGL.SystemLogger] [JavaFX Application Thread] Pausing main loop
04 Oct 2016, 22:34:07.771 [  FINER] [   FXGL.SystemLogger] [JavaFX Application Thread] Pausing main loop
04 Oct 2016, 22:34:07.771 [  FINER] [   FXGL.SystemLogger] [JavaFX Application Thread] Pausing main loop
04 Oct 2016, 22:34:07.771 [  FINER] [   FXGL.SystemLogger] [JavaFX Application Thread] Pausing main loop
04 Oct 2016, 22:34:07.772 [  FINER] [   FXGL.SystemLogger] [JavaFX Application Thread] Pausing main loop
04 Oct 2016, 22:34:07.772 [  FINER] [   FXGL.SystemLogger] [JavaFX Application Thread] Pausing main loop
04 Oct 2016, 22:34:07.772 [  FINER] [   FXGL.SystemLogger] [JavaFX Application Thread] Pausing main loop
04 Oct 2016, 22:34:07.772 [  FINER] [   FXGL.SystemLogger] [JavaFX Application Thread] Pausing main loop
04 Oct 2016, 22:34:07.772 [  FINER] [   FXGL.SystemLogger] [JavaFX Application Thread] Pausing main loop
04 Oct 2016, 22:34:07.773 [  FINER] [   FXGL.SystemLogger] [JavaFX Application Thread] Pausing main loop
04 Oct 2016, 22:34:07.773 [  FINER] [   FXGL.SystemLogger] [JavaFX Application Thread] Pausing main loop
04 Oct 2016, 22:34:07.773 [  FINER] [   FXGL.SystemLogger] [JavaFX Application Thread] Pausing main loop
04 Oct 2016, 22:34:07.773 [  FINER] [   FXGL.SystemLogger] [JavaFX Application Thread] Pausing main loop
04 Oct 2016, 22:34:07.774 [  FINER] [   FXGL.SystemLogger] [JavaFX Application Thread] Pausing main loop
04 Oct 2016, 22:34:07.774 [  FINER] [   FXGL.SystemLogger] [JavaFX Application Thread] Pausing main loop
04 Oct 2016, 22:34:07.774 [  FINER] [   FXGL.SystemLogger] [JavaFX Application Thread] Pausing main loop
04 Oct 2016, 22:34:07.774 [  FINER] [   FXGL.SystemLogger] [JavaFX Application Thread] Pausing main loop
04 Oct 2016, 22:34:07.775 [  FINER] [   FXGL.SystemLogger] [JavaFX Application Thread] Pausing main loop
04 Oct 2016, 22:34:07.775 [  FINER] [   FXGL.SystemLogger] [JavaFX Application Thread] Pausing main loop
04 Oct 2016, 22:34:07.775 [  FINER] [   FXGL.SystemLogger] [JavaFX Application Thread] Pausing main loop
04 Oct 2016, 22:34:07.775 [  FINER] [   FXGL.SystemLogger] [JavaFX Application Thread] Pausing main loop
04 Oct 2016, 22:34:07.775 [  FINER] [   FXGL.SystemLogger] [JavaFX Application Thread] Pausing main loop
04 Oct 2016, 22:34:07.776 [  FINER] [   FXGL.SystemLogger] [JavaFX Application Thread] Pausing main loop
04 Oct 2016, 22:34:07.776 [  FINER] [   FXGL.SystemLogger] [JavaFX Application Thread] Pausing main loop
04 Oct 2016, 22:34:07.776 [  FINER] [   FXGL.SystemLogger] [JavaFX Application Thread] Pausing main loop
04 Oct 2016, 22:34:07.777 [  FINER] [   FXGL.SystemLogger] [JavaFX Application Thread] Pausing main loop
04 Oct 2016, 22:34:07.777 [  FINER] [   FXGL.SystemLogger] [JavaFX Application Thread] Pausing main loop
04 Oct 2016, 22:34:07.777 [  FINER] [   FXGL.SystemLogger] [JavaFX Application Thread] Pausing main loop
04 Oct 2016, 22:34:07.778 [  FINER] [   FXGL.SystemLogger] [JavaFX Application Thread] Pausing main loop
04 Oct 2016, 22:34:07.778 [  FINER] [   FXGL.SystemLogger] [JavaFX Application Thread] Pausing main loop
04 Oct 2016, 22:34:07.779 [  FINER] [   FXGL.SystemLogger] [JavaFX Application Thread] Pausing main loop
04 Oct 2016, 22:34:07.779 [  FINER] [   FXGL.SystemLogger] [JavaFX Application Thread] Pausing main loop
04 Oct 2016, 22:34:07.779 [  FINER] [   FXGL.SystemLogger] [JavaFX Application Thread] Pausing main loop
04 Oct 2016, 22:34:07.779 [  FINER] [   FXGL.SystemLogger] [JavaFX Application Thread] Pausing main loop
04 Oct 2016, 22:34:07.779 [  FINER] [   FXGL.SystemLogger] [JavaFX Application Thread] Pausing main loop
04 Oct 2016, 22:34:07.780 [  FINER] [   FXGL.SystemLogger] [JavaFX Application Thread] Pausing main loop
04 Oct 2016, 22:34:07.780 [  FINER] [   FXGL.SystemLogger] [JavaFX Application Thread] Pausing main loop
04 Oct 2016, 22:34:07.780 [  FINER] [   FXGL.SystemLogger] [JavaFX Application Thread] Pausing main loop
04 Oct 2016, 22:34:07.780 [  FINER] [   FXGL.SystemLogger] [JavaFX Application Thread] Pausing main loop
04 Oct 2016, 22:34:07.781 [  FINER] [   FXGL.SystemLogger] [JavaFX Application Thread] Pausing main loop
04 Oct 2016, 22:34:07.781 [  FINER] [   FXGL.SystemLogger] [JavaFX Application Thread] Pausing main loop
04 Oct 2016, 22:34:07.781 [  FINER] [   FXGL.SystemLogger] [JavaFX Application Thread] Pausing main loop
04 Oct 2016, 22:34:07.781 [  FINER] [   FXGL.SystemLogger] [JavaFX Application Thread] Pausing main loop
04 Oct 2016, 22:34:07.781 [  FINER] [   FXGL.SystemLogger] [JavaFX Application Thread] Pausing main loop
04 Oct 2016, 22:34:07.781 [  FINER] [   FXGL.SystemLogger] [JavaFX Application Thread] Pausing main loop
04 Oct 2016, 22:34:07.782 [  FINER] [   FXGL.SystemLogger] [JavaFX Application Thread] Pausing main loop
04 Oct 2016, 22:34:07.782 [  FINER] [   FXGL.SystemLogger] [JavaFX Application Thread] Pausing main loop
04 Oct 2016, 22:34:07.782 [  FINER] [   FXGL.SystemLogger] [JavaFX Application Thread] Pausing main loop
04 Oct 2016, 22:34:07.782 [  FINER] [   FXGL.SystemLogger] [JavaFX Application Thread] Pausing main loop
04 Oct 2016, 22:34:07.782 [  FINER] [   FXGL.SystemLogger] [JavaFX Application Thread] Pausing main loop
04 Oct 2016, 22:34:07.782 [  FINER] [   FXGL.SystemLogger] [JavaFX Application Thread] Pausing main loop
04 Oct 2016, 22:34:07.783 [  FINER] [   FXGL.SystemLogger] [JavaFX Application Thread] Pausing main loop
04 Oct 2016, 22:34:07.783 [  FINER] [   FXGL.SystemLogger] [JavaFX Application Thread] Pausing main loop
04 Oct 2016, 22:34:07.783 [  FINER] [   FXGL.SystemLogger] [JavaFX Application Thread] Pausing main loop
04 Oct 2016, 22:34:07.783 [  FINER] [   FXGL.SystemLogger] [JavaFX Application Thread] Pausing main loop
04 Oct 2016, 22:34:07.783 [  FINER] [   FXGL.SystemLogger] [JavaFX Application Thread] Pausing main loop
04 Oct 2016, 22:34:07.783 [  FINER] [   FXGL.SystemLogger] [JavaFX Application Thread] Pausing main loop
04 Oct 2016, 22:34:07.783 [  FINER] [   FXGL.SystemLogger] [JavaFX Application Thread] Pausing main loop
04 Oct 2016, 22:34:07.783 [  FINER] [   FXGL.SystemLogger] [JavaFX Application Thread] Pausing main loop
04 Oct 2016, 22:34:07.784 [  FINER] [   FXGL.SystemLogger] [JavaFX Application Thread] Pausing main loop
04 Oct 2016, 22:34:07.784 [  FINER] [   FXGL.SystemLogger] [JavaFX Application Thread] Pausing main loop
04 Oct 2016, 22:34:07.784 [  FINER] [   FXGL.SystemLogger] [JavaFX Application Thread] Pausing main loop
04 Oct 2016, 22:34:07.784 [  FINER] [   FXGL.SystemLogger] [JavaFX Application Thread] Pausing main loop
04 Oct 2016, 22:34:07.784 [  FINER] [   FXGL.SystemLogger] [JavaFX Application Thread] Pausing main loop
04 Oct 2016, 22:34:07.784 [  FINER] [   FXGL.SystemLogger] [JavaFX Application Thread] Pausing main loop
04 Oct 2016, 22:34:07.784 [  FINER] [   FXGL.SystemLogger] [JavaFX Application Thread] Pausing main loop
04 Oct 2016, 22:34:07.784 [  FINER] [   FXGL.SystemLogger] [JavaFX Application Thread] Pausing main loop
04 Oct 2016, 22:34:07.785 [  FINER] [   FXGL.SystemLogger] [JavaFX Application Thread] Pausing main loop
04 Oct 2016, 22:34:07.785 [  FINER] [   FXGL.SystemLogger] [JavaFX Application Thread] Pausing main loop
04 Oct 2016, 22:34:07.785 [  FINER] [   FXGL.SystemLogger] [JavaFX Application Thread] Pausing main loop
04 Oct 2016, 22:34:07.785 [  FINER] [   FXGL.SystemLogger] [JavaFX Application Thread] Pausing main loop
04 Oct 2016, 22:34:07.785 [  FINER] [   FXGL.SystemLogger] [JavaFX Application Thread] Pausing main loop
04 Oct 2016, 22:34:07.785 [  FINER] [   FXGL.SystemLogger] [JavaFX Application Thread] Pausing main loop
04 Oct 2016, 22:34:07.785 [  FINER] [   FXGL.SystemLogger] [JavaFX Application Thread] Pausing main loop
04 Oct 2016, 22:34:07.785 [  FINER] [   FXGL.SystemLogger] [JavaFX Application Thread] Pausing main loop
04 Oct 2016, 22:34:07.785 [  FINER] [   FXGL.SystemLogger] [JavaFX Application Thread] Pausing main loop
04 Oct 2016, 22:34:07.786 [  FINER] [   FXGL.SystemLogger] [JavaFX Application Thread] Pausing main loop
04 Oct 2016, 22:34:07.786 [  FINER] [   FXGL.SystemLogger] [JavaFX Application Thread] Pausing main loop
04 Oct 2016, 22:34:07.786 [  FINER] [   FXGL.SystemLogger] [JavaFX Application Thread] Pausing main loop
04 Oct 2016, 22:34:07.786 [  FINER] [   FXGL.SystemLogger] [JavaFX Application Thread] Pausing main loop
04 Oct 2016, 22:34:07.786 [  FINER] [   FXGL.SystemLogger] [JavaFX Application Thread] Pausing main loop
04 Oct 2016, 22:34:07.786 [  FINER] [   FXGL.SystemLogger] [JavaFX Application Thread] Pausing main loop
04 Oct 2016, 22:34:07.786 [  FINER] [   FXGL.SystemLogger] [JavaFX Application Thread] Pausing main loop
04 Oct 2016, 22:34:07.786 [  FINER] [   FXGL.SystemLogger] [JavaFX Application Thread] Pausing main loop
04 Oct 2016, 22:34:07.787 [  FINER] [   FXGL.SystemLogger] [JavaFX Application Thread] Pausing main loop
04 Oct 2016, 22:34:07.787 [  FINER] [   FXGL.SystemLogger] [JavaFX Application Thread] Pausing main loop
04 Oct 2016, 22:34:07.787 [  FINER] [   FXGL.SystemLogger] [JavaFX Application Thread] Pausing main loop
04 Oct 2016, 22:34:07.787 [  FINER] [   FXGL.SystemLogger] [JavaFX Application Thread] Pausing main loop
04 Oct 2016, 22:34:07.787 [  FINER] [   FXGL.SystemLogger] [JavaFX Application Thread] Pausing main loop
04 Oct 2016, 22:34:07.787 [  FINER] [   FXGL.SystemLogger] [JavaFX Application Thread] Pausing main loop
04 Oct 2016, 22:34:07.787 [  FINER] [   FXGL.SystemLogger] [JavaFX Application Thread] Pausing main loop
04 Oct 2016, 22:34:07.787 [  FINER] [   FXGL.SystemLogger] [JavaFX Application Thread] Pausing main loop
04 Oct 2016, 22:34:07.788 [  FINER] [   FXGL.SystemLogger] [JavaFX Application Thread] Pausing main loop
04 Oct 2016, 22:34:07.788 [  FINER] [   FXGL.SystemLogger] [JavaFX Application Thread] Pausing main loop
04 Oct 2016, 22:34:07.788 [  FINER] [   FXGL.SystemLogger] [JavaFX Application Thread] Pausing main loop
04 Oct 2016, 22:34:07.788 [  FINER] [   FXGL.SystemLogger] [JavaFX Application Thread] Pausing main loop
04 Oct 2016, 22:34:07.788 [  FINER] [   FXGL.SystemLogger] [JavaFX Application Thread] Pausing main loop
04 Oct 2016, 22:34:07.788 [  FINER] [   FXGL.SystemLogger] [JavaFX Application Thread] Pausing main loop
04 Oct 2016, 22:34:07.788 [  FINER] [   FXGL.SystemLogger] [JavaFX Application Thread] Pausing main loop
04 Oct 2016, 22:34:07.788 [  FINER] [   FXGL.SystemLogger] [JavaFX Application Thread] Pausing main loop
04 Oct 2016, 22:34:07.788 [  FINER] [   FXGL.SystemLogger] [JavaFX Application Thread] Pausing main loop
04 Oct 2016, 22:34:07.789 [  FINER] [   FXGL.SystemLogger] [JavaFX Application Thread] Pausing main loop
04 Oct 2016, 22:34:07.789 [  FINER] [   FXGL.SystemLogger] [JavaFX Application Thread] Pausing main loop
04 Oct 2016, 22:34:07.789 [  FINER] [   FXGL.SystemLogger] [JavaFX Application Thread] Pausing main loop
04 Oct 2016, 22:34:07.789 [  FINER] [   FXGL.SystemLogger] [JavaFX Application Thread] Pausing main loop
04 Oct 2016, 22:34:07.789 [  FINER] [   FXGL.SystemLogger] [JavaFX Application Thread] Pausing main loop
04 Oct 2016, 22:34:07.789 [  FINER] [   FXGL.SystemLogger] [JavaFX Application Thread] Pausing main loop
04 Oct 2016, 22:34:07.789 [  FINER] [   FXGL.SystemLogger] [JavaFX Application Thread] Pausing main loop
04 Oct 2016, 22:34:07.789 [  FINER] [   FXGL.SystemLogger] [JavaFX Application Thread] Pausing main loop
04 Oct 2016, 22:34:07.790 [  FINER] [   FXGL.SystemLogger] [JavaFX Application Thread] Pausing main loop
04 Oct 2016, 22:34:07.790 [  FINER] [   FXGL.SystemLogger] [JavaFX Application Thread] Pausing main loop
04 Oct 2016, 22:34:07.790 [  FINER] [   FXGL.SystemLogger] [JavaFX Application Thread] Pausing main loop
04 Oct 2016, 22:34:07.790 [  FINER] [   FXGL.SystemLogger] [JavaFX Application Thread] Pausing main loop
04 Oct 2016, 22:34:07.790 [  FINER] [   FXGL.SystemLogger] [JavaFX Application Thread] Pausing main loop
04 Oct 2016, 22:34:07.790 [  FINER] [   FXGL.SystemLogger] [JavaFX Application Thread] Pausing main loop
04 Oct 2016, 22:34:07.790 [  FINER] [   FXGL.SystemLogger] [JavaFX Application Thread] Pausing main loop
04 Oct 2016, 22:34:07.790 [  FINER] [   FXGL.SystemLogger] [JavaFX Application Thread] Pausing main loop
04 Oct 2016, 22:34:07.791 [  FINER] [   FXGL.SystemLogger] [JavaFX Application Thread] Pausing main loop
04 Oct 2016, 22:34:07.791 [  FINER] [   FXGL.SystemLogger] [JavaFX Application Thread] Pausing main loop
04 Oct 2016, 22:34:07.791 [  FINER] [   FXGL.SystemLogger] [JavaFX Application Thread] Pausing main loop
04 Oct 2016, 22:34:07.791 [  FINER] [   FXGL.SystemLogger] [JavaFX Application Thread] Pausing main loop
04 Oct 2016, 22:34:07.791 [  FINER] [   FXGL.SystemLogger] [JavaFX Application Thread] Pausing main loop
04 Oct 2016, 22:34:07.791 [  FINER] [   FXGL.SystemLogger] [JavaFX Application Thread] Pausing main loop
04 Oct 2016, 22:34:07.791 [  FINER] [   FXGL.SystemLogger] [JavaFX Application Thread] Pausing main loop
04 Oct 2016, 22:34:07.791 [  FINER] [   FXGL.SystemLogger] [JavaFX Application Thread] Pausing main loop
04 Oct 2016, 22:34:07.792 [  FINER] [   FXGL.SystemLogger] [JavaFX Application Thread] Pausing main loop
04 Oct 2016, 22:34:07.792 [  FINER] [   FXGL.SystemLogger] [JavaFX Application Thread] Pausing main loop
04 Oct 2016, 22:34:07.792 [  FINER] [   FXGL.SystemLogger] [JavaFX Application Thread] Pausing main loop
04 Oct 2016, 22:34:07.792 [  FINER] [   FXGL.SystemLogger] [JavaFX Application Thread] Pausing main loop
04 Oct 2016, 22:34:07.792 [  FINER] [   FXGL.SystemLogger] [JavaFX Application Thread] Pausing main loop
04 Oct 2016, 22:34:07.792 [  FINER] [   FXGL.SystemLogger] [JavaFX Application Thread] Pausing main loop
04 Oct 2016, 22:34:07.792 [  FINER] [   FXGL.SystemLogger] [JavaFX Application Thread] Pausing main loop
04 Oct 2016, 22:34:07.793 [  FINER] [   FXGL.SystemLogger] [JavaFX Application Thread] Pausing main loop
04 Oct 2016, 22:34:07.793 [  FINER] [   FXGL.SystemLogger] [JavaFX Application Thread] Pausing main loop
04 Oct 2016, 22:34:07.793 [  FINER] [   FXGL.SystemLogger] [JavaFX Application Thread] Pausing main loop
04 Oct 2016, 22:34:07.793 [  FINER] [   FXGL.SystemLogger] [JavaFX Application Thread] Pausing main loop
04 Oct 2016, 22:34:07.793 [  FINER] [   FXGL.SystemLogger] [JavaFX Application Thread] Pausing main loop
04 Oct 2016, 22:34:07.793 [  FINER] [   FXGL.SystemLogger] [JavaFX Application Thread] Pausing main loop
04 Oct 2016, 22:34:07.794 [  FINER] [   FXGL.SystemLogger] [JavaFX Application Thread] Pausing main loop
04 Oct 2016, 22:34:07.794 [  FINER] [   FXGL.SystemLogger] [JavaFX Application Thread] Pausing main loop
04 Oct 2016, 22:34:07.794 [  FINER] [   FXGL.SystemLogger] [JavaFX Application Thread] Pausing main loop
04 Oct 2016, 22:34:07.794 [  FINER] [   FXGL.SystemLogger] [JavaFX Application Thread] Pausing main loop
04 Oct 2016, 22:34:07.794 [  FINER] [   FXGL.SystemLogger] [JavaFX Application Thread] Pausing main loop
04 Oct 2016, 22:34:07.795 [  FINER] [   FXGL.SystemLogger] [JavaFX Application Thread] Pausing main loop
04 Oct 2016, 22:34:07.795 [  FINER] [   FXGL.SystemLogger] [JavaFX Application Thread] Pausing main loop
04 Oct 2016, 22:34:07.795 [  FINER] [   FXGL.SystemLogger] [JavaFX Application Thread] Pausing main loop
04 Oct 2016, 22:34:07.795 [  FINER] [   FXGL.SystemLogger] [JavaFX Application Thread] Pausing main loop
04 Oct 2016, 22:34:07.796 [  FINER] [   FXGL.SystemLogger] [JavaFX Application Thread] Pausing main loop
04 Oct 2016, 22:34:07.796 [  FINER] [   FXGL.SystemLogger] [JavaFX Application Thread] Pausing main loop
04 Oct 2016, 22:34:07.796 [  FINER] [   FXGL.SystemLogger] [JavaFX Application Thread] Pausing main loop
04 Oct 2016, 22:34:07.797 [  FINER] [   FXGL.SystemLogger] [JavaFX Application Thread] Pausing main loop
04 Oct 2016, 22:34:07.797 [  FINER] [   FXGL.SystemLogger] [JavaFX Application Thread] Pausing main loop
04 Oct 2016, 22:34:07.797 [  FINER] [   FXGL.SystemLogger] [JavaFX Application Thread] Pausing main loop
04 Oct 2016, 22:34:07.798 [  FINER] [   FXGL.SystemLogger] [JavaFX Application Thread] Pausing main loop
04 Oct 2016, 22:34:07.798 [  FINER] [   FXGL.SystemLogger] [JavaFX Application Thread] Pausing main loop
04 Oct 2016, 22:34:07.798 [  FINER] [   FXGL.SystemLogger] [JavaFX Application Thread] Pausing main loop
04 Oct 2016, 22:34:07.799 [  FINER] [   FXGL.SystemLogger] [JavaFX Application Thread] Pausing main loop
04 Oct 2016, 22:34:07.799 [  FINER] [   FXGL.SystemLogger] [JavaFX Application Thread] Pausing main loop
04 Oct 2016, 22:34:07.799 [  FINER] [   FXGL.SystemLogger] [JavaFX Application Thread] Pausing main loop
04 Oct 2016, 22:34:07.799 [  FINER] [   FXGL.SystemLogger] [JavaFX Application Thread] Pausing main loop
04 Oct 2016, 22:34:07.800 [  FINER] [   FXGL.SystemLogger] [JavaFX Application Thread] Pausing main loop
04 Oct 2016, 22:34:07.800 [  FINER] [   FXGL.SystemLogger] [JavaFX Application Thread] Pausing main loop
04 Oct 2016, 22:34:07.800 [  FINER] [   FXGL.SystemLogger] [JavaFX Application Thread] Pausing main loop
04 Oct 2016, 22:34:07.800 [  FINER] [   FXGL.SystemLogger] [JavaFX Application Thread] Pausing main loop
04 Oct 2016, 22:34:07.801 [  FINER] [   FXGL.SystemLogger] [JavaFX Application Thread] Pausing main loop
04 Oct 2016, 22:34:07.801 [  FINER] [   FXGL.SystemLogger] [JavaFX Application Thread] Pausing main loop
04 Oct 2016, 22:34:07.801 [  FINER] [   FXGL.SystemLogger] [JavaFX Application Thread] Pausing main loop
04 Oct 2016, 22:34:07.802 [  FINER] [   FXGL.SystemLogger] [JavaFX Application Thread] Pausing main loop
04 Oct 2016, 22:34:07.802 [  FINER] [   FXGL.SystemLogger] [JavaFX Application Thread] Pausing main loop
04 Oct 2016, 22:34:07.802 [  FINER] [   FXGL.SystemLogger] [JavaFX Application Thread] Pausing main loop
04 Oct 2016, 22:34:07.802 [  FINER] [   FXGL.SystemLogger] [JavaFX Application Thread] Pausing main loop
04 Oct 2016, 22:34:07.803 [  FINER] [   FXGL.SystemLogger] [JavaFX Application Thread] Pausing main loop
04 Oct 2016, 22:34:07.803 [  FINER] [   FXGL.SystemLogger] [JavaFX Application Thread] Pausing main loop
04 Oct 2016, 22:34:07.803 [  FINER] [   FXGL.SystemLogger] [JavaFX Application Thread] Pausing main loop
04 Oct 2016, 22:34:07.803 [  FINER] [   FXGL.SystemLogger] [JavaFX Application Thread] Pausing main loop
04 Oct 2016, 22:34:07.803 [  FINER] [   FXGL.SystemLogger] [JavaFX Application Thread] Pausing main loop
04 Oct 2016, 22:34:07.804 [  FINER] [   FXGL.SystemLogger] [JavaFX Application Thread] Pausing main loop
04 Oct 2016, 22:34:07.804 [  FINER] [   FXGL.SystemLogger] [JavaFX Application Thread] Pausing main loop
04 Oct 2016, 22:34:07.804 [  FINER] [   FXGL.SystemLogger] [JavaFX Application Thread] Pausing main loop
04 Oct 2016, 22:34:07.804 [  FINER] [   FXGL.SystemLogger] [JavaFX Application Thread] Pausing main loop
04 Oct 2016, 22:34:07.805 [  FINER] [   FXGL.SystemLogger] [JavaFX Application Thread] Pausing main loop
04 Oct 2016, 22:34:07.805 [  FINER] [   FXGL.SystemLogger] [JavaFX Application Thread] Pausing main loop
04 Oct 2016, 22:34:07.805 [  FINER] [   FXGL.SystemLogger] [JavaFX Application Thread] Pausing main loop
04 Oct 2016, 22:34:07.805 [  FINER] [   FXGL.SystemLogger] [JavaFX Application Thread] Pausing main loop
04 Oct 2016, 22:34:07.805 [  FINER] [   FXGL.SystemLogger] [JavaFX Application Thread] Pausing main loop
04 Oct 2016, 22:34:07.806 [  FINER] [   FXGL.SystemLogger] [JavaFX Application Thread] Pausing main loop
04 Oct 2016, 22:34:07.806 [  FINER] [   FXGL.SystemLogger] [JavaFX Application Thread] Pausing main loop
04 Oct 2016, 22:34:07.806 [  FINER] [   FXGL.SystemLogger] [JavaFX Application Thread] Pausing main loop
04 Oct 2016, 22:34:07.806 [  FINER] [   FXGL.SystemLogger] [JavaFX Application Thread] Pausing main loop
04 Oct 2016, 22:34:07.806 [  FINER] [   FXGL.SystemLogger] [JavaFX Application Thread] Pausing main loop
04 Oct 2016, 22:34:07.807 [  FINER] [   FXGL.SystemLogger] [JavaFX Application Thread] Pausing main loop
04 Oct 2016, 22:34:07.807 [  FINER] [   FXGL.SystemLogger] [JavaFX Application Thread] Pausing main loop
04 Oct 2016, 22:34:07.807 [  FINER] [   FXGL.SystemLogger] [JavaFX Application Thread] Pausing main loop
04 Oct 2016, 22:34:07.807 [  FINER] [   FXGL.SystemLogger] [JavaFX Application Thread] Pausing main loop
04 Oct 2016, 22:34:07.807 [  FINER] [   FXGL.SystemLogger] [JavaFX Application Thread] Pausing main loop
04 Oct 2016, 22:34:07.808 [  FINER] [   FXGL.SystemLogger] [JavaFX Application Thread] Pausing main loop
04 Oct 2016, 22:34:07.808 [  FINER] [   FXGL.SystemLogger] [JavaFX Application Thread] Pausing main loop
04 Oct 2016, 22:34:07.808 [  FINER] [   FXGL.SystemLogger] [JavaFX Application Thread] Pausing main loop
04 Oct 2016, 22:34:07.808 [  FINER] [   FXGL.SystemLogger] [JavaFX Application Thread] Pausing main loop
04 Oct 2016, 22:34:07.809 [  FINER] [   FXGL.SystemLogger] [JavaFX Application Thread] Pausing main loop
04 Oct 2016, 22:34:07.809 [  FINER] [   FXGL.SystemLogger] [JavaFX Application Thread] Pausing main loop
04 Oct 2016, 22:34:07.809 [  FINER] [   FXGL.SystemLogger] [JavaFX Application Thread] Pausing main loop
04 Oct 2016, 22:34:07.809 [  FINER] [   FXGL.SystemLogger] [JavaFX Application Thread] Pausing main loop
04 Oct 2016, 22:34:07.809 [  FINER] [   FXGL.SystemLogger] [JavaFX Application Thread] Pausing main loop
04 Oct 2016, 22:34:07.810 [  FINER] [   FXGL.SystemLogger] [JavaFX Application Thread] Pausing main loop
04 Oct 2016, 22:34:07.810 [  FINER] [   FXGL.SystemLogger] [JavaFX Application Thread] Pausing main loop
04 Oct 2016, 22:34:07.810 [  FINER] [   FXGL.SystemLogger] [JavaFX Application Thread] Pausing main loop
04 Oct 2016, 22:34:07.810 [  FINER] [   FXGL.SystemLogger] [JavaFX Application Thread] Pausing main loop
04 Oct 2016, 22:34:07.811 [  FINER] [   FXGL.SystemLogger] [JavaFX Application Thread] Pausing main loop
04 Oct 2016, 22:34:07.811 [  FINER] [   FXGL.SystemLogger] [JavaFX Application Thread] Pausing main loop
04 Oct 2016, 22:34:07.812 [  FINER] [   FXGL.SystemLogger] [JavaFX Application Thread] Pausing main loop
04 Oct 2016, 22:34:07.812 [  FINER] [   FXGL.SystemLogger] [JavaFX Application Thread] Pausing main loop
04 Oct 2016, 22:34:07.812 [  FINER] [   FXGL.SystemLogger] [JavaFX Application Thread] Pausing main loop
04 Oct 2016, 22:34:07.812 [  FINER] [   FXGL.SystemLogger] [JavaFX Application Thread] Pausing main loop
04 Oct 2016, 22:34:07.813 [  FINER] [   FXGL.SystemLogger] [JavaFX Application Thread] Pausing main loop
04 Oct 2016, 22:34:07.813 [  FINER] [   FXGL.SystemLogger] [JavaFX Application Thread] Pausing main loop
04 Oct 2016, 22:34:07.813 [  FINER] [   FXGL.SystemLogger] [JavaFX Application Thread] Pausing main loop
04 Oct 2016, 22:34:07.813 [  FINER] [   FXGL.SystemLogger] [JavaFX Application Thread] Pausing main loop
04 Oct 2016, 22:34:07.813 [  FINER] [   FXGL.SystemLogger] [JavaFX Application Thread] Pausing main loop
04 Oct 2016, 22:34:07.814 [  FINER] [   FXGL.SystemLogger] [JavaFX Application Thread] Pausing main loop
04 Oct 2016, 22:34:07.814 [  FINER] [   FXGL.SystemLogger] [JavaFX Application Thread] Pausing main loop
04 Oct 2016, 22:34:07.814 [  FINER] [   FXGL.SystemLogger] [JavaFX Application Thread] Pausing main loop
04 Oct 2016, 22:34:07.815 [  FINER] [   FXGL.SystemLogger] [JavaFX Application Thread] Pausing main loop
04 Oct 2016, 22:34:07.815 [  FINER] [   FXGL.SystemLogger] [JavaFX Application Thread] Pausing main loop
04 Oct 2016, 22:34:07.815 [  FINER] [   FXGL.SystemLogger] [JavaFX Application Thread] Pausing main loop
04 Oct 2016, 22:34:07.815 [  FINER] [   FXGL.SystemLogger] [JavaFX Application Thread] Pausing main loop
04 Oct 2016, 22:34:07.815 [  FINER] [   FXGL.SystemLogger] [JavaFX Application Thread] Pausing main loop
04 Oct 2016, 22:34:07.816 [  FINER] [   FXGL.SystemLogger] [JavaFX Application Thread] Pausing main loop
04 Oct 2016, 22:34:07.816 [  FINER] [   FXGL.SystemLogger] [JavaFX Application Thread] Pausing main loop
04 Oct 2016, 22:34:21.249 [  FINER] [   FXGL.SystemLogger] [JavaFX Application Thread] Pausing main loop
04 Oct 2016, 22:34:22.853 [  FINER] [   FXGL.SystemLogger] [JavaFX Application Thread] Resuming main loop
04 Oct 2016, 22:34:22.854 [  FINER] [   FXGL.SystemLogger] [JavaFX Application Thread] Exiting Normally
04 Oct 2016, 22:34:22.854 [   INFO] [   FXGL.SystemLogger] [JavaFX Application Thread] Processed Frames: 1667
04 Oct 2016, 22:34:22.854 [   INFO] [   FXGL.SystemLogger] [JavaFX Application Thread] Average FPS: 69.33113377324536
04 Oct 2016, 22:34:22.854 [   INFO] [   FXGL.SystemLogger] [JavaFX Application Thread] Average Performance: 2840.001799640072
04 Oct 2016, 22:34:22.854 [   INFO] [   FXGL.SystemLogger] [JavaFX Application Thread] Average Memory Usage: 28.4139404296875 MB
04 Oct 2016, 22:34:22.854 [   INFO] [   FXGL.SystemLogger] [JavaFX Application Thread] Min Memory Usage: 12.827377319335938 MB
04 Oct 2016, 22:34:22.854 [   INFO] [   FXGL.SystemLogger] [JavaFX Application Thread] Max Memory Usage: 42.575775146484375 MB
04 Oct 2016, 22:34:22.854 [   INFO] [   FXGL.SystemLogger] [JavaFX Application Thread] Estimated GC runs: 3
04 Oct 2016, 22:34:22.861 [  FINER] [   FXGL.SystemLogger] [JavaFX Application Thread] Exiting FXGL
04 Oct 2016, 22:34:22.862 [  FINER] [   FXGL.SystemLogger] [JavaFX Application Thread] Logger is closing
