04 Oct 2016, 21:39:35.228 [   INFO] [   FXGL.SystemLogger] [           main] System Logger is initialized
04 Oct 2016, 21:39:35.235 [  FINER] [   FXGL.SystemLogger] [           main] Logging System Info
04 Oct 2016, 21:39:35.236 [  FINER] [   FXGL.SystemLogger] [           main] CPU cores: 4
04 Oct 2016, 21:39:35.242 [  FINER] [   FXGL.SystemLogger] [           main] Free Memory: 85MB
04 Oct 2016, 21:39:35.242 [  FINER] [   FXGL.SystemLogger] [           main] Max Memory: 1348MB
04 Oct 2016, 21:39:35.243 [  FINER] [   FXGL.SystemLogger] [           main] Total Memory: 92MB
04 Oct 2016, 21:39:35.245 [  FINER] [   FXGL.SystemLogger] [           main] System Properties:
04 Oct 2016, 21:39:35.248 [  FINER] [   FXGL.SystemLogger] [           main] sun.cpu.isalist=amd64
04 Oct 2016, 21:39:35.248 [  FINER] [   FXGL.SystemLogger] [           main] sun.desktop=windows
04 Oct 2016, 21:39:35.249 [  FINER] [   FXGL.SystemLogger] [           main] sun.io.unicode.encoding=UnicodeLittle
04 Oct 2016, 21:39:35.249 [  FINER] [   FXGL.SystemLogger] [           main] sun.cpu.endian=little
04 Oct 2016, 21:39:35.249 [  FINER] [   FXGL.SystemLogger] [           main] java.vendor.url.bug=http://bugreport.sun.com/bugreport/
04 Oct 2016, 21:39:35.249 [  FINER] [   FXGL.SystemLogger] [           main] file.separator=\
04 Oct 2016, 21:39:35.250 [  FINER] [   FXGL.SystemLogger] [           main] java.vendor=Oracle Corporation
04 Oct 2016, 21:39:35.250 [  FINER] [   FXGL.SystemLogger] [           main] sun.boot.class.path=C:\Program Files\Java\jdk1.8.0_51\jre\lib\resources.jar;C:\Program Files\Java\jdk1.8.0_51\jre\lib\rt.jar;C:\Program Files\Java\jdk1.8.0_51\jre\lib\sunrsasign.jar;C:\Program Files\Java\jdk1.8.0_51\jre\lib\jsse.jar;C:\Program Files\Java\jdk1.8.0_51\jre\lib\jce.jar;C:\Program Files\Java\jdk1.8.0_51\jre\lib\charsets.jar;C:\Program Files\Java\jdk1.8.0_51\jre\lib\jfr.jar;C:\Program Files\Java\jdk1.8.0_51\jre\classes
04 Oct 2016, 21:39:35.251 [  FINER] [   FXGL.SystemLogger] [           main] java.ext.dirs=C:\Program Files\Java\jdk1.8.0_51\jre\lib\ext;C:\WINDOWS\Sun\Java\lib\ext
04 Oct 2016, 21:39:35.251 [  FINER] [   FXGL.SystemLogger] [           main] java.version=1.8.0_51
04 Oct 2016, 21:39:35.251 [  FINER] [   FXGL.SystemLogger] [           main] java.vm.info=mixed mode
04 Oct 2016, 21:39:35.252 [  FINER] [   FXGL.SystemLogger] [           main] awt.toolkit=sun.awt.windows.WToolkit
04 Oct 2016, 21:39:35.252 [  FINER] [   FXGL.SystemLogger] [           main] user.language=en
04 Oct 2016, 21:39:35.252 [  FINER] [   FXGL.SystemLogger] [           main] java.specification.vendor=Oracle Corporation
04 Oct 2016, 21:39:35.252 [  FINER] [   FXGL.SystemLogger] [           main] sun.java.command=com.intellij.rt.execution.application.AppMain Breakout
04 Oct 2016, 21:39:35.253 [  FINER] [   FXGL.SystemLogger] [           main] java.home=C:\Program Files\Java\jdk1.8.0_51\jre
04 Oct 2016, 21:39:35.253 [  FINER] [   FXGL.SystemLogger] [           main] sun.arch.data.model=64
04 Oct 2016, 21:39:35.253 [  FINER] [   FXGL.SystemLogger] [           main] java.vm.specification.version=1.8
04 Oct 2016, 21:39:35.253 [  FINER] [   FXGL.SystemLogger] [           main] java.class.path=C:\Program Files\Java\jdk1.8.0_51\jre\lib\charsets.jar;C:\Program Files\Java\jdk1.8.0_51\jre\lib\deploy.jar;C:\Program Files\Java\jdk1.8.0_51\jre\lib\ext\access-bridge-64.jar;C:\Program Files\Java\jdk1.8.0_51\jre\lib\ext\cldrdata.jar;C:\Program Files\Java\jdk1.8.0_51\jre\lib\ext\dnsns.jar;C:\Program Files\Java\jdk1.8.0_51\jre\lib\ext\jaccess.jar;C:\Program Files\Java\jdk1.8.0_51\jre\lib\ext\jfxrt.jar;C:\Program Files\Java\jdk1.8.0_51\jre\lib\ext\localedata.jar;C:\Program Files\Java\jdk1.8.0_51\jre\lib\ext\nashorn.jar;C:\Program Files\Java\jdk1.8.0_51\jre\lib\ext\sunec.jar;C:\Program Files\Java\jdk1.8.0_51\jre\lib\ext\sunjce_provider.jar;C:\Program Files\Java\jdk1.8.0_51\jre\lib\ext\sunmscapi.jar;C:\Program Files\Java\jdk1.8.0_51\jre\lib\ext\sunpkcs11.jar;C:\Program Files\Java\jdk1.8.0_51\jre\lib\ext\zipfs.jar;C:\Program Files\Java\jdk1.8.0_51\jre\lib\javaws.jar;C:\Program Files\Java\jdk1.8.0_51\jre\lib\jce.jar;C:\Program Files\Java\jdk1.8.0_51\jre\lib\jfr.jar;C:\Program Files\Java\jdk1.8.0_51\jre\lib\jfxswt.jar;C:\Program Files\Java\jdk1.8.0_51\jre\lib\jsse.jar;C:\Program Files\Java\jdk1.8.0_51\jre\lib\management-agent.jar;C:\Program Files\Java\jdk1.8.0_51\jre\lib\plugin.jar;C:\Program Files\Java\jdk1.8.0_51\jre\lib\resources.jar;C:\Program Files\Java\jdk1.8.0_51\jre\lib\rt.jar;C:\Users\Nilay\Documents\Computer Science\Projects\Brekout\out\production\Brekout;C:\Users\Nilay\Documents\Computer Science\Projects\Brekout\lib\FXGL-0.2.5-uber.jar;C:\Program Files (x86)\JetBrains\IntelliJ IDEA Community Edition 2016.1.2\lib\idea_rt.jar
04 Oct 2016, 21:39:35.254 [  FINER] [   FXGL.SystemLogger] [           main] user.name=Nilay
04 Oct 2016, 21:39:35.254 [  FINER] [   FXGL.SystemLogger] [           main] file.encoding=UTF-8
04 Oct 2016, 21:39:35.254 [  FINER] [   FXGL.SystemLogger] [           main] idea.launcher.bin.path=C:\Program Files (x86)\JetBrains\IntelliJ IDEA Community Edition 2016.1.2\bin
04 Oct 2016, 21:39:35.255 [  FINER] [   FXGL.SystemLogger] [           main] java.specification.version=1.8
04 Oct 2016, 21:39:35.255 [  FINER] [   FXGL.SystemLogger] [           main] java.awt.printerjob=sun.awt.windows.WPrinterJob
04 Oct 2016, 21:39:35.255 [  FINER] [   FXGL.SystemLogger] [           main] user.timezone=America/New_York
04 Oct 2016, 21:39:35.255 [  FINER] [   FXGL.SystemLogger] [           main] user.home=C:\Users\Nilay
04 Oct 2016, 21:39:35.256 [  FINER] [   FXGL.SystemLogger] [           main] os.version=6.3
04 Oct 2016, 21:39:35.256 [  FINER] [   FXGL.SystemLogger] [           main] sun.management.compiler=HotSpot 64-Bit Tiered Compilers
04 Oct 2016, 21:39:35.256 [  FINER] [   FXGL.SystemLogger] [           main] java.specification.name=Java Platform API Specification
04 Oct 2016, 21:39:35.257 [  FINER] [   FXGL.SystemLogger] [           main] java.class.version=52.0
04 Oct 2016, 21:39:35.261 [  FINER] [   FXGL.SystemLogger] [           main] java.library.path=C:\Program Files\Java\jdk1.8.0_51\bin;C:\WINDOWS\Sun\Java\bin;C:\WINDOWS\system32;C:\WINDOWS;C:\VulkanSDK\1.0.13.0\Bin;C:\ProgramData\Oracle\Java\javapath;C:\Program Files (x86)\Intel\iCLS Client\;C:\Program Files\Intel\iCLS Client\;C:\Windows\system32;C:\Windows;C:\Windows\System32\Wbem;C:\Windows\System32\WindowsPowerShell\v1.0\;C:\Program Files\Intel\Intel(R) Management Engine Components\DAL;C:\Program Files (x86)\Intel\Intel(R) Management Engine Components\DAL;C:\Program Files\Intel\Intel(R) Management Engine Components\IPT;C:\Program Files (x86)\Intel\Intel(R) Management Engine Components\IPT;C:\WINDOWS\system32;C:\WINDOWS;C:\WINDOWS\System32\Wbem;C:\WINDOWS\System32\WindowsPowerShell\v1.0\;C:\Program Files (x86)\NVIDIA Corporation\PhysX\Common;C:\Program Files (x86)\Skype\Phone\;C:\WINDOWS\system32;C:\WINDOWS;C:\WINDOWS\System32\Wbem;C:\WINDOWS\System32\WindowsPowerShell\v1.0\;C:\Program Files (x86)\QuickTime\QTSystem\;C:\Program Files (x86)\GtkSharp\2.12\bin;C:\Program Files\Microsoft\Web Platform Installer\;C:\Users\Nilay\AppData\Local\Microsoft\WindowsApps;;.
04 Oct 2016, 21:39:35.262 [  FINER] [   FXGL.SystemLogger] [           main] sun.jnu.encoding=Cp1252
04 Oct 2016, 21:39:35.262 [  FINER] [   FXGL.SystemLogger] [           main] os.name=Windows 8.1
04 Oct 2016, 21:39:35.262 [  FINER] [   FXGL.SystemLogger] [           main] user.variant=
04 Oct 2016, 21:39:35.264 [  FINER] [   FXGL.SystemLogger] [           main] java.vm.specification.vendor=Oracle Corporation
04 Oct 2016, 21:39:35.264 [  FINER] [   FXGL.SystemLogger] [           main] java.io.tmpdir=C:\Users\Nilay\AppData\Local\Temp\
04 Oct 2016, 21:39:35.265 [  FINER] [   FXGL.SystemLogger] [           main] line.separator=

04 Oct 2016, 21:39:35.266 [  FINER] [   FXGL.SystemLogger] [           main] java.endorsed.dirs=C:\Program Files\Java\jdk1.8.0_51\jre\lib\endorsed
04 Oct 2016, 21:39:35.266 [  FINER] [   FXGL.SystemLogger] [           main] os.arch=amd64
04 Oct 2016, 21:39:35.267 [  FINER] [   FXGL.SystemLogger] [           main] java.awt.graphicsenv=sun.awt.Win32GraphicsEnvironment
04 Oct 2016, 21:39:35.267 [  FINER] [   FXGL.SystemLogger] [           main] java.runtime.version=1.8.0_51-b16
04 Oct 2016, 21:39:35.277 [  FINER] [   FXGL.SystemLogger] [           main] java.vm.specification.name=Java Virtual Machine Specification
04 Oct 2016, 21:39:35.278 [  FINER] [   FXGL.SystemLogger] [           main] user.dir=C:\Users\Nilay\Documents\Computer Science\Projects\Brekout
04 Oct 2016, 21:39:35.278 [  FINER] [   FXGL.SystemLogger] [           main] user.country=US
04 Oct 2016, 21:39:35.278 [  FINER] [   FXGL.SystemLogger] [           main] user.script=
04 Oct 2016, 21:39:35.279 [  FINER] [   FXGL.SystemLogger] [           main] sun.java.launcher=SUN_STANDARD
04 Oct 2016, 21:39:35.279 [  FINER] [   FXGL.SystemLogger] [           main] sun.os.patch.level=
04 Oct 2016, 21:39:35.279 [  FINER] [   FXGL.SystemLogger] [           main] idea.launcher.port=7537
04 Oct 2016, 21:39:35.279 [  FINER] [   FXGL.SystemLogger] [           main] java.vm.name=Java HotSpot(TM) 64-Bit Server VM
04 Oct 2016, 21:39:35.280 [  FINER] [   FXGL.SystemLogger] [           main] file.encoding.pkg=sun.io
04 Oct 2016, 21:39:35.280 [  FINER] [   FXGL.SystemLogger] [           main] path.separator=;
04 Oct 2016, 21:39:35.280 [  FINER] [   FXGL.SystemLogger] [           main] java.vm.vendor=Oracle Corporation
04 Oct 2016, 21:39:35.280 [  FINER] [   FXGL.SystemLogger] [           main] java.vendor.url=http://java.oracle.com/
04 Oct 2016, 21:39:35.281 [  FINER] [   FXGL.SystemLogger] [           main] sun.boot.library.path=C:\Program Files\Java\jdk1.8.0_51\jre\bin
04 Oct 2016, 21:39:35.281 [  FINER] [   FXGL.SystemLogger] [           main] java.vm.version=25.51-b03
04 Oct 2016, 21:39:35.281 [  FINER] [   FXGL.SystemLogger] [           main] java.runtime.name=Java(TM) SE Runtime Environment
04 Oct 2016, 21:39:35.286 [   INFO] [   FXGL.SystemLogger] [           main] FXGL-0.2.5
04 Oct 2016, 21:39:35.287 [   INFO] [   FXGL.SystemLogger] [           main] JavaFX-1.8.0_92-b14
04 Oct 2016, 21:39:35.288 [   INFO] [   FXGL.SystemLogger] [           main] JBox2D-2.3.0-fxgl
04 Oct 2016, 21:39:35.288 [   INFO] [   FXGL.SystemLogger] [           main] Kotlin-1.0.3
04 Oct 2016, 21:39:35.289 [   INFO] [   FXGL.SystemLogger] [           main] Source code and latest versions at: https://github.com/AlmasB/FXGL
04 Oct 2016, 21:39:35.289 [   INFO] [   FXGL.SystemLogger] [           main]              Join the FXGL chat at: https://gitter.im/AlmasB/FXGL
04 Oct 2016, 21:39:35.513 [  FINER] [   FXGL.SystemLogger] [JavaFX Application Thread] Starting JavaFX
04 Oct 2016, 21:39:35.528 [  FINER] [   FXGL.SystemLogger] [JavaFX-Launcher] Initializing FXGL
04 Oct 2016, 21:39:35.549 [  FINER] [   FXGL.SystemLogger] [JavaFX Application Thread] Starting FXGL
04 Oct 2016, 21:39:35.550 [  FINER] [   FXGL.SystemLogger] [JavaFX Application Thread] Initializing system properties
04 Oct 2016, 21:39:35.617 [  FINER] [   FXGL.SystemLogger] [JavaFX Application Thread] sound.notification = system/notification.wav
04 Oct 2016, 21:39:35.617 [  FINER] [   FXGL.SystemLogger] [JavaFX Application Thread] asset.cache.size = 35
04 Oct 2016, 21:39:35.618 [  FINER] [   FXGL.SystemLogger] [JavaFX Application Thread] fs.profiledir = profiles/
04 Oct 2016, 21:39:35.618 [  FINER] [   FXGL.SystemLogger] [JavaFX Application Thread] url.pom = https://raw.githubusercontent.com/AlmasB/FXGL/master/pom.xml
04 Oct 2016, 21:39:35.618 [  FINER] [   FXGL.SystemLogger] [JavaFX Application Thread] fs.datafile.ext = .dat
04 Oct 2016, 21:39:35.619 [  FINER] [   FXGL.SystemLogger] [JavaFX Application Thread] sound.menu.back = menu/back.wav
04 Oct 2016, 21:39:35.619 [  FINER] [   FXGL.SystemLogger] [JavaFX Application Thread] sound.menu.select = menu/select.wav
04 Oct 2016, 21:39:35.619 [  FINER] [   FXGL.SystemLogger] [JavaFX Application Thread] url.github = https://github.com/AlmasB/FXGL
04 Oct 2016, 21:39:35.619 [  FINER] [   FXGL.SystemLogger] [JavaFX Application Thread] physics.ppm = 50
04 Oct 2016, 21:39:35.620 [  FINER] [   FXGL.SystemLogger] [JavaFX Application Thread] ui.css = fxgl.css
04 Oct 2016, 21:39:35.620 [  FINER] [   FXGL.SystemLogger] [JavaFX Application Thread] version.check.days = 7
04 Oct 2016, 21:39:35.620 [  FINER] [   FXGL.SystemLogger] [JavaFX Application Thread] fs.savefile.ext = .sav
04 Oct 2016, 21:39:35.620 [  FINER] [   FXGL.SystemLogger] [JavaFX Application Thread] ui.font = Copperplate_Gothic_Light_Regular.ttf
04 Oct 2016, 21:39:35.621 [  FINER] [   FXGL.SystemLogger] [JavaFX Application Thread] fs.savedir = saves/
04 Oct 2016, 21:39:35.621 [  FINER] [   FXGL.SystemLogger] [JavaFX Application Thread] fs.profilename = user.profile
04 Oct 2016, 21:39:35.621 [  FINER] [   FXGL.SystemLogger] [JavaFX Application Thread] ui.icon.name = fxgl_icon.png
04 Oct 2016, 21:39:35.621 [  FINER] [   FXGL.SystemLogger] [JavaFX Application Thread] sound.menu.press = menu/press.wav
04 Oct 2016, 21:39:35.621 [  FINER] [   FXGL.SystemLogger] [JavaFX Application Thread] Initializing user properties
04 Oct 2016, 21:39:35.625 [   INFO] [   FXGL.SystemLogger] [JavaFX Application Thread] User properties not found. Using system
04 Oct 2016, 21:39:35.625 [  FINER] [   FXGL.SystemLogger] [JavaFX Application Thread] Initializing app settings
04 Oct 2016, 21:39:36.870 [  FINER] [   FXGL.SystemLogger] [JavaFX Application Thread] FXGL configuration complete
04 Oct 2016, 21:39:36.870 [   INFO] [   FXGL.SystemLogger] [JavaFX Application Thread] FXGL configuration took: 1.320735993 sec
04 Oct 2016, 21:39:37.202 [  FINER] [   FXGL.SystemLogger] [JavaFX Application Thread] Pausing main loop
04 Oct 2016, 21:39:37.204 [  FINER] [   FXGL.SystemLogger] [JavaFX Application Thread] Resetting FXGL application
04 Oct 2016, 21:39:38.327 [  FINER] [   FXGL.SystemLogger] [JavaFX Application Thread] Resuming main loop
04 Oct 2016, 21:39:52.243 [  FINER] [   FXGL.SystemLogger] [JavaFX Application Thread] Pausing main loop
04 Oct 2016, 21:39:52.244 [  FINER] [   FXGL.SystemLogger] [JavaFX Application Thread] Pausing main loop
04 Oct 2016, 21:39:52.244 [  FINER] [   FXGL.SystemLogger] [JavaFX Application Thread] Pausing main loop
04 Oct 2016, 21:39:52.245 [  FINER] [   FXGL.SystemLogger] [JavaFX Application Thread] Pausing main loop
04 Oct 2016, 21:39:52.245 [  FINER] [   FXGL.SystemLogger] [JavaFX Application Thread] Pausing main loop
04 Oct 2016, 21:39:52.246 [  FINER] [   FXGL.SystemLogger] [JavaFX Application Thread] Pausing main loop
04 Oct 2016, 21:39:52.246 [  FINER] [   FXGL.SystemLogger] [JavaFX Application Thread] Pausing main loop
04 Oct 2016, 21:39:52.246 [  FINER] [   FXGL.SystemLogger] [JavaFX Application Thread] Pausing main loop
04 Oct 2016, 21:39:52.247 [  FINER] [   FXGL.SystemLogger] [JavaFX Application Thread] Pausing main loop
04 Oct 2016, 21:39:52.248 [  FINER] [   FXGL.SystemLogger] [JavaFX Application Thread] Pausing main loop
04 Oct 2016, 21:39:52.249 [  FINER] [   FXGL.SystemLogger] [JavaFX Application Thread] Pausing main loop
04 Oct 2016, 21:39:52.250 [  FINER] [   FXGL.SystemLogger] [JavaFX Application Thread] Pausing main loop
04 Oct 2016, 21:39:52.251 [  FINER] [   FXGL.SystemLogger] [JavaFX Application Thread] Pausing main loop
04 Oct 2016, 21:39:52.251 [  FINER] [   FXGL.SystemLogger] [JavaFX Application Thread] Pausing main loop
04 Oct 2016, 21:39:52.252 [  FINER] [   FXGL.SystemLogger] [JavaFX Application Thread] Pausing main loop
04 Oct 2016, 21:39:52.252 [  FINER] [   FXGL.SystemLogger] [JavaFX Application Thread] Pausing main loop
04 Oct 2016, 21:39:52.253 [  FINER] [   FXGL.SystemLogger] [JavaFX Application Thread] Pausing main loop
04 Oct 2016, 21:39:52.253 [  FINER] [   FXGL.SystemLogger] [JavaFX Application Thread] Pausing main loop
04 Oct 2016, 21:39:52.253 [  FINER] [   FXGL.SystemLogger] [JavaFX Application Thread] Pausing main loop
04 Oct 2016, 21:39:52.254 [  FINER] [   FXGL.SystemLogger] [JavaFX Application Thread] Pausing main loop
04 Oct 2016, 21:39:52.254 [  FINER] [   FXGL.SystemLogger] [JavaFX Application Thread] Pausing main loop
04 Oct 2016, 21:39:52.254 [  FINER] [   FXGL.SystemLogger] [JavaFX Application Thread] Pausing main loop
04 Oct 2016, 21:39:52.255 [  FINER] [   FXGL.SystemLogger] [JavaFX Application Thread] Pausing main loop
04 Oct 2016, 21:39:52.255 [  FINER] [   FXGL.SystemLogger] [JavaFX Application Thread] Pausing main loop
04 Oct 2016, 21:39:52.255 [  FINER] [   FXGL.SystemLogger] [JavaFX Application Thread] Pausing main loop
04 Oct 2016, 21:39:52.255 [  FINER] [   FXGL.SystemLogger] [JavaFX Application Thread] Pausing main loop
04 Oct 2016, 21:39:52.256 [  FINER] [   FXGL.SystemLogger] [JavaFX Application Thread] Pausing main loop
04 Oct 2016, 21:39:52.256 [  FINER] [   FXGL.SystemLogger] [JavaFX Application Thread] Pausing main loop
04 Oct 2016, 21:39:52.256 [  FINER] [   FXGL.SystemLogger] [JavaFX Application Thread] Pausing main loop
04 Oct 2016, 21:39:52.257 [  FINER] [   FXGL.SystemLogger] [JavaFX Application Thread] Pausing main loop
04 Oct 2016, 21:39:52.257 [  FINER] [   FXGL.SystemLogger] [JavaFX Application Thread] Pausing main loop
04 Oct 2016, 21:39:52.258 [  FINER] [   FXGL.SystemLogger] [JavaFX Application Thread] Pausing main loop
04 Oct 2016, 21:39:52.258 [  FINER] [   FXGL.SystemLogger] [JavaFX Application Thread] Pausing main loop
04 Oct 2016, 21:39:52.259 [  FINER] [   FXGL.SystemLogger] [JavaFX Application Thread] Pausing main loop
04 Oct 2016, 21:39:52.259 [  FINER] [   FXGL.SystemLogger] [JavaFX Application Thread] Pausing main loop
04 Oct 2016, 21:39:52.259 [  FINER] [   FXGL.SystemLogger] [JavaFX Application Thread] Pausing main loop
04 Oct 2016, 21:39:52.259 [  FINER] [   FXGL.SystemLogger] [JavaFX Application Thread] Pausing main loop
04 Oct 2016, 21:39:52.260 [  FINER] [   FXGL.SystemLogger] [JavaFX Application Thread] Pausing main loop
04 Oct 2016, 21:39:52.260 [  FINER] [   FXGL.SystemLogger] [JavaFX Application Thread] Pausing main loop
04 Oct 2016, 21:39:52.260 [  FINER] [   FXGL.SystemLogger] [JavaFX Application Thread] Pausing main loop
04 Oct 2016, 21:39:52.261 [  FINER] [   FXGL.SystemLogger] [JavaFX Application Thread] Pausing main loop
04 Oct 2016, 21:39:52.261 [  FINER] [   FXGL.SystemLogger] [JavaFX Application Thread] Pausing main loop
04 Oct 2016, 21:39:52.261 [  FINER] [   FXGL.SystemLogger] [JavaFX Application Thread] Pausing main loop
04 Oct 2016, 21:39:52.262 [  FINER] [   FXGL.SystemLogger] [JavaFX Application Thread] Pausing main loop
04 Oct 2016, 21:39:52.262 [  FINER] [   FXGL.SystemLogger] [JavaFX Application Thread] Pausing main loop
04 Oct 2016, 21:39:52.263 [  FINER] [   FXGL.SystemLogger] [JavaFX Application Thread] Pausing main loop
04 Oct 2016, 21:39:52.264 [  FINER] [   FXGL.SystemLogger] [JavaFX Application Thread] Pausing main loop
04 Oct 2016, 21:39:52.264 [  FINER] [   FXGL.SystemLogger] [JavaFX Application Thread] Pausing main loop
04 Oct 2016, 21:39:52.265 [  FINER] [   FXGL.SystemLogger] [JavaFX Application Thread] Pausing main loop
04 Oct 2016, 21:39:52.265 [  FINER] [   FXGL.SystemLogger] [JavaFX Application Thread] Pausing main loop
04 Oct 2016, 21:39:52.265 [  FINER] [   FXGL.SystemLogger] [JavaFX Application Thread] Pausing main loop
04 Oct 2016, 21:39:52.265 [  FINER] [   FXGL.SystemLogger] [JavaFX Application Thread] Pausing main loop
04 Oct 2016, 21:39:52.266 [  FINER] [   FXGL.SystemLogger] [JavaFX Application Thread] Pausing main loop
04 Oct 2016, 21:39:52.266 [  FINER] [   FXGL.SystemLogger] [JavaFX Application Thread] Pausing main loop
04 Oct 2016, 21:39:52.266 [  FINER] [   FXGL.SystemLogger] [JavaFX Application Thread] Pausing main loop
04 Oct 2016, 21:39:52.266 [  FINER] [   FXGL.SystemLogger] [JavaFX Application Thread] Pausing main loop
04 Oct 2016, 21:39:52.266 [  FINER] [   FXGL.SystemLogger] [JavaFX Application Thread] Pausing main loop
04 Oct 2016, 21:39:52.267 [  FINER] [   FXGL.SystemLogger] [JavaFX Application Thread] Pausing main loop
04 Oct 2016, 21:39:52.267 [  FINER] [   FXGL.SystemLogger] [JavaFX Application Thread] Pausing main loop
04 Oct 2016, 21:39:52.267 [  FINER] [   FXGL.SystemLogger] [JavaFX Application Thread] Pausing main loop
04 Oct 2016, 21:39:52.267 [  FINER] [   FXGL.SystemLogger] [JavaFX Application Thread] Pausing main loop
04 Oct 2016, 21:39:52.267 [  FINER] [   FXGL.SystemLogger] [JavaFX Application Thread] Pausing main loop
04 Oct 2016, 21:39:52.268 [  FINER] [   FXGL.SystemLogger] [JavaFX Application Thread] Pausing main loop
04 Oct 2016, 21:39:52.268 [  FINER] [   FXGL.SystemLogger] [JavaFX Application Thread] Pausing main loop
04 Oct 2016, 21:39:52.269 [  FINER] [   FXGL.SystemLogger] [JavaFX Application Thread] Pausing main loop
04 Oct 2016, 21:39:52.269 [  FINER] [   FXGL.SystemLogger] [JavaFX Application Thread] Pausing main loop
04 Oct 2016, 21:39:52.269 [  FINER] [   FXGL.SystemLogger] [JavaFX Application Thread] Pausing main loop
04 Oct 2016, 21:39:52.270 [  FINER] [   FXGL.SystemLogger] [JavaFX Application Thread] Pausing main loop
04 Oct 2016, 21:39:52.270 [  FINER] [   FXGL.SystemLogger] [JavaFX Application Thread] Pausing main loop
04 Oct 2016, 21:39:52.270 [  FINER] [   FXGL.SystemLogger] [JavaFX Application Thread] Pausing main loop
04 Oct 2016, 21:39:52.270 [  FINER] [   FXGL.SystemLogger] [JavaFX Application Thread] Pausing main loop
04 Oct 2016, 21:39:52.270 [  FINER] [   FXGL.SystemLogger] [JavaFX Application Thread] Pausing main loop
04 Oct 2016, 21:39:52.270 [  FINER] [   FXGL.SystemLogger] [JavaFX Application Thread] Pausing main loop
04 Oct 2016, 21:39:52.271 [  FINER] [   FXGL.SystemLogger] [JavaFX Application Thread] Pausing main loop
04 Oct 2016, 21:39:52.271 [  FINER] [   FXGL.SystemLogger] [JavaFX Application Thread] Pausing main loop
04 Oct 2016, 21:39:52.271 [  FINER] [   FXGL.SystemLogger] [JavaFX Application Thread] Pausing main loop
04 Oct 2016, 21:39:52.272 [  FINER] [   FXGL.SystemLogger] [JavaFX Application Thread] Pausing main loop
04 Oct 2016, 21:39:52.272 [  FINER] [   FXGL.SystemLogger] [JavaFX Application Thread] Pausing main loop
04 Oct 2016, 21:39:52.272 [  FINER] [   FXGL.SystemLogger] [JavaFX Application Thread] Pausing main loop
04 Oct 2016, 21:39:52.272 [  FINER] [   FXGL.SystemLogger] [JavaFX Application Thread] Pausing main loop
04 Oct 2016, 21:39:52.272 [  FINER] [   FXGL.SystemLogger] [JavaFX Application Thread] Pausing main loop
04 Oct 2016, 21:39:52.272 [  FINER] [   FXGL.SystemLogger] [JavaFX Application Thread] Pausing main loop
04 Oct 2016, 21:39:52.273 [  FINER] [   FXGL.SystemLogger] [JavaFX Application Thread] Pausing main loop
04 Oct 2016, 21:39:52.273 [  FINER] [   FXGL.SystemLogger] [JavaFX Application Thread] Pausing main loop
04 Oct 2016, 21:39:52.273 [  FINER] [   FXGL.SystemLogger] [JavaFX Application Thread] Pausing main loop
04 Oct 2016, 21:39:52.273 [  FINER] [   FXGL.SystemLogger] [JavaFX Application Thread] Pausing main loop
04 Oct 2016, 21:39:52.274 [  FINER] [   FXGL.SystemLogger] [JavaFX Application Thread] Pausing main loop
04 Oct 2016, 21:39:52.274 [  FINER] [   FXGL.SystemLogger] [JavaFX Application Thread] Pausing main loop
04 Oct 2016, 21:39:52.274 [  FINER] [   FXGL.SystemLogger] [JavaFX Application Thread] Pausing main loop
04 Oct 2016, 21:39:52.274 [  FINER] [   FXGL.SystemLogger] [JavaFX Application Thread] Pausing main loop
04 Oct 2016, 21:39:52.275 [  FINER] [   FXGL.SystemLogger] [JavaFX Application Thread] Pausing main loop
04 Oct 2016, 21:39:52.275 [  FINER] [   FXGL.SystemLogger] [JavaFX Application Thread] Pausing main loop
04 Oct 2016, 21:39:52.275 [  FINER] [   FXGL.SystemLogger] [JavaFX Application Thread] Pausing main loop
04 Oct 2016, 21:39:52.276 [  FINER] [   FXGL.SystemLogger] [JavaFX Application Thread] Pausing main loop
04 Oct 2016, 21:39:52.277 [  FINER] [   FXGL.SystemLogger] [JavaFX Application Thread] Pausing main loop
04 Oct 2016, 21:39:52.277 [  FINER] [   FXGL.SystemLogger] [JavaFX Application Thread] Pausing main loop
04 Oct 2016, 21:39:52.278 [  FINER] [   FXGL.SystemLogger] [JavaFX Application Thread] Pausing main loop
04 Oct 2016, 21:39:52.278 [  FINER] [   FXGL.SystemLogger] [JavaFX Application Thread] Pausing main loop
04 Oct 2016, 21:39:52.279 [  FINER] [   FXGL.SystemLogger] [JavaFX Application Thread] Pausing main loop
04 Oct 2016, 21:39:52.279 [  FINER] [   FXGL.SystemLogger] [JavaFX Application Thread] Pausing main loop
04 Oct 2016, 21:39:52.280 [  FINER] [   FXGL.SystemLogger] [JavaFX Application Thread] Pausing main loop
04 Oct 2016, 21:39:52.280 [  FINER] [   FXGL.SystemLogger] [JavaFX Application Thread] Pausing main loop
04 Oct 2016, 21:39:52.280 [  FINER] [   FXGL.SystemLogger] [JavaFX Application Thread] Pausing main loop
04 Oct 2016, 21:39:52.280 [  FINER] [   FXGL.SystemLogger] [JavaFX Application Thread] Pausing main loop
04 Oct 2016, 21:39:52.281 [  FINER] [   FXGL.SystemLogger] [JavaFX Application Thread] Pausing main loop
04 Oct 2016, 21:39:52.281 [  FINER] [   FXGL.SystemLogger] [JavaFX Application Thread] Pausing main loop
04 Oct 2016, 21:39:52.281 [  FINER] [   FXGL.SystemLogger] [JavaFX Application Thread] Pausing main loop
04 Oct 2016, 21:39:52.282 [  FINER] [   FXGL.SystemLogger] [JavaFX Application Thread] Pausing main loop
04 Oct 2016, 21:39:52.282 [  FINER] [   FXGL.SystemLogger] [JavaFX Application Thread] Pausing main loop
04 Oct 2016, 21:39:52.282 [  FINER] [   FXGL.SystemLogger] [JavaFX Application Thread] Pausing main loop
04 Oct 2016, 21:39:52.283 [  FINER] [   FXGL.SystemLogger] [JavaFX Application Thread] Pausing main loop
04 Oct 2016, 21:39:52.283 [  FINER] [   FXGL.SystemLogger] [JavaFX Application Thread] Pausing main loop
04 Oct 2016, 21:39:52.283 [  FINER] [   FXGL.SystemLogger] [JavaFX Application Thread] Pausing main loop
04 Oct 2016, 21:39:52.284 [  FINER] [   FXGL.SystemLogger] [JavaFX Application Thread] Pausing main loop
04 Oct 2016, 21:39:52.284 [  FINER] [   FXGL.SystemLogger] [JavaFX Application Thread] Pausing main loop
04 Oct 2016, 21:39:52.284 [  FINER] [   FXGL.SystemLogger] [JavaFX Application Thread] Pausing main loop
04 Oct 2016, 21:39:52.284 [  FINER] [   FXGL.SystemLogger] [JavaFX Application Thread] Pausing main loop
04 Oct 2016, 21:39:52.285 [  FINER] [   FXGL.SystemLogger] [JavaFX Application Thread] Pausing main loop
04 Oct 2016, 21:39:52.285 [  FINER] [   FXGL.SystemLogger] [JavaFX Application Thread] Pausing main loop
04 Oct 2016, 21:39:52.286 [  FINER] [   FXGL.SystemLogger] [JavaFX Application Thread] Pausing main loop
04 Oct 2016, 21:39:52.286 [  FINER] [   FXGL.SystemLogger] [JavaFX Application Thread] Pausing main loop
04 Oct 2016, 21:39:52.286 [  FINER] [   FXGL.SystemLogger] [JavaFX Application Thread] Pausing main loop
04 Oct 2016, 21:39:52.287 [  FINER] [   FXGL.SystemLogger] [JavaFX Application Thread] Pausing main loop
04 Oct 2016, 21:39:52.287 [  FINER] [   FXGL.SystemLogger] [JavaFX Application Thread] Pausing main loop
04 Oct 2016, 21:39:52.288 [  FINER] [   FXGL.SystemLogger] [JavaFX Application Thread] Pausing main loop
04 Oct 2016, 21:39:52.288 [  FINER] [   FXGL.SystemLogger] [JavaFX Application Thread] Pausing main loop
04 Oct 2016, 21:39:52.289 [  FINER] [   FXGL.SystemLogger] [JavaFX Application Thread] Pausing main loop
04 Oct 2016, 21:39:52.289 [  FINER] [   FXGL.SystemLogger] [JavaFX Application Thread] Pausing main loop
04 Oct 2016, 21:39:52.289 [  FINER] [   FXGL.SystemLogger] [JavaFX Application Thread] Pausing main loop
04 Oct 2016, 21:39:52.289 [  FINER] [   FXGL.SystemLogger] [JavaFX Application Thread] Pausing main loop
04 Oct 2016, 21:39:52.290 [  FINER] [   FXGL.SystemLogger] [JavaFX Application Thread] Pausing main loop
04 Oct 2016, 21:39:52.290 [  FINER] [   FXGL.SystemLogger] [JavaFX Application Thread] Pausing main loop
04 Oct 2016, 21:39:52.290 [  FINER] [   FXGL.SystemLogger] [JavaFX Application Thread] Pausing main loop
04 Oct 2016, 21:39:52.290 [  FINER] [   FXGL.SystemLogger] [JavaFX Application Thread] Pausing main loop
04 Oct 2016, 21:39:52.290 [  FINER] [   FXGL.SystemLogger] [JavaFX Application Thread] Pausing main loop
04 Oct 2016, 21:39:52.291 [  FINER] [   FXGL.SystemLogger] [JavaFX Application Thread] Pausing main loop
04 Oct 2016, 21:39:52.291 [  FINER] [   FXGL.SystemLogger] [JavaFX Application Thread] Pausing main loop
04 Oct 2016, 21:39:52.292 [  FINER] [   FXGL.SystemLogger] [JavaFX Application Thread] Pausing main loop
04 Oct 2016, 21:39:52.293 [  FINER] [   FXGL.SystemLogger] [JavaFX Application Thread] Pausing main loop
04 Oct 2016, 21:39:52.293 [  FINER] [   FXGL.SystemLogger] [JavaFX Application Thread] Pausing main loop
04 Oct 2016, 21:39:52.294 [  FINER] [   FXGL.SystemLogger] [JavaFX Application Thread] Pausing main loop
04 Oct 2016, 21:39:52.295 [  FINER] [   FXGL.SystemLogger] [JavaFX Application Thread] Pausing main loop
04 Oct 2016, 21:39:52.295 [  FINER] [   FXGL.SystemLogger] [JavaFX Application Thread] Pausing main loop
04 Oct 2016, 21:39:52.296 [  FINER] [   FXGL.SystemLogger] [JavaFX Application Thread] Pausing main loop
04 Oct 2016, 21:39:52.297 [  FINER] [   FXGL.SystemLogger] [JavaFX Application Thread] Pausing main loop
04 Oct 2016, 21:39:52.297 [  FINER] [   FXGL.SystemLogger] [JavaFX Application Thread] Pausing main loop
04 Oct 2016, 21:39:52.298 [  FINER] [   FXGL.SystemLogger] [JavaFX Application Thread] Pausing main loop
04 Oct 2016, 21:39:52.299 [  FINER] [   FXGL.SystemLogger] [JavaFX Application Thread] Pausing main loop
04 Oct 2016, 21:39:52.300 [  FINER] [   FXGL.SystemLogger] [JavaFX Application Thread] Pausing main loop
04 Oct 2016, 21:39:52.300 [  FINER] [   FXGL.SystemLogger] [JavaFX Application Thread] Pausing main loop
04 Oct 2016, 21:39:52.301 [  FINER] [   FXGL.SystemLogger] [JavaFX Application Thread] Pausing main loop
04 Oct 2016, 21:39:52.301 [  FINER] [   FXGL.SystemLogger] [JavaFX Application Thread] Pausing main loop
04 Oct 2016, 21:39:52.302 [  FINER] [   FXGL.SystemLogger] [JavaFX Application Thread] Pausing main loop
04 Oct 2016, 21:39:52.302 [  FINER] [   FXGL.SystemLogger] [JavaFX Application Thread] Pausing main loop
04 Oct 2016, 21:39:52.303 [  FINER] [   FXGL.SystemLogger] [JavaFX Application Thread] Pausing main loop
04 Oct 2016, 21:39:52.303 [  FINER] [   FXGL.SystemLogger] [JavaFX Application Thread] Pausing main loop
04 Oct 2016, 21:39:52.303 [  FINER] [   FXGL.SystemLogger] [JavaFX Application Thread] Pausing main loop
04 Oct 2016, 21:39:52.304 [  FINER] [   FXGL.SystemLogger] [JavaFX Application Thread] Pausing main loop
04 Oct 2016, 21:39:52.304 [  FINER] [   FXGL.SystemLogger] [JavaFX Application Thread] Pausing main loop
04 Oct 2016, 21:39:52.305 [  FINER] [   FXGL.SystemLogger] [JavaFX Application Thread] Pausing main loop
04 Oct 2016, 21:39:52.305 [  FINER] [   FXGL.SystemLogger] [JavaFX Application Thread] Pausing main loop
04 Oct 2016, 21:39:52.305 [  FINER] [   FXGL.SystemLogger] [JavaFX Application Thread] Pausing main loop
04 Oct 2016, 21:39:52.306 [  FINER] [   FXGL.SystemLogger] [JavaFX Application Thread] Pausing main loop
04 Oct 2016, 21:39:52.306 [  FINER] [   FXGL.SystemLogger] [JavaFX Application Thread] Pausing main loop
04 Oct 2016, 21:39:52.307 [  FINER] [   FXGL.SystemLogger] [JavaFX Application Thread] Pausing main loop
04 Oct 2016, 21:39:52.307 [  FINER] [   FXGL.SystemLogger] [JavaFX Application Thread] Pausing main loop
04 Oct 2016, 21:39:52.307 [  FINER] [   FXGL.SystemLogger] [JavaFX Application Thread] Pausing main loop
04 Oct 2016, 21:39:52.308 [  FINER] [   FXGL.SystemLogger] [JavaFX Application Thread] Pausing main loop
04 Oct 2016, 21:39:52.308 [  FINER] [   FXGL.SystemLogger] [JavaFX Application Thread] Pausing main loop
04 Oct 2016, 21:39:52.308 [  FINER] [   FXGL.SystemLogger] [JavaFX Application Thread] Pausing main loop
04 Oct 2016, 21:39:52.309 [  FINER] [   FXGL.SystemLogger] [JavaFX Application Thread] Pausing main loop
04 Oct 2016, 21:39:52.309 [  FINER] [   FXGL.SystemLogger] [JavaFX Application Thread] Pausing main loop
04 Oct 2016, 21:39:52.310 [  FINER] [   FXGL.SystemLogger] [JavaFX Application Thread] Pausing main loop
04 Oct 2016, 21:39:52.310 [  FINER] [   FXGL.SystemLogger] [JavaFX Application Thread] Pausing main loop
04 Oct 2016, 21:39:52.311 [  FINER] [   FXGL.SystemLogger] [JavaFX Application Thread] Pausing main loop
04 Oct 2016, 21:39:52.311 [  FINER] [   FXGL.SystemLogger] [JavaFX Application Thread] Pausing main loop
04 Oct 2016, 21:39:52.312 [  FINER] [   FXGL.SystemLogger] [JavaFX Application Thread] Pausing main loop
04 Oct 2016, 21:39:52.312 [  FINER] [   FXGL.SystemLogger] [JavaFX Application Thread] Pausing main loop
04 Oct 2016, 21:39:52.312 [  FINER] [   FXGL.SystemLogger] [JavaFX Application Thread] Pausing main loop
04 Oct 2016, 21:39:52.312 [  FINER] [   FXGL.SystemLogger] [JavaFX Application Thread] Pausing main loop
04 Oct 2016, 21:39:52.312 [  FINER] [   FXGL.SystemLogger] [JavaFX Application Thread] Pausing main loop
04 Oct 2016, 21:39:52.313 [  FINER] [   FXGL.SystemLogger] [JavaFX Application Thread] Pausing main loop
04 Oct 2016, 21:39:52.313 [  FINER] [   FXGL.SystemLogger] [JavaFX Application Thread] Pausing main loop
04 Oct 2016, 21:39:52.313 [  FINER] [   FXGL.SystemLogger] [JavaFX Application Thread] Pausing main loop
04 Oct 2016, 21:39:52.313 [  FINER] [   FXGL.SystemLogger] [JavaFX Application Thread] Pausing main loop
04 Oct 2016, 21:39:52.313 [  FINER] [   FXGL.SystemLogger] [JavaFX Application Thread] Pausing main loop
04 Oct 2016, 21:39:52.314 [  FINER] [   FXGL.SystemLogger] [JavaFX Application Thread] Pausing main loop
04 Oct 2016, 21:39:52.314 [  FINER] [   FXGL.SystemLogger] [JavaFX Application Thread] Pausing main loop
04 Oct 2016, 21:39:52.315 [  FINER] [   FXGL.SystemLogger] [JavaFX Application Thread] Pausing main loop
04 Oct 2016, 21:39:52.315 [  FINER] [   FXGL.SystemLogger] [JavaFX Application Thread] Pausing main loop
04 Oct 2016, 21:39:52.315 [  FINER] [   FXGL.SystemLogger] [JavaFX Application Thread] Pausing main loop
04 Oct 2016, 21:39:52.316 [  FINER] [   FXGL.SystemLogger] [JavaFX Application Thread] Pausing main loop
04 Oct 2016, 21:39:52.316 [  FINER] [   FXGL.SystemLogger] [JavaFX Application Thread] Pausing main loop
04 Oct 2016, 21:39:52.316 [  FINER] [   FXGL.SystemLogger] [JavaFX Application Thread] Pausing main loop
04 Oct 2016, 21:39:52.316 [  FINER] [   FXGL.SystemLogger] [JavaFX Application Thread] Pausing main loop
04 Oct 2016, 21:39:52.317 [  FINER] [   FXGL.SystemLogger] [JavaFX Application Thread] Pausing main loop
04 Oct 2016, 21:39:52.317 [  FINER] [   FXGL.SystemLogger] [JavaFX Application Thread] Pausing main loop
04 Oct 2016, 21:39:52.317 [  FINER] [   FXGL.SystemLogger] [JavaFX Application Thread] Pausing main loop
04 Oct 2016, 21:39:52.317 [  FINER] [   FXGL.SystemLogger] [JavaFX Application Thread] Pausing main loop
04 Oct 2016, 21:39:52.317 [  FINER] [   FXGL.SystemLogger] [JavaFX Application Thread] Pausing main loop
04 Oct 2016, 21:39:52.318 [  FINER] [   FXGL.SystemLogger] [JavaFX Application Thread] Pausing main loop
04 Oct 2016, 21:39:52.318 [  FINER] [   FXGL.SystemLogger] [JavaFX Application Thread] Pausing main loop
04 Oct 2016, 21:39:52.318 [  FINER] [   FXGL.SystemLogger] [JavaFX Application Thread] Pausing main loop
04 Oct 2016, 21:39:52.318 [  FINER] [   FXGL.SystemLogger] [JavaFX Application Thread] Pausing main loop
04 Oct 2016, 21:39:52.319 [  FINER] [   FXGL.SystemLogger] [JavaFX Application Thread] Pausing main loop
04 Oct 2016, 21:39:52.319 [  FINER] [   FXGL.SystemLogger] [JavaFX Application Thread] Pausing main loop
04 Oct 2016, 21:39:52.319 [  FINER] [   FXGL.SystemLogger] [JavaFX Application Thread] Pausing main loop
04 Oct 2016, 21:39:52.319 [  FINER] [   FXGL.SystemLogger] [JavaFX Application Thread] Pausing main loop
04 Oct 2016, 21:39:52.320 [  FINER] [   FXGL.SystemLogger] [JavaFX Application Thread] Pausing main loop
04 Oct 2016, 21:39:52.320 [  FINER] [   FXGL.SystemLogger] [JavaFX Application Thread] Pausing main loop
04 Oct 2016, 21:39:52.320 [  FINER] [   FXGL.SystemLogger] [JavaFX Application Thread] Pausing main loop
04 Oct 2016, 21:39:52.321 [  FINER] [   FXGL.SystemLogger] [JavaFX Application Thread] Pausing main loop
04 Oct 2016, 21:39:52.321 [  FINER] [   FXGL.SystemLogger] [JavaFX Application Thread] Pausing main loop
04 Oct 2016, 21:39:52.321 [  FINER] [   FXGL.SystemLogger] [JavaFX Application Thread] Pausing main loop
04 Oct 2016, 21:39:52.321 [  FINER] [   FXGL.SystemLogger] [JavaFX Application Thread] Pausing main loop
04 Oct 2016, 21:39:52.322 [  FINER] [   FXGL.SystemLogger] [JavaFX Application Thread] Pausing main loop
04 Oct 2016, 21:39:52.322 [  FINER] [   FXGL.SystemLogger] [JavaFX Application Thread] Pausing main loop
04 Oct 2016, 21:39:52.322 [  FINER] [   FXGL.SystemLogger] [JavaFX Application Thread] Pausing main loop
04 Oct 2016, 21:39:52.322 [  FINER] [   FXGL.SystemLogger] [JavaFX Application Thread] Pausing main loop
04 Oct 2016, 21:39:52.323 [  FINER] [   FXGL.SystemLogger] [JavaFX Application Thread] Pausing main loop
04 Oct 2016, 21:39:52.323 [  FINER] [   FXGL.SystemLogger] [JavaFX Application Thread] Pausing main loop
04 Oct 2016, 21:39:52.323 [  FINER] [   FXGL.SystemLogger] [JavaFX Application Thread] Pausing main loop
04 Oct 2016, 21:39:52.323 [  FINER] [   FXGL.SystemLogger] [JavaFX Application Thread] Pausing main loop
04 Oct 2016, 21:39:52.324 [  FINER] [   FXGL.SystemLogger] [JavaFX Application Thread] Pausing main loop
04 Oct 2016, 21:39:52.324 [  FINER] [   FXGL.SystemLogger] [JavaFX Application Thread] Pausing main loop
04 Oct 2016, 21:39:52.325 [  FINER] [   FXGL.SystemLogger] [JavaFX Application Thread] Pausing main loop
04 Oct 2016, 21:39:52.325 [  FINER] [   FXGL.SystemLogger] [JavaFX Application Thread] Pausing main loop
04 Oct 2016, 21:39:52.326 [  FINER] [   FXGL.SystemLogger] [JavaFX Application Thread] Pausing main loop
04 Oct 2016, 21:39:52.326 [  FINER] [   FXGL.SystemLogger] [JavaFX Application Thread] Pausing main loop
04 Oct 2016, 21:39:52.327 [  FINER] [   FXGL.SystemLogger] [JavaFX Application Thread] Pausing main loop
04 Oct 2016, 21:39:52.327 [  FINER] [   FXGL.SystemLogger] [JavaFX Application Thread] Pausing main loop
04 Oct 2016, 21:39:52.328 [  FINER] [   FXGL.SystemLogger] [JavaFX Application Thread] Pausing main loop
04 Oct 2016, 21:39:52.328 [  FINER] [   FXGL.SystemLogger] [JavaFX Application Thread] Pausing main loop
04 Oct 2016, 21:39:52.328 [  FINER] [   FXGL.SystemLogger] [JavaFX Application Thread] Pausing main loop
04 Oct 2016, 21:39:52.329 [  FINER] [   FXGL.SystemLogger] [JavaFX Application Thread] Pausing main loop
04 Oct 2016, 21:39:52.329 [  FINER] [   FXGL.SystemLogger] [JavaFX Application Thread] Pausing main loop
04 Oct 2016, 21:39:52.329 [  FINER] [   FXGL.SystemLogger] [JavaFX Application Thread] Pausing main loop
04 Oct 2016, 21:39:52.330 [  FINER] [   FXGL.SystemLogger] [JavaFX Application Thread] Pausing main loop
04 Oct 2016, 21:39:52.331 [  FINER] [   FXGL.SystemLogger] [JavaFX Application Thread] Pausing main loop
04 Oct 2016, 21:39:52.331 [  FINER] [   FXGL.SystemLogger] [JavaFX Application Thread] Pausing main loop
04 Oct 2016, 21:39:52.332 [  FINER] [   FXGL.SystemLogger] [JavaFX Application Thread] Pausing main loop
04 Oct 2016, 21:39:52.333 [  FINER] [   FXGL.SystemLogger] [JavaFX Application Thread] Pausing main loop
04 Oct 2016, 21:39:52.333 [  FINER] [   FXGL.SystemLogger] [JavaFX Application Thread] Pausing main loop
04 Oct 2016, 21:39:52.333 [  FINER] [   FXGL.SystemLogger] [JavaFX Application Thread] Pausing main loop
04 Oct 2016, 21:39:52.334 [  FINER] [   FXGL.SystemLogger] [JavaFX Application Thread] Pausing main loop
04 Oct 2016, 21:39:52.334 [  FINER] [   FXGL.SystemLogger] [JavaFX Application Thread] Pausing main loop
04 Oct 2016, 21:39:52.334 [  FINER] [   FXGL.SystemLogger] [JavaFX Application Thread] Pausing main loop
04 Oct 2016, 21:39:52.335 [  FINER] [   FXGL.SystemLogger] [JavaFX Application Thread] Pausing main loop
04 Oct 2016, 21:39:52.336 [  FINER] [   FXGL.SystemLogger] [JavaFX Application Thread] Pausing main loop
04 Oct 2016, 21:39:52.336 [  FINER] [   FXGL.SystemLogger] [JavaFX Application Thread] Pausing main loop
04 Oct 2016, 21:39:52.337 [  FINER] [   FXGL.SystemLogger] [JavaFX Application Thread] Pausing main loop
04 Oct 2016, 21:39:52.337 [  FINER] [   FXGL.SystemLogger] [JavaFX Application Thread] Pausing main loop
04 Oct 2016, 21:39:52.338 [  FINER] [   FXGL.SystemLogger] [JavaFX Application Thread] Pausing main loop
04 Oct 2016, 21:39:52.338 [  FINER] [   FXGL.SystemLogger] [JavaFX Application Thread] Pausing main loop
04 Oct 2016, 21:39:52.338 [  FINER] [   FXGL.SystemLogger] [JavaFX Application Thread] Pausing main loop
04 Oct 2016, 21:39:52.339 [  FINER] [   FXGL.SystemLogger] [JavaFX Application Thread] Pausing main loop
04 Oct 2016, 21:39:52.339 [  FINER] [   FXGL.SystemLogger] [JavaFX Application Thread] Pausing main loop
04 Oct 2016, 21:39:52.339 [  FINER] [   FXGL.SystemLogger] [JavaFX Application Thread] Pausing main loop
04 Oct 2016, 21:39:52.340 [  FINER] [   FXGL.SystemLogger] [JavaFX Application Thread] Pausing main loop
04 Oct 2016, 21:39:52.340 [  FINER] [   FXGL.SystemLogger] [JavaFX Application Thread] Pausing main loop
04 Oct 2016, 21:39:52.340 [  FINER] [   FXGL.SystemLogger] [JavaFX Application Thread] Pausing main loop
04 Oct 2016, 21:39:52.341 [  FINER] [   FXGL.SystemLogger] [JavaFX Application Thread] Pausing main loop
04 Oct 2016, 21:39:52.341 [  FINER] [   FXGL.SystemLogger] [JavaFX Application Thread] Pausing main loop
04 Oct 2016, 21:39:52.341 [  FINER] [   FXGL.SystemLogger] [JavaFX Application Thread] Pausing main loop
04 Oct 2016, 21:39:52.342 [  FINER] [   FXGL.SystemLogger] [JavaFX Application Thread] Pausing main loop
04 Oct 2016, 21:39:52.342 [  FINER] [   FXGL.SystemLogger] [JavaFX Application Thread] Pausing main loop
04 Oct 2016, 21:39:52.342 [  FINER] [   FXGL.SystemLogger] [JavaFX Application Thread] Pausing main loop
04 Oct 2016, 21:39:52.343 [  FINER] [   FXGL.SystemLogger] [JavaFX Application Thread] Pausing main loop
04 Oct 2016, 21:39:52.343 [  FINER] [   FXGL.SystemLogger] [JavaFX Application Thread] Pausing main loop
04 Oct 2016, 21:39:52.343 [  FINER] [   FXGL.SystemLogger] [JavaFX Application Thread] Pausing main loop
04 Oct 2016, 21:39:52.343 [  FINER] [   FXGL.SystemLogger] [JavaFX Application Thread] Pausing main loop
04 Oct 2016, 21:39:52.344 [  FINER] [   FXGL.SystemLogger] [JavaFX Application Thread] Pausing main loop
04 Oct 2016, 21:39:52.344 [  FINER] [   FXGL.SystemLogger] [JavaFX Application Thread] Pausing main loop
04 Oct 2016, 21:39:52.344 [  FINER] [   FXGL.SystemLogger] [JavaFX Application Thread] Pausing main loop
04 Oct 2016, 21:39:52.345 [  FINER] [   FXGL.SystemLogger] [JavaFX Application Thread] Pausing main loop
04 Oct 2016, 21:39:52.345 [  FINER] [   FXGL.SystemLogger] [JavaFX Application Thread] Pausing main loop
04 Oct 2016, 21:39:52.345 [  FINER] [   FXGL.SystemLogger] [JavaFX Application Thread] Pausing main loop
04 Oct 2016, 21:39:52.346 [  FINER] [   FXGL.SystemLogger] [JavaFX Application Thread] Pausing main loop
04 Oct 2016, 21:39:52.346 [  FINER] [   FXGL.SystemLogger] [JavaFX Application Thread] Pausing main loop
04 Oct 2016, 21:39:52.346 [  FINER] [   FXGL.SystemLogger] [JavaFX Application Thread] Pausing main loop
04 Oct 2016, 21:39:52.347 [  FINER] [   FXGL.SystemLogger] [JavaFX Application Thread] Pausing main loop
04 Oct 2016, 21:39:52.347 [  FINER] [   FXGL.SystemLogger] [JavaFX Application Thread] Pausing main loop
04 Oct 2016, 21:39:52.347 [  FINER] [   FXGL.SystemLogger] [JavaFX Application Thread] Pausing main loop
04 Oct 2016, 21:39:52.348 [  FINER] [   FXGL.SystemLogger] [JavaFX Application Thread] Pausing main loop
04 Oct 2016, 21:39:52.348 [  FINER] [   FXGL.SystemLogger] [JavaFX Application Thread] Pausing main loop
04 Oct 2016, 21:39:52.349 [  FINER] [   FXGL.SystemLogger] [JavaFX Application Thread] Pausing main loop
04 Oct 2016, 21:39:52.349 [  FINER] [   FXGL.SystemLogger] [JavaFX Application Thread] Pausing main loop
04 Oct 2016, 21:39:52.349 [  FINER] [   FXGL.SystemLogger] [JavaFX Application Thread] Pausing main loop
04 Oct 2016, 21:39:52.350 [  FINER] [   FXGL.SystemLogger] [JavaFX Application Thread] Pausing main loop
04 Oct 2016, 21:39:52.351 [  FINER] [   FXGL.SystemLogger] [JavaFX Application Thread] Pausing main loop
04 Oct 2016, 21:39:52.351 [  FINER] [   FXGL.SystemLogger] [JavaFX Application Thread] Pausing main loop
04 Oct 2016, 21:39:52.352 [  FINER] [   FXGL.SystemLogger] [JavaFX Application Thread] Pausing main loop
04 Oct 2016, 21:39:52.352 [  FINER] [   FXGL.SystemLogger] [JavaFX Application Thread] Pausing main loop
04 Oct 2016, 21:39:52.353 [  FINER] [   FXGL.SystemLogger] [JavaFX Application Thread] Pausing main loop
04 Oct 2016, 21:39:52.353 [  FINER] [   FXGL.SystemLogger] [JavaFX Application Thread] Pausing main loop
04 Oct 2016, 21:39:52.353 [  FINER] [   FXGL.SystemLogger] [JavaFX Application Thread] Pausing main loop
04 Oct 2016, 21:39:52.354 [  FINER] [   FXGL.SystemLogger] [JavaFX Application Thread] Pausing main loop
04 Oct 2016, 21:39:52.354 [  FINER] [   FXGL.SystemLogger] [JavaFX Application Thread] Pausing main loop
04 Oct 2016, 21:39:52.354 [  FINER] [   FXGL.SystemLogger] [JavaFX Application Thread] Pausing main loop
04 Oct 2016, 21:39:52.355 [  FINER] [   FXGL.SystemLogger] [JavaFX Application Thread] Pausing main loop
04 Oct 2016, 21:39:52.355 [  FINER] [   FXGL.SystemLogger] [JavaFX Application Thread] Pausing main loop
04 Oct 2016, 21:39:52.355 [  FINER] [   FXGL.SystemLogger] [JavaFX Application Thread] Pausing main loop
04 Oct 2016, 21:39:52.355 [  FINER] [   FXGL.SystemLogger] [JavaFX Application Thread] Pausing main loop
04 Oct 2016, 21:39:52.355 [  FINER] [   FXGL.SystemLogger] [JavaFX Application Thread] Pausing main loop
04 Oct 2016, 21:39:52.355 [  FINER] [   FXGL.SystemLogger] [JavaFX Application Thread] Pausing main loop
04 Oct 2016, 21:39:52.355 [  FINER] [   FXGL.SystemLogger] [JavaFX Application Thread] Pausing main loop
04 Oct 2016, 21:39:52.356 [  FINER] [   FXGL.SystemLogger] [JavaFX Application Thread] Pausing main loop
04 Oct 2016, 21:39:52.356 [  FINER] [   FXGL.SystemLogger] [JavaFX Application Thread] Pausing main loop
04 Oct 2016, 21:39:52.356 [  FINER] [   FXGL.SystemLogger] [JavaFX Application Thread] Pausing main loop
04 Oct 2016, 21:39:52.356 [  FINER] [   FXGL.SystemLogger] [JavaFX Application Thread] Pausing main loop
04 Oct 2016, 21:39:52.356 [  FINER] [   FXGL.SystemLogger] [JavaFX Application Thread] Pausing main loop
04 Oct 2016, 21:39:52.356 [  FINER] [   FXGL.SystemLogger] [JavaFX Application Thread] Pausing main loop
04 Oct 2016, 21:39:52.357 [  FINER] [   FXGL.SystemLogger] [JavaFX Application Thread] Pausing main loop
04 Oct 2016, 21:39:52.357 [  FINER] [   FXGL.SystemLogger] [JavaFX Application Thread] Pausing main loop
04 Oct 2016, 21:39:52.357 [  FINER] [   FXGL.SystemLogger] [JavaFX Application Thread] Pausing main loop
04 Oct 2016, 21:39:52.357 [  FINER] [   FXGL.SystemLogger] [JavaFX Application Thread] Pausing main loop
04 Oct 2016, 21:39:52.357 [  FINER] [   FXGL.SystemLogger] [JavaFX Application Thread] Pausing main loop
04 Oct 2016, 21:39:52.357 [  FINER] [   FXGL.SystemLogger] [JavaFX Application Thread] Pausing main loop
04 Oct 2016, 21:39:52.358 [  FINER] [   FXGL.SystemLogger] [JavaFX Application Thread] Pausing main loop
04 Oct 2016, 21:39:52.358 [  FINER] [   FXGL.SystemLogger] [JavaFX Application Thread] Pausing main loop
04 Oct 2016, 21:39:52.358 [  FINER] [   FXGL.SystemLogger] [JavaFX Application Thread] Pausing main loop
04 Oct 2016, 21:39:52.358 [  FINER] [   FXGL.SystemLogger] [JavaFX Application Thread] Pausing main loop
04 Oct 2016, 21:39:52.358 [  FINER] [   FXGL.SystemLogger] [JavaFX Application Thread] Pausing main loop
04 Oct 2016, 21:39:52.358 [  FINER] [   FXGL.SystemLogger] [JavaFX Application Thread] Pausing main loop
04 Oct 2016, 21:39:52.358 [  FINER] [   FXGL.SystemLogger] [JavaFX Application Thread] Pausing main loop
04 Oct 2016, 21:39:52.359 [  FINER] [   FXGL.SystemLogger] [JavaFX Application Thread] Pausing main loop
04 Oct 2016, 21:39:52.359 [  FINER] [   FXGL.SystemLogger] [JavaFX Application Thread] Pausing main loop
04 Oct 2016, 21:39:52.359 [  FINER] [   FXGL.SystemLogger] [JavaFX Application Thread] Pausing main loop
04 Oct 2016, 21:39:52.359 [  FINER] [   FXGL.SystemLogger] [JavaFX Application Thread] Pausing main loop
04 Oct 2016, 21:39:52.359 [  FINER] [   FXGL.SystemLogger] [JavaFX Application Thread] Pausing main loop
04 Oct 2016, 21:39:52.360 [  FINER] [   FXGL.SystemLogger] [JavaFX Application Thread] Pausing main loop
04 Oct 2016, 21:39:52.360 [  FINER] [   FXGL.SystemLogger] [JavaFX Application Thread] Pausing main loop
04 Oct 2016, 21:39:52.360 [  FINER] [   FXGL.SystemLogger] [JavaFX Application Thread] Pausing main loop
04 Oct 2016, 21:39:52.360 [  FINER] [   FXGL.SystemLogger] [JavaFX Application Thread] Pausing main loop
04 Oct 2016, 21:39:52.360 [  FINER] [   FXGL.SystemLogger] [JavaFX Application Thread] Pausing main loop
04 Oct 2016, 21:39:52.360 [  FINER] [   FXGL.SystemLogger] [JavaFX Application Thread] Pausing main loop
04 Oct 2016, 21:39:52.360 [  FINER] [   FXGL.SystemLogger] [JavaFX Application Thread] Pausing main loop
04 Oct 2016, 21:39:52.361 [  FINER] [   FXGL.SystemLogger] [JavaFX Application Thread] Pausing main loop
04 Oct 2016, 21:39:52.361 [  FINER] [   FXGL.SystemLogger] [JavaFX Application Thread] Pausing main loop
04 Oct 2016, 21:39:52.361 [  FINER] [   FXGL.SystemLogger] [JavaFX Application Thread] Pausing main loop
04 Oct 2016, 21:39:52.361 [  FINER] [   FXGL.SystemLogger] [JavaFX Application Thread] Pausing main loop
04 Oct 2016, 21:39:52.361 [  FINER] [   FXGL.SystemLogger] [JavaFX Application Thread] Pausing main loop
04 Oct 2016, 21:39:52.361 [  FINER] [   FXGL.SystemLogger] [JavaFX Application Thread] Pausing main loop
04 Oct 2016, 21:39:52.361 [  FINER] [   FXGL.SystemLogger] [JavaFX Application Thread] Pausing main loop
04 Oct 2016, 21:39:52.362 [  FINER] [   FXGL.SystemLogger] [JavaFX Application Thread] Pausing main loop
04 Oct 2016, 21:39:52.362 [  FINER] [   FXGL.SystemLogger] [JavaFX Application Thread] Pausing main loop
04 Oct 2016, 21:39:52.362 [  FINER] [   FXGL.SystemLogger] [JavaFX Application Thread] Pausing main loop
04 Oct 2016, 21:39:52.362 [  FINER] [   FXGL.SystemLogger] [JavaFX Application Thread] Pausing main loop
04 Oct 2016, 21:39:52.362 [  FINER] [   FXGL.SystemLogger] [JavaFX Application Thread] Pausing main loop
04 Oct 2016, 21:39:52.362 [  FINER] [   FXGL.SystemLogger] [JavaFX Application Thread] Pausing main loop
04 Oct 2016, 21:39:52.362 [  FINER] [   FXGL.SystemLogger] [JavaFX Application Thread] Pausing main loop
04 Oct 2016, 21:39:52.363 [  FINER] [   FXGL.SystemLogger] [JavaFX Application Thread] Pausing main loop
04 Oct 2016, 21:39:52.363 [  FINER] [   FXGL.SystemLogger] [JavaFX Application Thread] Pausing main loop
04 Oct 2016, 21:39:52.363 [  FINER] [   FXGL.SystemLogger] [JavaFX Application Thread] Pausing main loop
04 Oct 2016, 21:39:52.363 [  FINER] [   FXGL.SystemLogger] [JavaFX Application Thread] Pausing main loop
04 Oct 2016, 21:39:52.363 [  FINER] [   FXGL.SystemLogger] [JavaFX Application Thread] Pausing main loop
04 Oct 2016, 21:39:52.363 [  FINER] [   FXGL.SystemLogger] [JavaFX Application Thread] Pausing main loop
04 Oct 2016, 21:39:52.364 [  FINER] [   FXGL.SystemLogger] [JavaFX Application Thread] Pausing main loop
04 Oct 2016, 21:39:52.364 [  FINER] [   FXGL.SystemLogger] [JavaFX Application Thread] Pausing main loop
04 Oct 2016, 21:39:52.364 [  FINER] [   FXGL.SystemLogger] [JavaFX Application Thread] Pausing main loop
04 Oct 2016, 21:39:52.364 [  FINER] [   FXGL.SystemLogger] [JavaFX Application Thread] Pausing main loop
04 Oct 2016, 21:39:52.364 [  FINER] [   FXGL.SystemLogger] [JavaFX Application Thread] Pausing main loop
04 Oct 2016, 21:39:52.365 [  FINER] [   FXGL.SystemLogger] [JavaFX Application Thread] Pausing main loop
04 Oct 2016, 21:39:52.365 [  FINER] [   FXGL.SystemLogger] [JavaFX Application Thread] Pausing main loop
04 Oct 2016, 21:39:52.365 [  FINER] [   FXGL.SystemLogger] [JavaFX Application Thread] Pausing main loop
04 Oct 2016, 21:39:52.365 [  FINER] [   FXGL.SystemLogger] [JavaFX Application Thread] Pausing main loop
04 Oct 2016, 21:39:52.365 [  FINER] [   FXGL.SystemLogger] [JavaFX Application Thread] Pausing main loop
04 Oct 2016, 21:39:52.365 [  FINER] [   FXGL.SystemLogger] [JavaFX Application Thread] Pausing main loop
04 Oct 2016, 21:39:52.365 [  FINER] [   FXGL.SystemLogger] [JavaFX Application Thread] Pausing main loop
04 Oct 2016, 21:39:52.366 [  FINER] [   FXGL.SystemLogger] [JavaFX Application Thread] Pausing main loop
04 Oct 2016, 21:39:52.366 [  FINER] [   FXGL.SystemLogger] [JavaFX Application Thread] Pausing main loop
04 Oct 2016, 21:39:52.366 [  FINER] [   FXGL.SystemLogger] [JavaFX Application Thread] Pausing main loop
04 Oct 2016, 21:39:52.366 [  FINER] [   FXGL.SystemLogger] [JavaFX Application Thread] Pausing main loop
04 Oct 2016, 21:39:52.366 [  FINER] [   FXGL.SystemLogger] [JavaFX Application Thread] Pausing main loop
04 Oct 2016, 21:39:52.366 [  FINER] [   FXGL.SystemLogger] [JavaFX Application Thread] Pausing main loop
04 Oct 2016, 21:39:52.367 [  FINER] [   FXGL.SystemLogger] [JavaFX Application Thread] Pausing main loop
04 Oct 2016, 21:39:52.367 [  FINER] [   FXGL.SystemLogger] [JavaFX Application Thread] Pausing main loop
04 Oct 2016, 21:39:52.367 [  FINER] [   FXGL.SystemLogger] [JavaFX Application Thread] Pausing main loop
04 Oct 2016, 21:39:59.395 [  FINER] [   FXGL.SystemLogger] [JavaFX Application Thread] Pausing main loop
04 Oct 2016, 21:39:59.395 [  FINER] [   FXGL.SystemLogger] [JavaFX Application Thread] Pausing main loop
04 Oct 2016, 21:39:59.395 [  FINER] [   FXGL.SystemLogger] [JavaFX Application Thread] Pausing main loop
04 Oct 2016, 21:39:59.396 [  FINER] [   FXGL.SystemLogger] [JavaFX Application Thread] Pausing main loop
04 Oct 2016, 21:39:59.396 [  FINER] [   FXGL.SystemLogger] [JavaFX Application Thread] Pausing main loop
04 Oct 2016, 21:39:59.396 [  FINER] [   FXGL.SystemLogger] [JavaFX Application Thread] Pausing main loop
04 Oct 2016, 21:39:59.396 [  FINER] [   FXGL.SystemLogger] [JavaFX Application Thread] Pausing main loop
04 Oct 2016, 21:39:59.397 [  FINER] [   FXGL.SystemLogger] [JavaFX Application Thread] Pausing main loop
04 Oct 2016, 21:39:59.397 [  FINER] [   FXGL.SystemLogger] [JavaFX Application Thread] Pausing main loop
04 Oct 2016, 21:39:59.398 [  FINER] [   FXGL.SystemLogger] [JavaFX Application Thread] Pausing main loop
04 Oct 2016, 21:39:59.398 [  FINER] [   FXGL.SystemLogger] [JavaFX Application Thread] Pausing main loop
04 Oct 2016, 21:39:59.398 [  FINER] [   FXGL.SystemLogger] [JavaFX Application Thread] Pausing main loop
04 Oct 2016, 21:39:59.398 [  FINER] [   FXGL.SystemLogger] [JavaFX Application Thread] Pausing main loop
04 Oct 2016, 21:39:59.399 [  FINER] [   FXGL.SystemLogger] [JavaFX Application Thread] Pausing main loop
04 Oct 2016, 21:39:59.399 [  FINER] [   FXGL.SystemLogger] [JavaFX Application Thread] Pausing main loop
04 Oct 2016, 21:39:59.399 [  FINER] [   FXGL.SystemLogger] [JavaFX Application Thread] Pausing main loop
04 Oct 2016, 21:39:59.399 [  FINER] [   FXGL.SystemLogger] [JavaFX Application Thread] Pausing main loop
04 Oct 2016, 21:39:59.399 [  FINER] [   FXGL.SystemLogger] [JavaFX Application Thread] Pausing main loop
04 Oct 2016, 21:39:59.400 [  FINER] [   FXGL.SystemLogger] [JavaFX Application Thread] Pausing main loop
04 Oct 2016, 21:39:59.400 [  FINER] [   FXGL.SystemLogger] [JavaFX Application Thread] Pausing main loop
04 Oct 2016, 21:39:59.400 [  FINER] [   FXGL.SystemLogger] [JavaFX Application Thread] Pausing main loop
04 Oct 2016, 21:39:59.400 [  FINER] [   FXGL.SystemLogger] [JavaFX Application Thread] Pausing main loop
04 Oct 2016, 21:39:59.400 [  FINER] [   FXGL.SystemLogger] [JavaFX Application Thread] Pausing main loop
04 Oct 2016, 21:39:59.401 [  FINER] [   FXGL.SystemLogger] [JavaFX Application Thread] Pausing main loop
04 Oct 2016, 21:39:59.401 [  FINER] [   FXGL.SystemLogger] [JavaFX Application Thread] Pausing main loop
04 Oct 2016, 21:39:59.401 [  FINER] [   FXGL.SystemLogger] [JavaFX Application Thread] Pausing main loop
04 Oct 2016, 21:39:59.401 [  FINER] [   FXGL.SystemLogger] [JavaFX Application Thread] Pausing main loop
04 Oct 2016, 21:39:59.401 [  FINER] [   FXGL.SystemLogger] [JavaFX Application Thread] Pausing main loop
04 Oct 2016, 21:39:59.401 [  FINER] [   FXGL.SystemLogger] [JavaFX Application Thread] Pausing main loop
04 Oct 2016, 21:39:59.402 [  FINER] [   FXGL.SystemLogger] [JavaFX Application Thread] Pausing main loop
04 Oct 2016, 21:39:59.402 [  FINER] [   FXGL.SystemLogger] [JavaFX Application Thread] Pausing main loop
04 Oct 2016, 21:39:59.402 [  FINER] [   FXGL.SystemLogger] [JavaFX Application Thread] Pausing main loop
04 Oct 2016, 21:39:59.402 [  FINER] [   FXGL.SystemLogger] [JavaFX Application Thread] Pausing main loop
04 Oct 2016, 21:39:59.402 [  FINER] [   FXGL.SystemLogger] [JavaFX Application Thread] Pausing main loop
04 Oct 2016, 21:39:59.402 [  FINER] [   FXGL.SystemLogger] [JavaFX Application Thread] Pausing main loop
04 Oct 2016, 21:39:59.402 [  FINER] [   FXGL.SystemLogger] [JavaFX Application Thread] Pausing main loop
04 Oct 2016, 21:39:59.403 [  FINER] [   FXGL.SystemLogger] [JavaFX Application Thread] Pausing main loop
04 Oct 2016, 21:39:59.403 [  FINER] [   FXGL.SystemLogger] [JavaFX Application Thread] Pausing main loop
04 Oct 2016, 21:39:59.403 [  FINER] [   FXGL.SystemLogger] [JavaFX Application Thread] Pausing main loop
04 Oct 2016, 21:39:59.403 [  FINER] [   FXGL.SystemLogger] [JavaFX Application Thread] Pausing main loop
04 Oct 2016, 21:39:59.403 [  FINER] [   FXGL.SystemLogger] [JavaFX Application Thread] Pausing main loop
04 Oct 2016, 21:39:59.403 [  FINER] [   FXGL.SystemLogger] [JavaFX Application Thread] Pausing main loop
04 Oct 2016, 21:39:59.403 [  FINER] [   FXGL.SystemLogger] [JavaFX Application Thread] Pausing main loop
04 Oct 2016, 21:39:59.404 [  FINER] [   FXGL.SystemLogger] [JavaFX Application Thread] Pausing main loop
04 Oct 2016, 21:39:59.404 [  FINER] [   FXGL.SystemLogger] [JavaFX Application Thread] Pausing main loop
04 Oct 2016, 21:39:59.404 [  FINER] [   FXGL.SystemLogger] [JavaFX Application Thread] Pausing main loop
04 Oct 2016, 21:39:59.404 [  FINER] [   FXGL.SystemLogger] [JavaFX Application Thread] Pausing main loop
04 Oct 2016, 21:39:59.404 [  FINER] [   FXGL.SystemLogger] [JavaFX Application Thread] Pausing main loop
04 Oct 2016, 21:39:59.404 [  FINER] [   FXGL.SystemLogger] [JavaFX Application Thread] Pausing main loop
04 Oct 2016, 21:39:59.404 [  FINER] [   FXGL.SystemLogger] [JavaFX Application Thread] Pausing main loop
04 Oct 2016, 21:39:59.405 [  FINER] [   FXGL.SystemLogger] [JavaFX Application Thread] Pausing main loop
04 Oct 2016, 21:39:59.405 [  FINER] [   FXGL.SystemLogger] [JavaFX Application Thread] Pausing main loop
04 Oct 2016, 21:39:59.405 [  FINER] [   FXGL.SystemLogger] [JavaFX Application Thread] Pausing main loop
04 Oct 2016, 21:39:59.405 [  FINER] [   FXGL.SystemLogger] [JavaFX Application Thread] Pausing main loop
04 Oct 2016, 21:39:59.405 [  FINER] [   FXGL.SystemLogger] [JavaFX Application Thread] Pausing main loop
04 Oct 2016, 21:39:59.405 [  FINER] [   FXGL.SystemLogger] [JavaFX Application Thread] Pausing main loop
04 Oct 2016, 21:39:59.405 [  FINER] [   FXGL.SystemLogger] [JavaFX Application Thread] Pausing main loop
04 Oct 2016, 21:39:59.405 [  FINER] [   FXGL.SystemLogger] [JavaFX Application Thread] Pausing main loop
04 Oct 2016, 21:39:59.406 [  FINER] [   FXGL.SystemLogger] [JavaFX Application Thread] Pausing main loop
04 Oct 2016, 21:39:59.406 [  FINER] [   FXGL.SystemLogger] [JavaFX Application Thread] Pausing main loop
04 Oct 2016, 21:39:59.406 [  FINER] [   FXGL.SystemLogger] [JavaFX Application Thread] Pausing main loop
04 Oct 2016, 21:39:59.406 [  FINER] [   FXGL.SystemLogger] [JavaFX Application Thread] Pausing main loop
04 Oct 2016, 21:39:59.406 [  FINER] [   FXGL.SystemLogger] [JavaFX Application Thread] Pausing main loop
04 Oct 2016, 21:39:59.406 [  FINER] [   FXGL.SystemLogger] [JavaFX Application Thread] Pausing main loop
04 Oct 2016, 21:39:59.406 [  FINER] [   FXGL.SystemLogger] [JavaFX Application Thread] Pausing main loop
04 Oct 2016, 21:39:59.407 [  FINER] [   FXGL.SystemLogger] [JavaFX Application Thread] Pausing main loop
04 Oct 2016, 21:39:59.407 [  FINER] [   FXGL.SystemLogger] [JavaFX Application Thread] Pausing main loop
04 Oct 2016, 21:39:59.407 [  FINER] [   FXGL.SystemLogger] [JavaFX Application Thread] Pausing main loop
04 Oct 2016, 21:39:59.407 [  FINER] [   FXGL.SystemLogger] [JavaFX Application Thread] Pausing main loop
04 Oct 2016, 21:39:59.408 [  FINER] [   FXGL.SystemLogger] [JavaFX Application Thread] Pausing main loop
04 Oct 2016, 21:39:59.408 [  FINER] [   FXGL.SystemLogger] [JavaFX Application Thread] Pausing main loop
04 Oct 2016, 21:39:59.408 [  FINER] [   FXGL.SystemLogger] [JavaFX Application Thread] Pausing main loop
04 Oct 2016, 21:39:59.408 [  FINER] [   FXGL.SystemLogger] [JavaFX Application Thread] Pausing main loop
04 Oct 2016, 21:39:59.408 [  FINER] [   FXGL.SystemLogger] [JavaFX Application Thread] Pausing main loop
04 Oct 2016, 21:39:59.409 [  FINER] [   FXGL.SystemLogger] [JavaFX Application Thread] Pausing main loop
04 Oct 2016, 21:39:59.409 [  FINER] [   FXGL.SystemLogger] [JavaFX Application Thread] Pausing main loop
04 Oct 2016, 21:39:59.409 [  FINER] [   FXGL.SystemLogger] [JavaFX Application Thread] Pausing main loop
04 Oct 2016, 21:39:59.409 [  FINER] [   FXGL.SystemLogger] [JavaFX Application Thread] Pausing main loop
04 Oct 2016, 21:39:59.409 [  FINER] [   FXGL.SystemLogger] [JavaFX Application Thread] Pausing main loop
04 Oct 2016, 21:39:59.410 [  FINER] [   FXGL.SystemLogger] [JavaFX Application Thread] Pausing main loop
04 Oct 2016, 21:39:59.410 [  FINER] [   FXGL.SystemLogger] [JavaFX Application Thread] Pausing main loop
04 Oct 2016, 21:39:59.410 [  FINER] [   FXGL.SystemLogger] [JavaFX Application Thread] Pausing main loop
04 Oct 2016, 21:39:59.410 [  FINER] [   FXGL.SystemLogger] [JavaFX Application Thread] Pausing main loop
04 Oct 2016, 21:39:59.410 [  FINER] [   FXGL.SystemLogger] [JavaFX Application Thread] Pausing main loop
04 Oct 2016, 21:39:59.411 [  FINER] [   FXGL.SystemLogger] [JavaFX Application Thread] Pausing main loop
04 Oct 2016, 21:39:59.411 [  FINER] [   FXGL.SystemLogger] [JavaFX Application Thread] Pausing main loop
04 Oct 2016, 21:39:59.411 [  FINER] [   FXGL.SystemLogger] [JavaFX Application Thread] Pausing main loop
04 Oct 2016, 21:39:59.412 [  FINER] [   FXGL.SystemLogger] [JavaFX Application Thread] Pausing main loop
04 Oct 2016, 21:39:59.412 [  FINER] [   FXGL.SystemLogger] [JavaFX Application Thread] Pausing main loop
04 Oct 2016, 21:39:59.412 [  FINER] [   FXGL.SystemLogger] [JavaFX Application Thread] Pausing main loop
04 Oct 2016, 21:39:59.413 [  FINER] [   FXGL.SystemLogger] [JavaFX Application Thread] Pausing main loop
04 Oct 2016, 21:39:59.413 [  FINER] [   FXGL.SystemLogger] [JavaFX Application Thread] Pausing main loop
04 Oct 2016, 21:39:59.413 [  FINER] [   FXGL.SystemLogger] [JavaFX Application Thread] Pausing main loop
04 Oct 2016, 21:39:59.413 [  FINER] [   FXGL.SystemLogger] [JavaFX Application Thread] Pausing main loop
04 Oct 2016, 21:39:59.414 [  FINER] [   FXGL.SystemLogger] [JavaFX Application Thread] Pausing main loop
04 Oct 2016, 21:39:59.414 [  FINER] [   FXGL.SystemLogger] [JavaFX Application Thread] Pausing main loop
04 Oct 2016, 21:39:59.414 [  FINER] [   FXGL.SystemLogger] [JavaFX Application Thread] Pausing main loop
04 Oct 2016, 21:39:59.414 [  FINER] [   FXGL.SystemLogger] [JavaFX Application Thread] Pausing main loop
04 Oct 2016, 21:39:59.415 [  FINER] [   FXGL.SystemLogger] [JavaFX Application Thread] Pausing main loop
04 Oct 2016, 21:39:59.415 [  FINER] [   FXGL.SystemLogger] [JavaFX Application Thread] Pausing main loop
04 Oct 2016, 21:39:59.415 [  FINER] [   FXGL.SystemLogger] [JavaFX Application Thread] Pausing main loop
04 Oct 2016, 21:39:59.415 [  FINER] [   FXGL.SystemLogger] [JavaFX Application Thread] Pausing main loop
04 Oct 2016, 21:39:59.415 [  FINER] [   FXGL.SystemLogger] [JavaFX Application Thread] Pausing main loop
04 Oct 2016, 21:39:59.416 [  FINER] [   FXGL.SystemLogger] [JavaFX Application Thread] Pausing main loop
04 Oct 2016, 21:39:59.416 [  FINER] [   FXGL.SystemLogger] [JavaFX Application Thread] Pausing main loop
04 Oct 2016, 21:39:59.416 [  FINER] [   FXGL.SystemLogger] [JavaFX Application Thread] Pausing main loop
04 Oct 2016, 21:39:59.416 [  FINER] [   FXGL.SystemLogger] [JavaFX Application Thread] Pausing main loop
04 Oct 2016, 21:39:59.417 [  FINER] [   FXGL.SystemLogger] [JavaFX Application Thread] Pausing main loop
04 Oct 2016, 21:39:59.417 [  FINER] [   FXGL.SystemLogger] [JavaFX Application Thread] Pausing main loop
04 Oct 2016, 21:39:59.417 [  FINER] [   FXGL.SystemLogger] [JavaFX Application Thread] Pausing main loop
04 Oct 2016, 21:39:59.417 [  FINER] [   FXGL.SystemLogger] [JavaFX Application Thread] Pausing main loop
04 Oct 2016, 21:39:59.418 [  FINER] [   FXGL.SystemLogger] [JavaFX Application Thread] Pausing main loop
04 Oct 2016, 21:39:59.418 [  FINER] [   FXGL.SystemLogger] [JavaFX Application Thread] Pausing main loop
04 Oct 2016, 21:39:59.418 [  FINER] [   FXGL.SystemLogger] [JavaFX Application Thread] Pausing main loop
04 Oct 2016, 21:39:59.419 [  FINER] [   FXGL.SystemLogger] [JavaFX Application Thread] Pausing main loop
04 Oct 2016, 21:39:59.419 [  FINER] [   FXGL.SystemLogger] [JavaFX Application Thread] Pausing main loop
04 Oct 2016, 21:39:59.419 [  FINER] [   FXGL.SystemLogger] [JavaFX Application Thread] Pausing main loop
04 Oct 2016, 21:39:59.420 [  FINER] [   FXGL.SystemLogger] [JavaFX Application Thread] Pausing main loop
04 Oct 2016, 21:39:59.420 [  FINER] [   FXGL.SystemLogger] [JavaFX Application Thread] Pausing main loop
04 Oct 2016, 21:39:59.420 [  FINER] [   FXGL.SystemLogger] [JavaFX Application Thread] Pausing main loop
04 Oct 2016, 21:39:59.421 [  FINER] [   FXGL.SystemLogger] [JavaFX Application Thread] Pausing main loop
04 Oct 2016, 21:39:59.421 [  FINER] [   FXGL.SystemLogger] [JavaFX Application Thread] Pausing main loop
04 Oct 2016, 21:39:59.421 [  FINER] [   FXGL.SystemLogger] [JavaFX Application Thread] Pausing main loop
04 Oct 2016, 21:39:59.422 [  FINER] [   FXGL.SystemLogger] [JavaFX Application Thread] Pausing main loop
04 Oct 2016, 21:39:59.422 [  FINER] [   FXGL.SystemLogger] [JavaFX Application Thread] Pausing main loop
04 Oct 2016, 21:39:59.422 [  FINER] [   FXGL.SystemLogger] [JavaFX Application Thread] Pausing main loop
04 Oct 2016, 21:39:59.422 [  FINER] [   FXGL.SystemLogger] [JavaFX Application Thread] Pausing main loop
04 Oct 2016, 21:39:59.422 [  FINER] [   FXGL.SystemLogger] [JavaFX Application Thread] Pausing main loop
04 Oct 2016, 21:39:59.423 [  FINER] [   FXGL.SystemLogger] [JavaFX Application Thread] Pausing main loop
04 Oct 2016, 21:39:59.423 [  FINER] [   FXGL.SystemLogger] [JavaFX Application Thread] Pausing main loop
04 Oct 2016, 21:39:59.423 [  FINER] [   FXGL.SystemLogger] [JavaFX Application Thread] Pausing main loop
04 Oct 2016, 21:39:59.424 [  FINER] [   FXGL.SystemLogger] [JavaFX Application Thread] Pausing main loop
04 Oct 2016, 21:39:59.425 [  FINER] [   FXGL.SystemLogger] [JavaFX Application Thread] Pausing main loop
04 Oct 2016, 21:39:59.425 [  FINER] [   FXGL.SystemLogger] [JavaFX Application Thread] Pausing main loop
04 Oct 2016, 21:39:59.425 [  FINER] [   FXGL.SystemLogger] [JavaFX Application Thread] Pausing main loop
04 Oct 2016, 21:39:59.425 [  FINER] [   FXGL.SystemLogger] [JavaFX Application Thread] Pausing main loop
04 Oct 2016, 21:39:59.426 [  FINER] [   FXGL.SystemLogger] [JavaFX Application Thread] Pausing main loop
04 Oct 2016, 21:39:59.427 [  FINER] [   FXGL.SystemLogger] [JavaFX Application Thread] Pausing main loop
04 Oct 2016, 21:39:59.428 [  FINER] [   FXGL.SystemLogger] [JavaFX Application Thread] Pausing main loop
04 Oct 2016, 21:39:59.428 [  FINER] [   FXGL.SystemLogger] [JavaFX Application Thread] Pausing main loop
04 Oct 2016, 21:39:59.429 [  FINER] [   FXGL.SystemLogger] [JavaFX Application Thread] Pausing main loop
04 Oct 2016, 21:39:59.429 [  FINER] [   FXGL.SystemLogger] [JavaFX Application Thread] Pausing main loop
04 Oct 2016, 21:39:59.429 [  FINER] [   FXGL.SystemLogger] [JavaFX Application Thread] Pausing main loop
04 Oct 2016, 21:39:59.430 [  FINER] [   FXGL.SystemLogger] [JavaFX Application Thread] Pausing main loop
04 Oct 2016, 21:39:59.430 [  FINER] [   FXGL.SystemLogger] [JavaFX Application Thread] Pausing main loop
04 Oct 2016, 21:39:59.430 [  FINER] [   FXGL.SystemLogger] [JavaFX Application Thread] Pausing main loop
04 Oct 2016, 21:39:59.431 [  FINER] [   FXGL.SystemLogger] [JavaFX Application Thread] Pausing main loop
04 Oct 2016, 21:39:59.431 [  FINER] [   FXGL.SystemLogger] [JavaFX Application Thread] Pausing main loop
04 Oct 2016, 21:39:59.431 [  FINER] [   FXGL.SystemLogger] [JavaFX Application Thread] Pausing main loop
04 Oct 2016, 21:39:59.431 [  FINER] [   FXGL.SystemLogger] [JavaFX Application Thread] Pausing main loop
04 Oct 2016, 21:39:59.432 [  FINER] [   FXGL.SystemLogger] [JavaFX Application Thread] Pausing main loop
04 Oct 2016, 21:39:59.432 [  FINER] [   FXGL.SystemLogger] [JavaFX Application Thread] Pausing main loop
04 Oct 2016, 21:39:59.432 [  FINER] [   FXGL.SystemLogger] [JavaFX Application Thread] Pausing main loop
04 Oct 2016, 21:39:59.432 [  FINER] [   FXGL.SystemLogger] [JavaFX Application Thread] Pausing main loop
04 Oct 2016, 21:39:59.433 [  FINER] [   FXGL.SystemLogger] [JavaFX Application Thread] Pausing main loop
04 Oct 2016, 21:39:59.433 [  FINER] [   FXGL.SystemLogger] [JavaFX Application Thread] Pausing main loop
04 Oct 2016, 21:39:59.433 [  FINER] [   FXGL.SystemLogger] [JavaFX Application Thread] Pausing main loop
04 Oct 2016, 21:39:59.434 [  FINER] [   FXGL.SystemLogger] [JavaFX Application Thread] Pausing main loop
04 Oct 2016, 21:39:59.434 [  FINER] [   FXGL.SystemLogger] [JavaFX Application Thread] Pausing main loop
04 Oct 2016, 21:39:59.434 [  FINER] [   FXGL.SystemLogger] [JavaFX Application Thread] Pausing main loop
04 Oct 2016, 21:39:59.434 [  FINER] [   FXGL.SystemLogger] [JavaFX Application Thread] Pausing main loop
04 Oct 2016, 21:39:59.435 [  FINER] [   FXGL.SystemLogger] [JavaFX Application Thread] Pausing main loop
04 Oct 2016, 21:39:59.435 [  FINER] [   FXGL.SystemLogger] [JavaFX Application Thread] Pausing main loop
04 Oct 2016, 21:39:59.435 [  FINER] [   FXGL.SystemLogger] [JavaFX Application Thread] Pausing main loop
04 Oct 2016, 21:39:59.436 [  FINER] [   FXGL.SystemLogger] [JavaFX Application Thread] Pausing main loop
04 Oct 2016, 21:39:59.436 [  FINER] [   FXGL.SystemLogger] [JavaFX Application Thread] Pausing main loop
04 Oct 2016, 21:39:59.436 [  FINER] [   FXGL.SystemLogger] [JavaFX Application Thread] Pausing main loop
04 Oct 2016, 21:39:59.436 [  FINER] [   FXGL.SystemLogger] [JavaFX Application Thread] Pausing main loop
04 Oct 2016, 21:39:59.437 [  FINER] [   FXGL.SystemLogger] [JavaFX Application Thread] Pausing main loop
04 Oct 2016, 21:39:59.437 [  FINER] [   FXGL.SystemLogger] [JavaFX Application Thread] Pausing main loop
04 Oct 2016, 21:39:59.437 [  FINER] [   FXGL.SystemLogger] [JavaFX Application Thread] Pausing main loop
04 Oct 2016, 21:39:59.437 [  FINER] [   FXGL.SystemLogger] [JavaFX Application Thread] Pausing main loop
04 Oct 2016, 21:39:59.438 [  FINER] [   FXGL.SystemLogger] [JavaFX Application Thread] Pausing main loop
04 Oct 2016, 21:39:59.438 [  FINER] [   FXGL.SystemLogger] [JavaFX Application Thread] Pausing main loop
04 Oct 2016, 21:39:59.438 [  FINER] [   FXGL.SystemLogger] [JavaFX Application Thread] Pausing main loop
04 Oct 2016, 21:39:59.439 [  FINER] [   FXGL.SystemLogger] [JavaFX Application Thread] Pausing main loop
04 Oct 2016, 21:39:59.439 [  FINER] [   FXGL.SystemLogger] [JavaFX Application Thread] Pausing main loop
04 Oct 2016, 21:39:59.439 [  FINER] [   FXGL.SystemLogger] [JavaFX Application Thread] Pausing main loop
04 Oct 2016, 21:39:59.439 [  FINER] [   FXGL.SystemLogger] [JavaFX Application Thread] Pausing main loop
04 Oct 2016, 21:39:59.439 [  FINER] [   FXGL.SystemLogger] [JavaFX Application Thread] Pausing main loop
04 Oct 2016, 21:39:59.439 [  FINER] [   FXGL.SystemLogger] [JavaFX Application Thread] Pausing main loop
04 Oct 2016, 21:39:59.439 [  FINER] [   FXGL.SystemLogger] [JavaFX Application Thread] Pausing main loop
04 Oct 2016, 21:39:59.440 [  FINER] [   FXGL.SystemLogger] [JavaFX Application Thread] Pausing main loop
04 Oct 2016, 21:39:59.440 [  FINER] [   FXGL.SystemLogger] [JavaFX Application Thread] Pausing main loop
04 Oct 2016, 21:39:59.440 [  FINER] [   FXGL.SystemLogger] [JavaFX Application Thread] Pausing main loop
04 Oct 2016, 21:39:59.440 [  FINER] [   FXGL.SystemLogger] [JavaFX Application Thread] Pausing main loop
04 Oct 2016, 21:39:59.440 [  FINER] [   FXGL.SystemLogger] [JavaFX Application Thread] Pausing main loop
04 Oct 2016, 21:39:59.440 [  FINER] [   FXGL.SystemLogger] [JavaFX Application Thread] Pausing main loop
04 Oct 2016, 21:39:59.440 [  FINER] [   FXGL.SystemLogger] [JavaFX Application Thread] Pausing main loop
04 Oct 2016, 21:39:59.440 [  FINER] [   FXGL.SystemLogger] [JavaFX Application Thread] Pausing main loop
04 Oct 2016, 21:39:59.441 [  FINER] [   FXGL.SystemLogger] [JavaFX Application Thread] Pausing main loop
04 Oct 2016, 21:39:59.441 [  FINER] [   FXGL.SystemLogger] [JavaFX Application Thread] Pausing main loop
04 Oct 2016, 21:39:59.441 [  FINER] [   FXGL.SystemLogger] [JavaFX Application Thread] Pausing main loop
04 Oct 2016, 21:39:59.441 [  FINER] [   FXGL.SystemLogger] [JavaFX Application Thread] Pausing main loop
04 Oct 2016, 21:39:59.441 [  FINER] [   FXGL.SystemLogger] [JavaFX Application Thread] Pausing main loop
04 Oct 2016, 21:39:59.441 [  FINER] [   FXGL.SystemLogger] [JavaFX Application Thread] Pausing main loop
04 Oct 2016, 21:39:59.441 [  FINER] [   FXGL.SystemLogger] [JavaFX Application Thread] Pausing main loop
04 Oct 2016, 21:39:59.441 [  FINER] [   FXGL.SystemLogger] [JavaFX Application Thread] Pausing main loop
04 Oct 2016, 21:39:59.442 [  FINER] [   FXGL.SystemLogger] [JavaFX Application Thread] Pausing main loop
04 Oct 2016, 21:39:59.442 [  FINER] [   FXGL.SystemLogger] [JavaFX Application Thread] Pausing main loop
04 Oct 2016, 21:39:59.442 [  FINER] [   FXGL.SystemLogger] [JavaFX Application Thread] Pausing main loop
04 Oct 2016, 21:39:59.442 [  FINER] [   FXGL.SystemLogger] [JavaFX Application Thread] Pausing main loop
04 Oct 2016, 21:39:59.442 [  FINER] [   FXGL.SystemLogger] [JavaFX Application Thread] Pausing main loop
04 Oct 2016, 21:39:59.442 [  FINER] [   FXGL.SystemLogger] [JavaFX Application Thread] Pausing main loop
04 Oct 2016, 21:39:59.442 [  FINER] [   FXGL.SystemLogger] [JavaFX Application Thread] Pausing main loop
04 Oct 2016, 21:39:59.442 [  FINER] [   FXGL.SystemLogger] [JavaFX Application Thread] Pausing main loop
04 Oct 2016, 21:39:59.443 [  FINER] [   FXGL.SystemLogger] [JavaFX Application Thread] Pausing main loop
04 Oct 2016, 21:39:59.443 [  FINER] [   FXGL.SystemLogger] [JavaFX Application Thread] Pausing main loop
04 Oct 2016, 21:39:59.443 [  FINER] [   FXGL.SystemLogger] [JavaFX Application Thread] Pausing main loop
04 Oct 2016, 21:39:59.443 [  FINER] [   FXGL.SystemLogger] [JavaFX Application Thread] Pausing main loop
04 Oct 2016, 21:39:59.443 [  FINER] [   FXGL.SystemLogger] [JavaFX Application Thread] Pausing main loop
04 Oct 2016, 21:39:59.443 [  FINER] [   FXGL.SystemLogger] [JavaFX Application Thread] Pausing main loop
04 Oct 2016, 21:39:59.443 [  FINER] [   FXGL.SystemLogger] [JavaFX Application Thread] Pausing main loop
04 Oct 2016, 21:39:59.444 [  FINER] [   FXGL.SystemLogger] [JavaFX Application Thread] Pausing main loop
04 Oct 2016, 21:39:59.444 [  FINER] [   FXGL.SystemLogger] [JavaFX Application Thread] Pausing main loop
04 Oct 2016, 21:39:59.444 [  FINER] [   FXGL.SystemLogger] [JavaFX Application Thread] Pausing main loop
04 Oct 2016, 21:39:59.444 [  FINER] [   FXGL.SystemLogger] [JavaFX Application Thread] Pausing main loop
04 Oct 2016, 21:39:59.444 [  FINER] [   FXGL.SystemLogger] [JavaFX Application Thread] Pausing main loop
04 Oct 2016, 21:39:59.444 [  FINER] [   FXGL.SystemLogger] [JavaFX Application Thread] Pausing main loop
04 Oct 2016, 21:39:59.444 [  FINER] [   FXGL.SystemLogger] [JavaFX Application Thread] Pausing main loop
04 Oct 2016, 21:39:59.444 [  FINER] [   FXGL.SystemLogger] [JavaFX Application Thread] Pausing main loop
04 Oct 2016, 21:39:59.445 [  FINER] [   FXGL.SystemLogger] [JavaFX Application Thread] Pausing main loop
04 Oct 2016, 21:39:59.445 [  FINER] [   FXGL.SystemLogger] [JavaFX Application Thread] Pausing main loop
04 Oct 2016, 21:39:59.445 [  FINER] [   FXGL.SystemLogger] [JavaFX Application Thread] Pausing main loop
04 Oct 2016, 21:39:59.445 [  FINER] [   FXGL.SystemLogger] [JavaFX Application Thread] Pausing main loop
04 Oct 2016, 21:39:59.445 [  FINER] [   FXGL.SystemLogger] [JavaFX Application Thread] Pausing main loop
04 Oct 2016, 21:39:59.445 [  FINER] [   FXGL.SystemLogger] [JavaFX Application Thread] Pausing main loop
04 Oct 2016, 21:39:59.445 [  FINER] [   FXGL.SystemLogger] [JavaFX Application Thread] Pausing main loop
04 Oct 2016, 21:39:59.445 [  FINER] [   FXGL.SystemLogger] [JavaFX Application Thread] Pausing main loop
04 Oct 2016, 21:39:59.446 [  FINER] [   FXGL.SystemLogger] [JavaFX Application Thread] Pausing main loop
04 Oct 2016, 21:39:59.446 [  FINER] [   FXGL.SystemLogger] [JavaFX Application Thread] Pausing main loop
04 Oct 2016, 21:39:59.446 [  FINER] [   FXGL.SystemLogger] [JavaFX Application Thread] Pausing main loop
04 Oct 2016, 21:39:59.446 [  FINER] [   FXGL.SystemLogger] [JavaFX Application Thread] Pausing main loop
04 Oct 2016, 21:39:59.446 [  FINER] [   FXGL.SystemLogger] [JavaFX Application Thread] Pausing main loop
04 Oct 2016, 21:39:59.446 [  FINER] [   FXGL.SystemLogger] [JavaFX Application Thread] Pausing main loop
04 Oct 2016, 21:39:59.446 [  FINER] [   FXGL.SystemLogger] [JavaFX Application Thread] Pausing main loop
04 Oct 2016, 21:39:59.446 [  FINER] [   FXGL.SystemLogger] [JavaFX Application Thread] Pausing main loop
04 Oct 2016, 21:39:59.447 [  FINER] [   FXGL.SystemLogger] [JavaFX Application Thread] Pausing main loop
04 Oct 2016, 21:39:59.447 [  FINER] [   FXGL.SystemLogger] [JavaFX Application Thread] Pausing main loop
04 Oct 2016, 21:39:59.447 [  FINER] [   FXGL.SystemLogger] [JavaFX Application Thread] Pausing main loop
04 Oct 2016, 21:39:59.447 [  FINER] [   FXGL.SystemLogger] [JavaFX Application Thread] Pausing main loop
04 Oct 2016, 21:39:59.447 [  FINER] [   FXGL.SystemLogger] [JavaFX Application Thread] Pausing main loop
04 Oct 2016, 21:39:59.447 [  FINER] [   FXGL.SystemLogger] [JavaFX Application Thread] Pausing main loop
04 Oct 2016, 21:39:59.447 [  FINER] [   FXGL.SystemLogger] [JavaFX Application Thread] Pausing main loop
04 Oct 2016, 21:39:59.447 [  FINER] [   FXGL.SystemLogger] [JavaFX Application Thread] Pausing main loop
04 Oct 2016, 21:39:59.448 [  FINER] [   FXGL.SystemLogger] [JavaFX Application Thread] Pausing main loop
04 Oct 2016, 21:39:59.448 [  FINER] [   FXGL.SystemLogger] [JavaFX Application Thread] Pausing main loop
04 Oct 2016, 21:39:59.448 [  FINER] [   FXGL.SystemLogger] [JavaFX Application Thread] Pausing main loop
04 Oct 2016, 21:39:59.448 [  FINER] [   FXGL.SystemLogger] [JavaFX Application Thread] Pausing main loop
04 Oct 2016, 21:39:59.448 [  FINER] [   FXGL.SystemLogger] [JavaFX Application Thread] Pausing main loop
04 Oct 2016, 21:39:59.449 [  FINER] [   FXGL.SystemLogger] [JavaFX Application Thread] Pausing main loop
04 Oct 2016, 21:39:59.449 [  FINER] [   FXGL.SystemLogger] [JavaFX Application Thread] Pausing main loop
04 Oct 2016, 21:39:59.449 [  FINER] [   FXGL.SystemLogger] [JavaFX Application Thread] Pausing main loop
04 Oct 2016, 21:39:59.449 [  FINER] [   FXGL.SystemLogger] [JavaFX Application Thread] Pausing main loop
04 Oct 2016, 21:39:59.450 [  FINER] [   FXGL.SystemLogger] [JavaFX Application Thread] Pausing main loop
04 Oct 2016, 21:39:59.450 [  FINER] [   FXGL.SystemLogger] [JavaFX Application Thread] Pausing main loop
04 Oct 2016, 21:39:59.450 [  FINER] [   FXGL.SystemLogger] [JavaFX Application Thread] Pausing main loop
04 Oct 2016, 21:39:59.450 [  FINER] [   FXGL.SystemLogger] [JavaFX Application Thread] Pausing main loop
04 Oct 2016, 21:39:59.450 [  FINER] [   FXGL.SystemLogger] [JavaFX Application Thread] Pausing main loop
04 Oct 2016, 21:39:59.450 [  FINER] [   FXGL.SystemLogger] [JavaFX Application Thread] Pausing main loop
04 Oct 2016, 21:39:59.451 [  FINER] [   FXGL.SystemLogger] [JavaFX Application Thread] Pausing main loop
04 Oct 2016, 21:39:59.451 [  FINER] [   FXGL.SystemLogger] [JavaFX Application Thread] Pausing main loop
04 Oct 2016, 21:39:59.451 [  FINER] [   FXGL.SystemLogger] [JavaFX Application Thread] Pausing main loop
04 Oct 2016, 21:39:59.451 [  FINER] [   FXGL.SystemLogger] [JavaFX Application Thread] Pausing main loop
04 Oct 2016, 21:39:59.452 [  FINER] [   FXGL.SystemLogger] [JavaFX Application Thread] Pausing main loop
04 Oct 2016, 21:39:59.452 [  FINER] [   FXGL.SystemLogger] [JavaFX Application Thread] Pausing main loop
04 Oct 2016, 21:39:59.452 [  FINER] [   FXGL.SystemLogger] [JavaFX Application Thread] Pausing main loop
04 Oct 2016, 21:39:59.452 [  FINER] [   FXGL.SystemLogger] [JavaFX Application Thread] Pausing main loop
04 Oct 2016, 21:39:59.452 [  FINER] [   FXGL.SystemLogger] [JavaFX Application Thread] Pausing main loop
04 Oct 2016, 21:39:59.453 [  FINER] [   FXGL.SystemLogger] [JavaFX Application Thread] Pausing main loop
04 Oct 2016, 21:39:59.453 [  FINER] [   FXGL.SystemLogger] [JavaFX Application Thread] Pausing main loop
04 Oct 2016, 21:39:59.453 [  FINER] [   FXGL.SystemLogger] [JavaFX Application Thread] Pausing main loop
04 Oct 2016, 21:39:59.453 [  FINER] [   FXGL.SystemLogger] [JavaFX Application Thread] Pausing main loop
04 Oct 2016, 21:39:59.453 [  FINER] [   FXGL.SystemLogger] [JavaFX Application Thread] Pausing main loop
04 Oct 2016, 21:39:59.453 [  FINER] [   FXGL.SystemLogger] [JavaFX Application Thread] Pausing main loop
04 Oct 2016, 21:39:59.453 [  FINER] [   FXGL.SystemLogger] [JavaFX Application Thread] Pausing main loop
04 Oct 2016, 21:39:59.454 [  FINER] [   FXGL.SystemLogger] [JavaFX Application Thread] Pausing main loop
04 Oct 2016, 21:39:59.454 [  FINER] [   FXGL.SystemLogger] [JavaFX Application Thread] Pausing main loop
04 Oct 2016, 21:39:59.454 [  FINER] [   FXGL.SystemLogger] [JavaFX Application Thread] Pausing main loop
04 Oct 2016, 21:39:59.454 [  FINER] [   FXGL.SystemLogger] [JavaFX Application Thread] Pausing main loop
04 Oct 2016, 21:39:59.454 [  FINER] [   FXGL.SystemLogger] [JavaFX Application Thread] Pausing main loop
04 Oct 2016, 21:39:59.454 [  FINER] [   FXGL.SystemLogger] [JavaFX Application Thread] Pausing main loop
04 Oct 2016, 21:39:59.454 [  FINER] [   FXGL.SystemLogger] [JavaFX Application Thread] Pausing main loop
04 Oct 2016, 21:39:59.455 [  FINER] [   FXGL.SystemLogger] [JavaFX Application Thread] Pausing main loop
04 Oct 2016, 21:39:59.455 [  FINER] [   FXGL.SystemLogger] [JavaFX Application Thread] Pausing main loop
04 Oct 2016, 21:39:59.455 [  FINER] [   FXGL.SystemLogger] [JavaFX Application Thread] Pausing main loop
04 Oct 2016, 21:39:59.455 [  FINER] [   FXGL.SystemLogger] [JavaFX Application Thread] Pausing main loop
04 Oct 2016, 21:39:59.455 [  FINER] [   FXGL.SystemLogger] [JavaFX Application Thread] Pausing main loop
04 Oct 2016, 21:39:59.456 [  FINER] [   FXGL.SystemLogger] [JavaFX Application Thread] Pausing main loop
04 Oct 2016, 21:39:59.456 [  FINER] [   FXGL.SystemLogger] [JavaFX Application Thread] Pausing main loop
04 Oct 2016, 21:39:59.457 [  FINER] [   FXGL.SystemLogger] [JavaFX Application Thread] Pausing main loop
04 Oct 2016, 21:39:59.457 [  FINER] [   FXGL.SystemLogger] [JavaFX Application Thread] Pausing main loop
04 Oct 2016, 21:39:59.457 [  FINER] [   FXGL.SystemLogger] [JavaFX Application Thread] Pausing main loop
04 Oct 2016, 21:39:59.458 [  FINER] [   FXGL.SystemLogger] [JavaFX Application Thread] Pausing main loop
04 Oct 2016, 21:39:59.458 [  FINER] [   FXGL.SystemLogger] [JavaFX Application Thread] Pausing main loop
04 Oct 2016, 21:39:59.458 [  FINER] [   FXGL.SystemLogger] [JavaFX Application Thread] Pausing main loop
04 Oct 2016, 21:39:59.458 [  FINER] [   FXGL.SystemLogger] [JavaFX Application Thread] Pausing main loop
04 Oct 2016, 21:39:59.459 [  FINER] [   FXGL.SystemLogger] [JavaFX Application Thread] Pausing main loop
04 Oct 2016, 21:39:59.459 [  FINER] [   FXGL.SystemLogger] [JavaFX Application Thread] Pausing main loop
04 Oct 2016, 21:39:59.459 [  FINER] [   FXGL.SystemLogger] [JavaFX Application Thread] Pausing main loop
04 Oct 2016, 21:39:59.463 [  FINER] [   FXGL.SystemLogger] [JavaFX Application Thread] Pausing main loop
04 Oct 2016, 21:39:59.463 [  FINER] [   FXGL.SystemLogger] [JavaFX Application Thread] Pausing main loop
04 Oct 2016, 21:39:59.464 [  FINER] [   FXGL.SystemLogger] [JavaFX Application Thread] Pausing main loop
04 Oct 2016, 21:39:59.464 [  FINER] [   FXGL.SystemLogger] [JavaFX Application Thread] Pausing main loop
04 Oct 2016, 21:39:59.465 [  FINER] [   FXGL.SystemLogger] [JavaFX Application Thread] Pausing main loop
04 Oct 2016, 21:39:59.465 [  FINER] [   FXGL.SystemLogger] [JavaFX Application Thread] Pausing main loop
04 Oct 2016, 21:39:59.465 [  FINER] [   FXGL.SystemLogger] [JavaFX Application Thread] Pausing main loop
04 Oct 2016, 21:39:59.466 [  FINER] [   FXGL.SystemLogger] [JavaFX Application Thread] Pausing main loop
04 Oct 2016, 21:39:59.467 [  FINER] [   FXGL.SystemLogger] [JavaFX Application Thread] Pausing main loop
04 Oct 2016, 21:39:59.468 [  FINER] [   FXGL.SystemLogger] [JavaFX Application Thread] Pausing main loop
04 Oct 2016, 21:39:59.468 [  FINER] [   FXGL.SystemLogger] [JavaFX Application Thread] Pausing main loop
04 Oct 2016, 21:39:59.469 [  FINER] [   FXGL.SystemLogger] [JavaFX Application Thread] Pausing main loop
04 Oct 2016, 21:39:59.469 [  FINER] [   FXGL.SystemLogger] [JavaFX Application Thread] Pausing main loop
04 Oct 2016, 21:39:59.470 [  FINER] [   FXGL.SystemLogger] [JavaFX Application Thread] Pausing main loop
04 Oct 2016, 21:39:59.470 [  FINER] [   FXGL.SystemLogger] [JavaFX Application Thread] Pausing main loop
04 Oct 2016, 21:39:59.471 [  FINER] [   FXGL.SystemLogger] [JavaFX Application Thread] Pausing main loop
04 Oct 2016, 21:39:59.472 [  FINER] [   FXGL.SystemLogger] [JavaFX Application Thread] Pausing main loop
04 Oct 2016, 21:39:59.473 [  FINER] [   FXGL.SystemLogger] [JavaFX Application Thread] Pausing main loop
04 Oct 2016, 21:39:59.473 [  FINER] [   FXGL.SystemLogger] [JavaFX Application Thread] Pausing main loop
04 Oct 2016, 21:39:59.474 [  FINER] [   FXGL.SystemLogger] [JavaFX Application Thread] Pausing main loop
04 Oct 2016, 21:39:59.474 [  FINER] [   FXGL.SystemLogger] [JavaFX Application Thread] Pausing main loop
04 Oct 2016, 21:39:59.475 [  FINER] [   FXGL.SystemLogger] [JavaFX Application Thread] Pausing main loop
04 Oct 2016, 21:39:59.475 [  FINER] [   FXGL.SystemLogger] [JavaFX Application Thread] Pausing main loop
04 Oct 2016, 21:39:59.476 [  FINER] [   FXGL.SystemLogger] [JavaFX Application Thread] Pausing main loop
04 Oct 2016, 21:39:59.476 [  FINER] [   FXGL.SystemLogger] [JavaFX Application Thread] Pausing main loop
04 Oct 2016, 21:39:59.477 [  FINER] [   FXGL.SystemLogger] [JavaFX Application Thread] Pausing main loop
04 Oct 2016, 21:39:59.478 [  FINER] [   FXGL.SystemLogger] [JavaFX Application Thread] Pausing main loop
04 Oct 2016, 21:39:59.478 [  FINER] [   FXGL.SystemLogger] [JavaFX Application Thread] Pausing main loop
04 Oct 2016, 21:39:59.478 [  FINER] [   FXGL.SystemLogger] [JavaFX Application Thread] Pausing main loop
04 Oct 2016, 21:39:59.478 [  FINER] [   FXGL.SystemLogger] [JavaFX Application Thread] Pausing main loop
04 Oct 2016, 21:39:59.478 [  FINER] [   FXGL.SystemLogger] [JavaFX Application Thread] Pausing main loop
04 Oct 2016, 21:39:59.479 [  FINER] [   FXGL.SystemLogger] [JavaFX Application Thread] Pausing main loop
04 Oct 2016, 21:39:59.479 [  FINER] [   FXGL.SystemLogger] [JavaFX Application Thread] Pausing main loop
04 Oct 2016, 21:39:59.479 [  FINER] [   FXGL.SystemLogger] [JavaFX Application Thread] Pausing main loop
04 Oct 2016, 21:39:59.479 [  FINER] [   FXGL.SystemLogger] [JavaFX Application Thread] Pausing main loop
04 Oct 2016, 21:39:59.479 [  FINER] [   FXGL.SystemLogger] [JavaFX Application Thread] Pausing main loop
04 Oct 2016, 21:39:59.480 [  FINER] [   FXGL.SystemLogger] [JavaFX Application Thread] Pausing main loop
04 Oct 2016, 21:39:59.480 [  FINER] [   FXGL.SystemLogger] [JavaFX Application Thread] Pausing main loop
04 Oct 2016, 21:39:59.480 [  FINER] [   FXGL.SystemLogger] [JavaFX Application Thread] Pausing main loop
04 Oct 2016, 21:39:59.480 [  FINER] [   FXGL.SystemLogger] [JavaFX Application Thread] Pausing main loop
04 Oct 2016, 21:39:59.481 [  FINER] [   FXGL.SystemLogger] [JavaFX Application Thread] Pausing main loop
04 Oct 2016, 21:39:59.481 [  FINER] [   FXGL.SystemLogger] [JavaFX Application Thread] Pausing main loop
04 Oct 2016, 21:39:59.481 [  FINER] [   FXGL.SystemLogger] [JavaFX Application Thread] Pausing main loop
04 Oct 2016, 21:39:59.481 [  FINER] [   FXGL.SystemLogger] [JavaFX Application Thread] Pausing main loop
04 Oct 2016, 21:39:59.481 [  FINER] [   FXGL.SystemLogger] [JavaFX Application Thread] Pausing main loop
04 Oct 2016, 21:39:59.482 [  FINER] [   FXGL.SystemLogger] [JavaFX Application Thread] Pausing main loop
04 Oct 2016, 21:39:59.482 [  FINER] [   FXGL.SystemLogger] [JavaFX Application Thread] Pausing main loop
04 Oct 2016, 21:39:59.482 [  FINER] [   FXGL.SystemLogger] [JavaFX Application Thread] Pausing main loop
04 Oct 2016, 21:39:59.482 [  FINER] [   FXGL.SystemLogger] [JavaFX Application Thread] Pausing main loop
04 Oct 2016, 21:39:59.482 [  FINER] [   FXGL.SystemLogger] [JavaFX Application Thread] Pausing main loop
04 Oct 2016, 21:39:59.483 [  FINER] [   FXGL.SystemLogger] [JavaFX Application Thread] Pausing main loop
04 Oct 2016, 21:39:59.483 [  FINER] [   FXGL.SystemLogger] [JavaFX Application Thread] Pausing main loop
04 Oct 2016, 21:39:59.483 [  FINER] [   FXGL.SystemLogger] [JavaFX Application Thread] Pausing main loop
04 Oct 2016, 21:39:59.483 [  FINER] [   FXGL.SystemLogger] [JavaFX Application Thread] Pausing main loop
04 Oct 2016, 21:39:59.484 [  FINER] [   FXGL.SystemLogger] [JavaFX Application Thread] Pausing main loop
04 Oct 2016, 21:39:59.484 [  FINER] [   FXGL.SystemLogger] [JavaFX Application Thread] Pausing main loop
04 Oct 2016, 21:39:59.484 [  FINER] [   FXGL.SystemLogger] [JavaFX Application Thread] Pausing main loop
04 Oct 2016, 21:39:59.484 [  FINER] [   FXGL.SystemLogger] [JavaFX Application Thread] Pausing main loop
04 Oct 2016, 21:39:59.484 [  FINER] [   FXGL.SystemLogger] [JavaFX Application Thread] Pausing main loop
04 Oct 2016, 21:39:59.485 [  FINER] [   FXGL.SystemLogger] [JavaFX Application Thread] Pausing main loop
04 Oct 2016, 21:39:59.485 [  FINER] [   FXGL.SystemLogger] [JavaFX Application Thread] Pausing main loop
04 Oct 2016, 21:39:59.485 [  FINER] [   FXGL.SystemLogger] [JavaFX Application Thread] Pausing main loop
04 Oct 2016, 21:39:59.485 [  FINER] [   FXGL.SystemLogger] [JavaFX Application Thread] Pausing main loop
04 Oct 2016, 21:39:59.486 [  FINER] [   FXGL.SystemLogger] [JavaFX Application Thread] Pausing main loop
04 Oct 2016, 21:39:59.486 [  FINER] [   FXGL.SystemLogger] [JavaFX Application Thread] Pausing main loop
04 Oct 2016, 21:39:59.486 [  FINER] [   FXGL.SystemLogger] [JavaFX Application Thread] Pausing main loop
04 Oct 2016, 21:39:59.486 [  FINER] [   FXGL.SystemLogger] [JavaFX Application Thread] Pausing main loop
04 Oct 2016, 21:39:59.487 [  FINER] [   FXGL.SystemLogger] [JavaFX Application Thread] Pausing main loop
04 Oct 2016, 21:39:59.487 [  FINER] [   FXGL.SystemLogger] [JavaFX Application Thread] Pausing main loop
04 Oct 2016, 21:39:59.487 [  FINER] [   FXGL.SystemLogger] [JavaFX Application Thread] Pausing main loop
04 Oct 2016, 21:39:59.487 [  FINER] [   FXGL.SystemLogger] [JavaFX Application Thread] Pausing main loop
04 Oct 2016, 21:39:59.487 [  FINER] [   FXGL.SystemLogger] [JavaFX Application Thread] Pausing main loop
04 Oct 2016, 21:39:59.488 [  FINER] [   FXGL.SystemLogger] [JavaFX Application Thread] Pausing main loop
04 Oct 2016, 21:39:59.488 [  FINER] [   FXGL.SystemLogger] [JavaFX Application Thread] Pausing main loop
04 Oct 2016, 21:39:59.488 [  FINER] [   FXGL.SystemLogger] [JavaFX Application Thread] Pausing main loop
04 Oct 2016, 21:39:59.488 [  FINER] [   FXGL.SystemLogger] [JavaFX Application Thread] Pausing main loop
04 Oct 2016, 21:39:59.489 [  FINER] [   FXGL.SystemLogger] [JavaFX Application Thread] Pausing main loop
04 Oct 2016, 21:39:59.489 [  FINER] [   FXGL.SystemLogger] [JavaFX Application Thread] Pausing main loop
04 Oct 2016, 21:39:59.489 [  FINER] [   FXGL.SystemLogger] [JavaFX Application Thread] Pausing main loop
04 Oct 2016, 21:39:59.489 [  FINER] [   FXGL.SystemLogger] [JavaFX Application Thread] Pausing main loop
04 Oct 2016, 21:39:59.490 [  FINER] [   FXGL.SystemLogger] [JavaFX Application Thread] Pausing main loop
04 Oct 2016, 21:39:59.490 [  FINER] [   FXGL.SystemLogger] [JavaFX Application Thread] Pausing main loop
04 Oct 2016, 21:40:00.550 [  FINER] [   FXGL.SystemLogger] [JavaFX Application Thread] Pausing main loop
04 Oct 2016, 21:40:02.359 [  FINER] [   FXGL.SystemLogger] [JavaFX Application Thread] Resuming main loop
04 Oct 2016, 21:40:02.359 [  FINER] [   FXGL.SystemLogger] [JavaFX Application Thread] Exiting Normally
04 Oct 2016, 21:40:02.360 [   INFO] [   FXGL.SystemLogger] [JavaFX Application Thread] Processed Frames: 812
04 Oct 2016, 21:40:02.360 [   INFO] [   FXGL.SystemLogger] [JavaFX Application Thread] Average FPS: 59.79679802955665
04 Oct 2016, 21:40:02.360 [   INFO] [   FXGL.SystemLogger] [JavaFX Application Thread] Average Performance: 2836.5665024630543
04 Oct 2016, 21:40:02.360 [   INFO] [   FXGL.SystemLogger] [JavaFX Application Thread] Average Memory Usage: 36.045650482177734 MB
04 Oct 2016, 21:40:02.360 [   INFO] [   FXGL.SystemLogger] [JavaFX Application Thread] Min Memory Usage: 15.330055236816406 MB
04 Oct 2016, 21:40:02.360 [   INFO] [   FXGL.SystemLogger] [JavaFX Application Thread] Max Memory Usage: 60.95867919921875 MB
04 Oct 2016, 21:40:02.360 [   INFO] [   FXGL.SystemLogger] [JavaFX Application Thread] Estimated GC runs: 2
04 Oct 2016, 21:40:02.371 [  FINER] [   FXGL.SystemLogger] [JavaFX Application Thread] Exiting FXGL
04 Oct 2016, 21:40:02.371 [  FINER] [   FXGL.SystemLogger] [JavaFX Application Thread] Logger is closing
